2019-05-09 16:30:07 [127.0.0.1][-][-][error][yii\base\ErrorException:256] yii\base\ErrorException: Exception (Invalid Configuration) 'yii\base\InvalidConfigException' with message 'The directory does not exist: static/assets' 

in E:\git\admin-lte\yii2-advanced\vendor\yiisoft\yii2\web\AssetManager.php:211

Stack trace:
#0 E:\git\admin-lte\yii2-advanced\vendor\yiisoft\yii2\base\Object.php(107): yii\web\AssetManager->init()
#1 [internal function]: yii\base\Object->__construct(Array)
#2 E:\git\admin-lte\yii2-advanced\vendor\yiisoft\yii2\di\Container.php(374): ReflectionClass->newInstanceArgs(Array)
#3 E:\git\admin-lte\yii2-advanced\vendor\yiisoft\yii2\di\Container.php(153): yii\di\Container->build('yii\\web\\AssetMa...', Array, Array)
#4 E:\git\admin-lte\yii2-advanced\vendor\yiisoft\yii2\BaseYii.php(344): yii\di\Container->get('yii\\web\\AssetMa...', Array, Array)
#5 E:\git\admin-lte\yii2-advanced\vendor\yiisoft\yii2\di\ServiceLocator.php(133): yii\BaseYii::createObject(Array)
#6 E:\git\admin-lte\yii2-advanced\vendor\yiisoft\yii2\base\Application.php(600): yii\di\ServiceLocator->get('assetManager')
#7 E:\git\admin-lte\yii2-advanced\vendor\yiisoft\yii2\web\View.php(223): yii\base\Application->getAssetManager()
#8 E:\git\admin-lte\yii2-advanced\vendor\yiisoft\yii2\web\View.php(283): yii\web\View->getAssetManager()
#9 E:\git\admin-lte\yii2-advanced\vendor\yiisoft\yii2\web\AssetBundle.php(123): yii\web\View->registerAssetBundle('yii\\validators\\...')
#10 E:\git\admin-lte\yii2-advanced\vendor\yiisoft\yii2\validators\RequiredValidator.php(108): yii\web\AssetBundle::register(Object(yii\web\View))
#11 E:\git\admin-lte\yii2-advanced\vendor\yiisoft\yii2\widgets\ActiveField.php(711): yii\validators\RequiredValidator->clientValidateAttribute(Object(app\models\LoginForm), 'userName', Object(yii\web\View))
#12 E:\git\admin-lte\yii2-advanced\vendor\yiisoft\yii2\widgets\ActiveField.php(216): yii\widgets\ActiveField->getClientOptions()
#13 E:\git\admin-lte\yii2-advanced\vendor\yiisoft\yii2\widgets\ActiveField.php(206): yii\widgets\ActiveField->begin()
#14 E:\git\admin-lte\yii2-advanced\vendor\yiisoft\yii2-bootstrap\ActiveField.php(187): yii\widgets\ActiveField->render('<input type="te...')
#15 E:\git\admin-lte\yii2-advanced\vendor\yiisoft\yii2\widgets\ActiveField.php(162): yii\bootstrap\ActiveField->render()
#16 E:\git\admin-lte\api\views\site\login.php(51): yii\widgets\ActiveField->__toString()
#17 E:\git\admin-lte\yii2-advanced\vendor\yiisoft\yii2\base\View.php(325): require('E:\\git\\admin-lt...')
#18 E:\git\admin-lte\yii2-advanced\vendor\yiisoft\yii2\base\View.php(247): yii\base\View->renderPhpFile('E:\\git\\admin-lt...', Array)
#19 E:\git\admin-lte\yii2-advanced\vendor\yiisoft\yii2\base\View.php(149): yii\base\View->renderFile('E:\\git\\admin-lt...', Array, Object(app\controllers\SiteController))
#20 E:\git\admin-lte\yii2-advanced\vendor\yiisoft\yii2\base\Controller.php(378): yii\base\View->render('login', Array, Object(app\controllers\SiteController))
#21 E:\git\admin-lte\api\controllers\SiteController.php(81): yii\base\Controller->render('login', Array)
#22 [internal function]: app\controllers\SiteController->actionLogin()
#23 E:\git\admin-lte\yii2-advanced\vendor\yiisoft\yii2\base\InlineAction.php(55): call_user_func_array(Array, Array)
#24 E:\git\admin-lte\yii2-advanced\vendor\yiisoft\yii2\base\Controller.php(154): yii\base\InlineAction->runWithParams(Array)
#25 E:\git\admin-lte\yii2-advanced\vendor\yiisoft\yii2\base\Module.php(454): yii\base\Controller->runAction('login', Array)
#26 E:\git\admin-lte\yii2-advanced\vendor\yiisoft\yii2\web\Application.php(84): yii\base\Module->runAction('', Array)
#27 E:\git\admin-lte\yii2-advanced\vendor\yiisoft\yii2\base\Application.php(375): yii\web\Application->handleRequest(Object(yii\web\Request))
#28 E:\git\admin-lte\api\web\index.php(12): yii\base\Application->run()
#29 {main} in E:\git\admin-lte\yii2-advanced\vendor\yiisoft\yii2\base\ErrorHandler.php:299
Stack trace:
#0 E:\git\admin-lte\yii2-advanced\vendor\yiisoft\yii2\widgets\ActiveField.php(164): yii\base\ErrorHandler::convertExceptionToError()
#1 E:\git\admin-lte\api\views\site\login.php(51): yii\bootstrap\ActiveField->__toString()
#2 E:\git\admin-lte\yii2-advanced\vendor\yiisoft\yii2\base\View.php(325): yii\web\View->unknown()
#3 E:\git\admin-lte\yii2-advanced\vendor\yiisoft\yii2\base\View.php(247): yii\web\View->renderPhpFile()
#4 E:\git\admin-lte\yii2-advanced\vendor\yiisoft\yii2\base\View.php(149): yii\web\View->renderFile()
#5 E:\git\admin-lte\yii2-advanced\vendor\yiisoft\yii2\base\Controller.php(378): yii\web\View->render()
#6 E:\git\admin-lte\api\controllers\SiteController.php(81): app\controllers\SiteController->render()
#7 E:\git\admin-lte\yii2-advanced\vendor\yiisoft\yii2\base\InlineAction.php(55): app\controllers\SiteController->actionLogin()
#8 E:\git\admin-lte\yii2-advanced\vendor\yiisoft\yii2\base\InlineAction.php(55): ::call_user_func_array:{E:\git\admin-lte\yii2-advanced\vendor\yiisoft\yii2\base\InlineAction.php:55}()
#9 E:\git\admin-lte\yii2-advanced\vendor\yiisoft\yii2\base\Controller.php(154): yii\base\InlineAction->runWithParams()
#10 E:\git\admin-lte\yii2-advanced\vendor\yiisoft\yii2\base\Module.php(454): app\controllers\SiteController->runAction()
#11 E:\git\admin-lte\yii2-advanced\vendor\yiisoft\yii2\web\Application.php(84): yii\web\Application->runAction()
#12 E:\git\admin-lte\yii2-advanced\vendor\yiisoft\yii2\base\Application.php(375): yii\web\Application->handleRequest()
#13 E:\git\admin-lte\api\web\index.php(12): yii\web\Application->run()
#14 {main}
    in E:\git\admin-lte\api\views\site\login.php:51
    in E:\git\admin-lte\api\controllers\SiteController.php:81
2019-05-09 16:30:07 [127.0.0.1][-][-][info][application] $_SERVER = [
    'MIBDIRS' => 'C:/xampp/php/extras/mibs'
    'MYSQL_HOME' => '\\xampp\\mysql\\bin'
    'OPENSSL_CONF' => 'C:/xampp/apache/bin/openssl.cnf'
    'PHP_PEAR_SYSCONF_DIR' => '\\xampp\\php'
    'PHPRC' => '\\xampp\\php'
    'TMP' => '\\xampp\\tmp'
    'HTTP_HOST' => 'www.base.com'
    'HTTP_CONNECTION' => 'keep-alive'
    'HTTP_UPGRADE_INSECURE_REQUESTS' => '1'
    'HTTP_USER_AGENT' => 'Mozilla/5.0 (Windows NT 10.0; Win64; x64) AppleWebKit/537.36 (KHTML, like Gecko) Chrome/74.0.3729.131 Safari/537.36'
    'HTTP_ACCEPT' => 'text/html,application/xhtml+xml,application/xml;q=0.9,image/webp,image/apng,*/*;q=0.8,application/signed-exchange;v=b3'
    'HTTP_REFERER' => 'http://www.base.com/api/'
    'HTTP_ACCEPT_ENCODING' => 'gzip, deflate'
    'HTTP_ACCEPT_LANGUAGE' => 'zh-CN,zh;q=0.9,en;q=0.8'
    'PATH' => 'C:\\ProgramData\\Oracle\\Java\\javapath;C:\\ProgramData\\Anaconda3;C:\\ProgramData\\Anaconda3\\Library\\mingw-w64\\bin;C:\\ProgramData\\Anaconda3\\Library\\usr\\bin;C:\\ProgramData\\Anaconda3\\Library\\bin;C:\\ProgramData\\Anaconda3\\Scripts;C:\\windows\\system32;C:\\windows;C:\\windows\\System32\\Wbem;C:\\windows\\System32\\WindowsPowerShell\\v1.0\\;C:\\Program Files\\TortoiseSVN\\bin;C:\\xampp\\php;C:\\xampp\\PHP_CodeSniffer-master\\bin;C:\\Users\\John\\AppData\\Local\\Google\\Chrome\\Application;C:\\Program Files\\Java\\jdk1.8.0_131\\bin;C:\\Program Files\\Java\\jdk1.8.0_131\\jre\\bin;C:\\Program Files\\gradle-4.8\\bin;;C:\\Program Files (x86)\\NVIDIA Corporation\\PhysX\\Common;C:\\Windows\\system32\\config\\systemprofile\\AppData\\Local\\Microsoft\\WindowsApps'
    'SystemRoot' => 'C:\\Windows'
    'COMSPEC' => 'C:\\Windows\\system32\\cmd.exe'
    'PATHEXT' => '.COM;.EXE;.BAT;.CMD;.VBS;.VBE;.JS;.JSE;.WSF;.WSH;.MSC'
    'WINDIR' => 'C:\\Windows'
    'SERVER_SIGNATURE' => '<address>Apache/2.4.27 (Win32) OpenSSL/1.0.2l PHP/7.1.8 Server at www.base.com Port 80</address>
'
    'SERVER_SOFTWARE' => 'Apache/2.4.27 (Win32) OpenSSL/1.0.2l PHP/7.1.8'
    'SERVER_NAME' => 'www.base.com'
    'SERVER_ADDR' => '127.0.0.1'
    'SERVER_PORT' => '80'
    'REMOTE_ADDR' => '127.0.0.1'
    'DOCUMENT_ROOT' => 'E:/git/admin-lte'
    'REQUEST_SCHEME' => 'http'
    'CONTEXT_PREFIX' => ''
    'CONTEXT_DOCUMENT_ROOT' => 'E:/git/admin-lte'
    'SERVER_ADMIN' => 'postmaster@localhost'
    'SCRIPT_FILENAME' => 'E:/git/admin-lte/api/web/index.php'
    'REMOTE_PORT' => '55245'
    'GATEWAY_INTERFACE' => 'CGI/1.1'
    'SERVER_PROTOCOL' => 'HTTP/1.1'
    'REQUEST_METHOD' => 'GET'
    'QUERY_STRING' => ''
    'REQUEST_URI' => '/api/web/'
    'SCRIPT_NAME' => '/api/web/index.php'
    'PHP_SELF' => '/api/web/index.php'
    'REQUEST_TIME_FLOAT' => 1557412207
    'REQUEST_TIME' => 1557412207
]
2019-05-09 16:37:46 [127.0.0.1][-][-][error][ReflectionException] ReflectionException: Class app\modules\v1\Module does not exist in E:\git\admin-lte\yii2-advanced\vendor\yiisoft\yii2\di\Container.php:417
Stack trace:
#0 E:\git\admin-lte\yii2-advanced\vendor\yiisoft\yii2\di\Container.php(417): ReflectionClass->__construct('app\\modules\\v1\\...')
#1 E:\git\admin-lte\yii2-advanced\vendor\yiisoft\yii2\di\Container.php(360): yii\di\Container->getDependencies('app\\modules\\v1\\...')
#2 E:\git\admin-lte\yii2-advanced\vendor\yiisoft\yii2\di\Container.php(153): yii\di\Container->build('app\\modules\\v1\\...', Array, Array)
#3 E:\git\admin-lte\yii2-advanced\vendor\yiisoft\yii2\BaseYii.php(344): yii\di\Container->get('app\\modules\\v1\\...', Array, Array)
#4 E:\git\admin-lte\yii2-advanced\vendor\yiisoft\yii2\base\Module.php(353): yii\BaseYii::createObject(Array, Array)
#5 E:\git\admin-lte\yii2-advanced\vendor\yiisoft\yii2\base\Module.php(510): yii\base\Module->getModule('v1')
#6 E:\git\admin-lte\yii2-advanced\vendor\yiisoft\yii2\base\Module.php(448): yii\base\Module->createController('site/index')
#7 E:\git\admin-lte\yii2-advanced\vendor\yiisoft\yii2\web\Application.php(84): yii\base\Module->runAction('v1/site/index', Array)
#8 E:\git\admin-lte\yii2-advanced\vendor\yiisoft\yii2\base\Application.php(375): yii\web\Application->handleRequest(Object(yii\web\Request))
#9 E:\git\admin-lte\api\web\index.php(12): yii\base\Application->run()
#10 {main}
2019-05-09 16:37:46 [127.0.0.1][-][-][info][application] $_GET = [
    'r' => 'v1/site/index'
]

$_COOKIE = [
    'PHPSESSID' => 'rs27rkogtj3c6m6tpplr70h39s'
    '_csrf' => '16104ae2444c46af419ca2663be3a3b68ba8b6d89ba2bab0f9588f4c78951743a:2:{i:0;s:5:\"_csrf\";i:1;s:32:\"_lOUu0dSqGtMGECLyeQcUarRv1ZJmco5\";}'
]

$_SERVER = [
    'MIBDIRS' => 'C:/xampp/php/extras/mibs'
    'MYSQL_HOME' => '\\xampp\\mysql\\bin'
    'OPENSSL_CONF' => 'C:/xampp/apache/bin/openssl.cnf'
    'PHP_PEAR_SYSCONF_DIR' => '\\xampp\\php'
    'PHPRC' => '\\xampp\\php'
    'TMP' => '\\xampp\\tmp'
    'HTTP_HOST' => 'www.base.com'
    'HTTP_CONNECTION' => 'keep-alive'
    'HTTP_UPGRADE_INSECURE_REQUESTS' => '1'
    'HTTP_USER_AGENT' => 'Mozilla/5.0 (Windows NT 10.0; Win64; x64) AppleWebKit/537.36 (KHTML, like Gecko) Chrome/74.0.3729.131 Safari/537.36'
    'HTTP_ACCEPT' => 'text/html,application/xhtml+xml,application/xml;q=0.9,image/webp,image/apng,*/*;q=0.8,application/signed-exchange;v=b3'
    'HTTP_ACCEPT_ENCODING' => 'gzip, deflate'
    'HTTP_ACCEPT_LANGUAGE' => 'zh-CN,zh;q=0.9,en;q=0.8'
    'HTTP_COOKIE' => 'PHPSESSID=rs27rkogtj3c6m6tpplr70h39s; _csrf=16104ae2444c46af419ca2663be3a3b68ba8b6d89ba2bab0f9588f4c78951743a%3A2%3A%7Bi%3A0%3Bs%3A5%3A%22_csrf%22%3Bi%3A1%3Bs%3A32%3A%22_lOUu0dSqGtMGECLyeQcUarRv1ZJmco5%22%3B%7D'
    'PATH' => 'C:\\ProgramData\\Oracle\\Java\\javapath;C:\\ProgramData\\Anaconda3;C:\\ProgramData\\Anaconda3\\Library\\mingw-w64\\bin;C:\\ProgramData\\Anaconda3\\Library\\usr\\bin;C:\\ProgramData\\Anaconda3\\Library\\bin;C:\\ProgramData\\Anaconda3\\Scripts;C:\\windows\\system32;C:\\windows;C:\\windows\\System32\\Wbem;C:\\windows\\System32\\WindowsPowerShell\\v1.0\\;C:\\Program Files\\TortoiseSVN\\bin;C:\\xampp\\php;C:\\xampp\\PHP_CodeSniffer-master\\bin;C:\\Users\\John\\AppData\\Local\\Google\\Chrome\\Application;C:\\Program Files\\Java\\jdk1.8.0_131\\bin;C:\\Program Files\\Java\\jdk1.8.0_131\\jre\\bin;C:\\Program Files\\gradle-4.8\\bin;;C:\\Program Files (x86)\\NVIDIA Corporation\\PhysX\\Common;C:\\Windows\\system32\\config\\systemprofile\\AppData\\Local\\Microsoft\\WindowsApps'
    'SystemRoot' => 'C:\\Windows'
    'COMSPEC' => 'C:\\Windows\\system32\\cmd.exe'
    'PATHEXT' => '.COM;.EXE;.BAT;.CMD;.VBS;.VBE;.JS;.JSE;.WSF;.WSH;.MSC'
    'WINDIR' => 'C:\\Windows'
    'SERVER_SIGNATURE' => '<address>Apache/2.4.27 (Win32) OpenSSL/1.0.2l PHP/7.1.8 Server at www.base.com Port 80</address>
'
    'SERVER_SOFTWARE' => 'Apache/2.4.27 (Win32) OpenSSL/1.0.2l PHP/7.1.8'
    'SERVER_NAME' => 'www.base.com'
    'SERVER_ADDR' => '127.0.0.1'
    'SERVER_PORT' => '80'
    'REMOTE_ADDR' => '127.0.0.1'
    'DOCUMENT_ROOT' => 'E:/git/admin-lte'
    'REQUEST_SCHEME' => 'http'
    'CONTEXT_PREFIX' => ''
    'CONTEXT_DOCUMENT_ROOT' => 'E:/git/admin-lte'
    'SERVER_ADMIN' => 'postmaster@localhost'
    'SCRIPT_FILENAME' => 'E:/git/admin-lte/api/web/index.php'
    'REMOTE_PORT' => '55374'
    'GATEWAY_INTERFACE' => 'CGI/1.1'
    'SERVER_PROTOCOL' => 'HTTP/1.1'
    'REQUEST_METHOD' => 'GET'
    'QUERY_STRING' => 'r=v1/site/index'
    'REQUEST_URI' => '/api/web/index.php?r=v1/site/index'
    'SCRIPT_NAME' => '/api/web/index.php'
    'PHP_SELF' => '/api/web/index.php'
    'REQUEST_TIME_FLOAT' => 1557412666.833
    'REQUEST_TIME' => 1557412666
]
2019-05-09 16:39:12 [127.0.0.1][-][-][error][ReflectionException] ReflectionException: Class app\modules\v1\Module does not exist in E:\git\admin-lte\yii2-advanced\vendor\yiisoft\yii2\di\Container.php:417
Stack trace:
#0 E:\git\admin-lte\yii2-advanced\vendor\yiisoft\yii2\di\Container.php(417): ReflectionClass->__construct('app\\modules\\v1\\...')
#1 E:\git\admin-lte\yii2-advanced\vendor\yiisoft\yii2\di\Container.php(360): yii\di\Container->getDependencies('app\\modules\\v1\\...')
#2 E:\git\admin-lte\yii2-advanced\vendor\yiisoft\yii2\di\Container.php(153): yii\di\Container->build('app\\modules\\v1\\...', Array, Array)
#3 E:\git\admin-lte\yii2-advanced\vendor\yiisoft\yii2\BaseYii.php(344): yii\di\Container->get('app\\modules\\v1\\...', Array, Array)
#4 E:\git\admin-lte\yii2-advanced\vendor\yiisoft\yii2\base\Module.php(353): yii\BaseYii::createObject(Array, Array)
#5 E:\git\admin-lte\yii2-advanced\vendor\yiisoft\yii2\base\Module.php(510): yii\base\Module->getModule('v1')
#6 E:\git\admin-lte\yii2-advanced\vendor\yiisoft\yii2\base\Module.php(448): yii\base\Module->createController('site/index')
#7 E:\git\admin-lte\yii2-advanced\vendor\yiisoft\yii2\web\Application.php(84): yii\base\Module->runAction('v1/site/index', Array)
#8 E:\git\admin-lte\yii2-advanced\vendor\yiisoft\yii2\base\Application.php(375): yii\web\Application->handleRequest(Object(yii\web\Request))
#9 E:\git\admin-lte\api\web\index.php(12): yii\base\Application->run()
#10 {main}
2019-05-09 16:39:12 [127.0.0.1][-][-][info][application] $_GET = [
    'r' => 'v1/site/index'
]

$_COOKIE = [
    'PHPSESSID' => 'rs27rkogtj3c6m6tpplr70h39s'
    '_csrf' => '16104ae2444c46af419ca2663be3a3b68ba8b6d89ba2bab0f9588f4c78951743a:2:{i:0;s:5:\"_csrf\";i:1;s:32:\"_lOUu0dSqGtMGECLyeQcUarRv1ZJmco5\";}'
]

$_SERVER = [
    'MIBDIRS' => 'C:/xampp/php/extras/mibs'
    'MYSQL_HOME' => '\\xampp\\mysql\\bin'
    'OPENSSL_CONF' => 'C:/xampp/apache/bin/openssl.cnf'
    'PHP_PEAR_SYSCONF_DIR' => '\\xampp\\php'
    'PHPRC' => '\\xampp\\php'
    'TMP' => '\\xampp\\tmp'
    'HTTP_HOST' => 'www.base.com'
    'HTTP_CONNECTION' => 'keep-alive'
    'HTTP_CACHE_CONTROL' => 'max-age=0'
    'HTTP_UPGRADE_INSECURE_REQUESTS' => '1'
    'HTTP_USER_AGENT' => 'Mozilla/5.0 (Windows NT 10.0; Win64; x64) AppleWebKit/537.36 (KHTML, like Gecko) Chrome/74.0.3729.131 Safari/537.36'
    'HTTP_ACCEPT' => 'text/html,application/xhtml+xml,application/xml;q=0.9,image/webp,image/apng,*/*;q=0.8,application/signed-exchange;v=b3'
    'HTTP_ACCEPT_ENCODING' => 'gzip, deflate'
    'HTTP_ACCEPT_LANGUAGE' => 'zh-CN,zh;q=0.9,en;q=0.8'
    'HTTP_COOKIE' => 'PHPSESSID=rs27rkogtj3c6m6tpplr70h39s; _csrf=16104ae2444c46af419ca2663be3a3b68ba8b6d89ba2bab0f9588f4c78951743a%3A2%3A%7Bi%3A0%3Bs%3A5%3A%22_csrf%22%3Bi%3A1%3Bs%3A32%3A%22_lOUu0dSqGtMGECLyeQcUarRv1ZJmco5%22%3B%7D'
    'PATH' => 'C:\\ProgramData\\Oracle\\Java\\javapath;C:\\ProgramData\\Anaconda3;C:\\ProgramData\\Anaconda3\\Library\\mingw-w64\\bin;C:\\ProgramData\\Anaconda3\\Library\\usr\\bin;C:\\ProgramData\\Anaconda3\\Library\\bin;C:\\ProgramData\\Anaconda3\\Scripts;C:\\windows\\system32;C:\\windows;C:\\windows\\System32\\Wbem;C:\\windows\\System32\\WindowsPowerShell\\v1.0\\;C:\\Program Files\\TortoiseSVN\\bin;C:\\xampp\\php;C:\\xampp\\PHP_CodeSniffer-master\\bin;C:\\Users\\John\\AppData\\Local\\Google\\Chrome\\Application;C:\\Program Files\\Java\\jdk1.8.0_131\\bin;C:\\Program Files\\Java\\jdk1.8.0_131\\jre\\bin;C:\\Program Files\\gradle-4.8\\bin;;C:\\Program Files (x86)\\NVIDIA Corporation\\PhysX\\Common;C:\\Windows\\system32\\config\\systemprofile\\AppData\\Local\\Microsoft\\WindowsApps'
    'SystemRoot' => 'C:\\Windows'
    'COMSPEC' => 'C:\\Windows\\system32\\cmd.exe'
    'PATHEXT' => '.COM;.EXE;.BAT;.CMD;.VBS;.VBE;.JS;.JSE;.WSF;.WSH;.MSC'
    'WINDIR' => 'C:\\Windows'
    'SERVER_SIGNATURE' => '<address>Apache/2.4.27 (Win32) OpenSSL/1.0.2l PHP/7.1.8 Server at www.base.com Port 80</address>
'
    'SERVER_SOFTWARE' => 'Apache/2.4.27 (Win32) OpenSSL/1.0.2l PHP/7.1.8'
    'SERVER_NAME' => 'www.base.com'
    'SERVER_ADDR' => '127.0.0.1'
    'SERVER_PORT' => '80'
    'REMOTE_ADDR' => '127.0.0.1'
    'DOCUMENT_ROOT' => 'E:/git/admin-lte'
    'REQUEST_SCHEME' => 'http'
    'CONTEXT_PREFIX' => ''
    'CONTEXT_DOCUMENT_ROOT' => 'E:/git/admin-lte'
    'SERVER_ADMIN' => 'postmaster@localhost'
    'SCRIPT_FILENAME' => 'E:/git/admin-lte/api/web/index.php'
    'REMOTE_PORT' => '55398'
    'GATEWAY_INTERFACE' => 'CGI/1.1'
    'SERVER_PROTOCOL' => 'HTTP/1.1'
    'REQUEST_METHOD' => 'GET'
    'QUERY_STRING' => 'r=v1/site/index'
    'REQUEST_URI' => '/api/web/index.php?r=v1/site/index'
    'SCRIPT_NAME' => '/api/web/index.php'
    'PHP_SELF' => '/api/web/index.php'
    'REQUEST_TIME_FLOAT' => 1557412752.385
    'REQUEST_TIME' => 1557412752
]
2019-05-09 16:41:38 [127.0.0.1][-][-][error][ReflectionException] ReflectionException: Class app\modules\v1\Module does not exist in E:\git\admin-lte\yii2-advanced\vendor\yiisoft\yii2\di\Container.php:417
Stack trace:
#0 E:\git\admin-lte\yii2-advanced\vendor\yiisoft\yii2\di\Container.php(417): ReflectionClass->__construct('app\\modules\\v1\\...')
#1 E:\git\admin-lte\yii2-advanced\vendor\yiisoft\yii2\di\Container.php(360): yii\di\Container->getDependencies('app\\modules\\v1\\...')
#2 E:\git\admin-lte\yii2-advanced\vendor\yiisoft\yii2\di\Container.php(153): yii\di\Container->build('app\\modules\\v1\\...', Array, Array)
#3 E:\git\admin-lte\yii2-advanced\vendor\yiisoft\yii2\BaseYii.php(344): yii\di\Container->get('app\\modules\\v1\\...', Array, Array)
#4 E:\git\admin-lte\yii2-advanced\vendor\yiisoft\yii2\base\Module.php(353): yii\BaseYii::createObject(Array, Array)
#5 E:\git\admin-lte\yii2-advanced\vendor\yiisoft\yii2\base\Module.php(510): yii\base\Module->getModule('v1')
#6 E:\git\admin-lte\yii2-advanced\vendor\yiisoft\yii2\base\Module.php(448): yii\base\Module->createController('user/index')
#7 E:\git\admin-lte\yii2-advanced\vendor\yiisoft\yii2\web\Application.php(84): yii\base\Module->runAction('v1/user/index', Array)
#8 E:\git\admin-lte\yii2-advanced\vendor\yiisoft\yii2\base\Application.php(375): yii\web\Application->handleRequest(Object(yii\web\Request))
#9 E:\git\admin-lte\api\web\index.php(12): yii\base\Application->run()
#10 {main}
2019-05-09 16:41:38 [127.0.0.1][-][-][info][application] $_GET = [
    'r' => 'v1/user/index'
]

$_COOKIE = [
    'PHPSESSID' => 'rs27rkogtj3c6m6tpplr70h39s'
    '_csrf' => '16104ae2444c46af419ca2663be3a3b68ba8b6d89ba2bab0f9588f4c78951743a:2:{i:0;s:5:\"_csrf\";i:1;s:32:\"_lOUu0dSqGtMGECLyeQcUarRv1ZJmco5\";}'
]

$_SERVER = [
    'MIBDIRS' => 'C:/xampp/php/extras/mibs'
    'MYSQL_HOME' => '\\xampp\\mysql\\bin'
    'OPENSSL_CONF' => 'C:/xampp/apache/bin/openssl.cnf'
    'PHP_PEAR_SYSCONF_DIR' => '\\xampp\\php'
    'PHPRC' => '\\xampp\\php'
    'TMP' => '\\xampp\\tmp'
    'HTTP_HOST' => 'www.base.com'
    'HTTP_CONNECTION' => 'keep-alive'
    'HTTP_UPGRADE_INSECURE_REQUESTS' => '1'
    'HTTP_USER_AGENT' => 'Mozilla/5.0 (Windows NT 10.0; Win64; x64) AppleWebKit/537.36 (KHTML, like Gecko) Chrome/74.0.3729.131 Safari/537.36'
    'HTTP_ACCEPT' => 'text/html,application/xhtml+xml,application/xml;q=0.9,image/webp,image/apng,*/*;q=0.8,application/signed-exchange;v=b3'
    'HTTP_ACCEPT_ENCODING' => 'gzip, deflate'
    'HTTP_ACCEPT_LANGUAGE' => 'zh-CN,zh;q=0.9,en;q=0.8'
    'HTTP_COOKIE' => 'PHPSESSID=rs27rkogtj3c6m6tpplr70h39s; _csrf=16104ae2444c46af419ca2663be3a3b68ba8b6d89ba2bab0f9588f4c78951743a%3A2%3A%7Bi%3A0%3Bs%3A5%3A%22_csrf%22%3Bi%3A1%3Bs%3A32%3A%22_lOUu0dSqGtMGECLyeQcUarRv1ZJmco5%22%3B%7D'
    'PATH' => 'C:\\ProgramData\\Oracle\\Java\\javapath;C:\\ProgramData\\Anaconda3;C:\\ProgramData\\Anaconda3\\Library\\mingw-w64\\bin;C:\\ProgramData\\Anaconda3\\Library\\usr\\bin;C:\\ProgramData\\Anaconda3\\Library\\bin;C:\\ProgramData\\Anaconda3\\Scripts;C:\\windows\\system32;C:\\windows;C:\\windows\\System32\\Wbem;C:\\windows\\System32\\WindowsPowerShell\\v1.0\\;C:\\Program Files\\TortoiseSVN\\bin;C:\\xampp\\php;C:\\xampp\\PHP_CodeSniffer-master\\bin;C:\\Users\\John\\AppData\\Local\\Google\\Chrome\\Application;C:\\Program Files\\Java\\jdk1.8.0_131\\bin;C:\\Program Files\\Java\\jdk1.8.0_131\\jre\\bin;C:\\Program Files\\gradle-4.8\\bin;;C:\\Program Files (x86)\\NVIDIA Corporation\\PhysX\\Common;C:\\Windows\\system32\\config\\systemprofile\\AppData\\Local\\Microsoft\\WindowsApps'
    'SystemRoot' => 'C:\\Windows'
    'COMSPEC' => 'C:\\Windows\\system32\\cmd.exe'
    'PATHEXT' => '.COM;.EXE;.BAT;.CMD;.VBS;.VBE;.JS;.JSE;.WSF;.WSH;.MSC'
    'WINDIR' => 'C:\\Windows'
    'SERVER_SIGNATURE' => '<address>Apache/2.4.27 (Win32) OpenSSL/1.0.2l PHP/7.1.8 Server at www.base.com Port 80</address>
'
    'SERVER_SOFTWARE' => 'Apache/2.4.27 (Win32) OpenSSL/1.0.2l PHP/7.1.8'
    'SERVER_NAME' => 'www.base.com'
    'SERVER_ADDR' => '127.0.0.1'
    'SERVER_PORT' => '80'
    'REMOTE_ADDR' => '127.0.0.1'
    'DOCUMENT_ROOT' => 'E:/git/admin-lte'
    'REQUEST_SCHEME' => 'http'
    'CONTEXT_PREFIX' => ''
    'CONTEXT_DOCUMENT_ROOT' => 'E:/git/admin-lte'
    'SERVER_ADMIN' => 'postmaster@localhost'
    'SCRIPT_FILENAME' => 'E:/git/admin-lte/api/web/index.php'
    'REMOTE_PORT' => '55428'
    'GATEWAY_INTERFACE' => 'CGI/1.1'
    'SERVER_PROTOCOL' => 'HTTP/1.1'
    'REQUEST_METHOD' => 'GET'
    'QUERY_STRING' => 'r=v1/user/index'
    'REQUEST_URI' => '/api/web/index.php?r=v1/user/index'
    'SCRIPT_NAME' => '/api/web/index.php'
    'PHP_SELF' => '/api/web/index.php'
    'REQUEST_TIME_FLOAT' => 1557412898.615
    'REQUEST_TIME' => 1557412898
]
2019-05-09 16:41:59 [127.0.0.1][-][-][error][ReflectionException] ReflectionException: Class app\modules\v1\Module does not exist in E:\git\admin-lte\yii2-advanced\vendor\yiisoft\yii2\di\Container.php:417
Stack trace:
#0 E:\git\admin-lte\yii2-advanced\vendor\yiisoft\yii2\di\Container.php(417): ReflectionClass->__construct('app\\modules\\v1\\...')
#1 E:\git\admin-lte\yii2-advanced\vendor\yiisoft\yii2\di\Container.php(360): yii\di\Container->getDependencies('app\\modules\\v1\\...')
#2 E:\git\admin-lte\yii2-advanced\vendor\yiisoft\yii2\di\Container.php(153): yii\di\Container->build('app\\modules\\v1\\...', Array, Array)
#3 E:\git\admin-lte\yii2-advanced\vendor\yiisoft\yii2\BaseYii.php(344): yii\di\Container->get('app\\modules\\v1\\...', Array, Array)
#4 E:\git\admin-lte\yii2-advanced\vendor\yiisoft\yii2\base\Module.php(353): yii\BaseYii::createObject(Array, Array)
#5 E:\git\admin-lte\yii2-advanced\vendor\yiisoft\yii2\base\Module.php(510): yii\base\Module->getModule('v1')
#6 E:\git\admin-lte\yii2-advanced\vendor\yiisoft\yii2\base\Module.php(448): yii\base\Module->createController('user/index')
#7 E:\git\admin-lte\yii2-advanced\vendor\yiisoft\yii2\web\Application.php(84): yii\base\Module->runAction('v1/user/index', Array)
#8 E:\git\admin-lte\yii2-advanced\vendor\yiisoft\yii2\base\Application.php(375): yii\web\Application->handleRequest(Object(yii\web\Request))
#9 E:\git\admin-lte\api\web\index.php(12): yii\base\Application->run()
#10 {main}
2019-05-09 16:41:59 [127.0.0.1][-][-][info][application] $_GET = [
    'r' => 'v1/user/index'
]

$_COOKIE = [
    'PHPSESSID' => 'rs27rkogtj3c6m6tpplr70h39s'
    '_csrf' => '16104ae2444c46af419ca2663be3a3b68ba8b6d89ba2bab0f9588f4c78951743a:2:{i:0;s:5:\"_csrf\";i:1;s:32:\"_lOUu0dSqGtMGECLyeQcUarRv1ZJmco5\";}'
]

$_SERVER = [
    'MIBDIRS' => 'C:/xampp/php/extras/mibs'
    'MYSQL_HOME' => '\\xampp\\mysql\\bin'
    'OPENSSL_CONF' => 'C:/xampp/apache/bin/openssl.cnf'
    'PHP_PEAR_SYSCONF_DIR' => '\\xampp\\php'
    'PHPRC' => '\\xampp\\php'
    'TMP' => '\\xampp\\tmp'
    'HTTP_HOST' => 'www.base.com'
    'HTTP_CONNECTION' => 'keep-alive'
    'HTTP_CACHE_CONTROL' => 'max-age=0'
    'HTTP_UPGRADE_INSECURE_REQUESTS' => '1'
    'HTTP_USER_AGENT' => 'Mozilla/5.0 (Windows NT 10.0; Win64; x64) AppleWebKit/537.36 (KHTML, like Gecko) Chrome/74.0.3729.131 Safari/537.36'
    'HTTP_ACCEPT' => 'text/html,application/xhtml+xml,application/xml;q=0.9,image/webp,image/apng,*/*;q=0.8,application/signed-exchange;v=b3'
    'HTTP_ACCEPT_ENCODING' => 'gzip, deflate'
    'HTTP_ACCEPT_LANGUAGE' => 'zh-CN,zh;q=0.9,en;q=0.8'
    'HTTP_COOKIE' => 'PHPSESSID=rs27rkogtj3c6m6tpplr70h39s; _csrf=16104ae2444c46af419ca2663be3a3b68ba8b6d89ba2bab0f9588f4c78951743a%3A2%3A%7Bi%3A0%3Bs%3A5%3A%22_csrf%22%3Bi%3A1%3Bs%3A32%3A%22_lOUu0dSqGtMGECLyeQcUarRv1ZJmco5%22%3B%7D'
    'PATH' => 'C:\\ProgramData\\Oracle\\Java\\javapath;C:\\ProgramData\\Anaconda3;C:\\ProgramData\\Anaconda3\\Library\\mingw-w64\\bin;C:\\ProgramData\\Anaconda3\\Library\\usr\\bin;C:\\ProgramData\\Anaconda3\\Library\\bin;C:\\ProgramData\\Anaconda3\\Scripts;C:\\windows\\system32;C:\\windows;C:\\windows\\System32\\Wbem;C:\\windows\\System32\\WindowsPowerShell\\v1.0\\;C:\\Program Files\\TortoiseSVN\\bin;C:\\xampp\\php;C:\\xampp\\PHP_CodeSniffer-master\\bin;C:\\Users\\John\\AppData\\Local\\Google\\Chrome\\Application;C:\\Program Files\\Java\\jdk1.8.0_131\\bin;C:\\Program Files\\Java\\jdk1.8.0_131\\jre\\bin;C:\\Program Files\\gradle-4.8\\bin;;C:\\Program Files (x86)\\NVIDIA Corporation\\PhysX\\Common;C:\\Windows\\system32\\config\\systemprofile\\AppData\\Local\\Microsoft\\WindowsApps'
    'SystemRoot' => 'C:\\Windows'
    'COMSPEC' => 'C:\\Windows\\system32\\cmd.exe'
    'PATHEXT' => '.COM;.EXE;.BAT;.CMD;.VBS;.VBE;.JS;.JSE;.WSF;.WSH;.MSC'
    'WINDIR' => 'C:\\Windows'
    'SERVER_SIGNATURE' => '<address>Apache/2.4.27 (Win32) OpenSSL/1.0.2l PHP/7.1.8 Server at www.base.com Port 80</address>
'
    'SERVER_SOFTWARE' => 'Apache/2.4.27 (Win32) OpenSSL/1.0.2l PHP/7.1.8'
    'SERVER_NAME' => 'www.base.com'
    'SERVER_ADDR' => '127.0.0.1'
    'SERVER_PORT' => '80'
    'REMOTE_ADDR' => '127.0.0.1'
    'DOCUMENT_ROOT' => 'E:/git/admin-lte'
    'REQUEST_SCHEME' => 'http'
    'CONTEXT_PREFIX' => ''
    'CONTEXT_DOCUMENT_ROOT' => 'E:/git/admin-lte'
    'SERVER_ADMIN' => 'postmaster@localhost'
    'SCRIPT_FILENAME' => 'E:/git/admin-lte/api/web/index.php'
    'REMOTE_PORT' => '55434'
    'GATEWAY_INTERFACE' => 'CGI/1.1'
    'SERVER_PROTOCOL' => 'HTTP/1.1'
    'REQUEST_METHOD' => 'GET'
    'QUERY_STRING' => 'r=v1/user/index'
    'REQUEST_URI' => '/api/web/index.php?r=v1/user/index'
    'SCRIPT_NAME' => '/api/web/index.php'
    'PHP_SELF' => '/api/web/index.php'
    'REQUEST_TIME_FLOAT' => 1557412919.099
    'REQUEST_TIME' => 1557412919
]
2019-05-09 16:43:25 [127.0.0.1][-][-][error][ReflectionException] ReflectionException: Class app\modules\v1\Module does not exist in E:\git\admin-lte\yii2-advanced\vendor\yiisoft\yii2\di\Container.php:417
Stack trace:
#0 E:\git\admin-lte\yii2-advanced\vendor\yiisoft\yii2\di\Container.php(417): ReflectionClass->__construct('app\\modules\\v1\\...')
#1 E:\git\admin-lte\yii2-advanced\vendor\yiisoft\yii2\di\Container.php(360): yii\di\Container->getDependencies('app\\modules\\v1\\...')
#2 E:\git\admin-lte\yii2-advanced\vendor\yiisoft\yii2\di\Container.php(153): yii\di\Container->build('app\\modules\\v1\\...', Array, Array)
#3 E:\git\admin-lte\yii2-advanced\vendor\yiisoft\yii2\BaseYii.php(344): yii\di\Container->get('app\\modules\\v1\\...', Array, Array)
#4 E:\git\admin-lte\yii2-advanced\vendor\yiisoft\yii2\base\Module.php(353): yii\BaseYii::createObject(Array, Array)
#5 E:\git\admin-lte\yii2-advanced\vendor\yiisoft\yii2\base\Module.php(510): yii\base\Module->getModule('v1')
#6 E:\git\admin-lte\yii2-advanced\vendor\yiisoft\yii2\base\Module.php(448): yii\base\Module->createController('user/index')
#7 E:\git\admin-lte\yii2-advanced\vendor\yiisoft\yii2\web\Application.php(84): yii\base\Module->runAction('v1/user/index', Array)
#8 E:\git\admin-lte\yii2-advanced\vendor\yiisoft\yii2\base\Application.php(375): yii\web\Application->handleRequest(Object(yii\web\Request))
#9 E:\git\admin-lte\api\web\index.php(12): yii\base\Application->run()
#10 {main}
2019-05-09 16:43:25 [127.0.0.1][-][-][info][application] $_GET = [
    'r' => 'v1/user/index'
]

$_COOKIE = [
    'PHPSESSID' => 'rs27rkogtj3c6m6tpplr70h39s'
    '_csrf' => '16104ae2444c46af419ca2663be3a3b68ba8b6d89ba2bab0f9588f4c78951743a:2:{i:0;s:5:\"_csrf\";i:1;s:32:\"_lOUu0dSqGtMGECLyeQcUarRv1ZJmco5\";}'
]

$_SERVER = [
    'MIBDIRS' => 'C:/xampp/php/extras/mibs'
    'MYSQL_HOME' => '\\xampp\\mysql\\bin'
    'OPENSSL_CONF' => 'C:/xampp/apache/bin/openssl.cnf'
    'PHP_PEAR_SYSCONF_DIR' => '\\xampp\\php'
    'PHPRC' => '\\xampp\\php'
    'TMP' => '\\xampp\\tmp'
    'HTTP_HOST' => 'www.base.com'
    'HTTP_CONNECTION' => 'keep-alive'
    'HTTP_CACHE_CONTROL' => 'max-age=0'
    'HTTP_UPGRADE_INSECURE_REQUESTS' => '1'
    'HTTP_USER_AGENT' => 'Mozilla/5.0 (Windows NT 10.0; Win64; x64) AppleWebKit/537.36 (KHTML, like Gecko) Chrome/74.0.3729.131 Safari/537.36'
    'HTTP_ACCEPT' => 'text/html,application/xhtml+xml,application/xml;q=0.9,image/webp,image/apng,*/*;q=0.8,application/signed-exchange;v=b3'
    'HTTP_ACCEPT_ENCODING' => 'gzip, deflate'
    'HTTP_ACCEPT_LANGUAGE' => 'zh-CN,zh;q=0.9,en;q=0.8'
    'HTTP_COOKIE' => 'PHPSESSID=rs27rkogtj3c6m6tpplr70h39s; _csrf=16104ae2444c46af419ca2663be3a3b68ba8b6d89ba2bab0f9588f4c78951743a%3A2%3A%7Bi%3A0%3Bs%3A5%3A%22_csrf%22%3Bi%3A1%3Bs%3A32%3A%22_lOUu0dSqGtMGECLyeQcUarRv1ZJmco5%22%3B%7D'
    'PATH' => 'C:\\ProgramData\\Oracle\\Java\\javapath;C:\\ProgramData\\Anaconda3;C:\\ProgramData\\Anaconda3\\Library\\mingw-w64\\bin;C:\\ProgramData\\Anaconda3\\Library\\usr\\bin;C:\\ProgramData\\Anaconda3\\Library\\bin;C:\\ProgramData\\Anaconda3\\Scripts;C:\\windows\\system32;C:\\windows;C:\\windows\\System32\\Wbem;C:\\windows\\System32\\WindowsPowerShell\\v1.0\\;C:\\Program Files\\TortoiseSVN\\bin;C:\\xampp\\php;C:\\xampp\\PHP_CodeSniffer-master\\bin;C:\\Users\\John\\AppData\\Local\\Google\\Chrome\\Application;C:\\Program Files\\Java\\jdk1.8.0_131\\bin;C:\\Program Files\\Java\\jdk1.8.0_131\\jre\\bin;C:\\Program Files\\gradle-4.8\\bin;;C:\\Program Files (x86)\\NVIDIA Corporation\\PhysX\\Common;C:\\Windows\\system32\\config\\systemprofile\\AppData\\Local\\Microsoft\\WindowsApps'
    'SystemRoot' => 'C:\\Windows'
    'COMSPEC' => 'C:\\Windows\\system32\\cmd.exe'
    'PATHEXT' => '.COM;.EXE;.BAT;.CMD;.VBS;.VBE;.JS;.JSE;.WSF;.WSH;.MSC'
    'WINDIR' => 'C:\\Windows'
    'SERVER_SIGNATURE' => '<address>Apache/2.4.27 (Win32) OpenSSL/1.0.2l PHP/7.1.8 Server at www.base.com Port 80</address>
'
    'SERVER_SOFTWARE' => 'Apache/2.4.27 (Win32) OpenSSL/1.0.2l PHP/7.1.8'
    'SERVER_NAME' => 'www.base.com'
    'SERVER_ADDR' => '127.0.0.1'
    'SERVER_PORT' => '80'
    'REMOTE_ADDR' => '127.0.0.1'
    'DOCUMENT_ROOT' => 'E:/git/admin-lte'
    'REQUEST_SCHEME' => 'http'
    'CONTEXT_PREFIX' => ''
    'CONTEXT_DOCUMENT_ROOT' => 'E:/git/admin-lte'
    'SERVER_ADMIN' => 'postmaster@localhost'
    'SCRIPT_FILENAME' => 'E:/git/admin-lte/api/web/index.php'
    'REMOTE_PORT' => '55465'
    'GATEWAY_INTERFACE' => 'CGI/1.1'
    'SERVER_PROTOCOL' => 'HTTP/1.1'
    'REQUEST_METHOD' => 'GET'
    'QUERY_STRING' => 'r=v1/user/index'
    'REQUEST_URI' => '/api/web/index.php?r=v1/user/index'
    'SCRIPT_NAME' => '/api/web/index.php'
    'PHP_SELF' => '/api/web/index.php'
    'REQUEST_TIME_FLOAT' => 1557413005.745
    'REQUEST_TIME' => 1557413005
]
2019-05-09 16:44:36 [127.0.0.1][-][-][error][ReflectionException] ReflectionException: Class app\modules\v1\Module does not exist in E:\git\admin-lte\yii2-advanced\vendor\yiisoft\yii2\di\Container.php:417
Stack trace:
#0 E:\git\admin-lte\yii2-advanced\vendor\yiisoft\yii2\di\Container.php(417): ReflectionClass->__construct('app\\modules\\v1\\...')
#1 E:\git\admin-lte\yii2-advanced\vendor\yiisoft\yii2\di\Container.php(360): yii\di\Container->getDependencies('app\\modules\\v1\\...')
#2 E:\git\admin-lte\yii2-advanced\vendor\yiisoft\yii2\di\Container.php(153): yii\di\Container->build('app\\modules\\v1\\...', Array, Array)
#3 E:\git\admin-lte\yii2-advanced\vendor\yiisoft\yii2\BaseYii.php(344): yii\di\Container->get('app\\modules\\v1\\...', Array, Array)
#4 E:\git\admin-lte\yii2-advanced\vendor\yiisoft\yii2\base\Module.php(353): yii\BaseYii::createObject(Array, Array)
#5 E:\git\admin-lte\yii2-advanced\vendor\yiisoft\yii2\base\Module.php(510): yii\base\Module->getModule('v1')
#6 E:\git\admin-lte\yii2-advanced\vendor\yiisoft\yii2\base\Module.php(448): yii\base\Module->createController('user/index')
#7 E:\git\admin-lte\yii2-advanced\vendor\yiisoft\yii2\web\Application.php(84): yii\base\Module->runAction('v1/user/index', Array)
#8 E:\git\admin-lte\yii2-advanced\vendor\yiisoft\yii2\base\Application.php(375): yii\web\Application->handleRequest(Object(yii\web\Request))
#9 E:\git\admin-lte\api\web\index.php(12): yii\base\Application->run()
#10 {main}
2019-05-09 16:44:36 [127.0.0.1][-][-][info][application] $_GET = [
    'r' => 'v1/user/index'
]

$_COOKIE = [
    'PHPSESSID' => 'rs27rkogtj3c6m6tpplr70h39s'
    '_csrf' => '16104ae2444c46af419ca2663be3a3b68ba8b6d89ba2bab0f9588f4c78951743a:2:{i:0;s:5:\"_csrf\";i:1;s:32:\"_lOUu0dSqGtMGECLyeQcUarRv1ZJmco5\";}'
]

$_SERVER = [
    'MIBDIRS' => 'C:/xampp/php/extras/mibs'
    'MYSQL_HOME' => '\\xampp\\mysql\\bin'
    'OPENSSL_CONF' => 'C:/xampp/apache/bin/openssl.cnf'
    'PHP_PEAR_SYSCONF_DIR' => '\\xampp\\php'
    'PHPRC' => '\\xampp\\php'
    'TMP' => '\\xampp\\tmp'
    'HTTP_HOST' => 'www.base.com'
    'HTTP_CONNECTION' => 'keep-alive'
    'HTTP_CACHE_CONTROL' => 'max-age=0'
    'HTTP_UPGRADE_INSECURE_REQUESTS' => '1'
    'HTTP_USER_AGENT' => 'Mozilla/5.0 (Windows NT 10.0; Win64; x64) AppleWebKit/537.36 (KHTML, like Gecko) Chrome/74.0.3729.131 Safari/537.36'
    'HTTP_ACCEPT' => 'text/html,application/xhtml+xml,application/xml;q=0.9,image/webp,image/apng,*/*;q=0.8,application/signed-exchange;v=b3'
    'HTTP_ACCEPT_ENCODING' => 'gzip, deflate'
    'HTTP_ACCEPT_LANGUAGE' => 'zh-CN,zh;q=0.9,en;q=0.8'
    'HTTP_COOKIE' => 'PHPSESSID=rs27rkogtj3c6m6tpplr70h39s; _csrf=16104ae2444c46af419ca2663be3a3b68ba8b6d89ba2bab0f9588f4c78951743a%3A2%3A%7Bi%3A0%3Bs%3A5%3A%22_csrf%22%3Bi%3A1%3Bs%3A32%3A%22_lOUu0dSqGtMGECLyeQcUarRv1ZJmco5%22%3B%7D'
    'PATH' => 'C:\\ProgramData\\Oracle\\Java\\javapath;C:\\ProgramData\\Anaconda3;C:\\ProgramData\\Anaconda3\\Library\\mingw-w64\\bin;C:\\ProgramData\\Anaconda3\\Library\\usr\\bin;C:\\ProgramData\\Anaconda3\\Library\\bin;C:\\ProgramData\\Anaconda3\\Scripts;C:\\windows\\system32;C:\\windows;C:\\windows\\System32\\Wbem;C:\\windows\\System32\\WindowsPowerShell\\v1.0\\;C:\\Program Files\\TortoiseSVN\\bin;C:\\xampp\\php;C:\\xampp\\PHP_CodeSniffer-master\\bin;C:\\Users\\John\\AppData\\Local\\Google\\Chrome\\Application;C:\\Program Files\\Java\\jdk1.8.0_131\\bin;C:\\Program Files\\Java\\jdk1.8.0_131\\jre\\bin;C:\\Program Files\\gradle-4.8\\bin;;C:\\Program Files (x86)\\NVIDIA Corporation\\PhysX\\Common;C:\\Windows\\system32\\config\\systemprofile\\AppData\\Local\\Microsoft\\WindowsApps'
    'SystemRoot' => 'C:\\Windows'
    'COMSPEC' => 'C:\\Windows\\system32\\cmd.exe'
    'PATHEXT' => '.COM;.EXE;.BAT;.CMD;.VBS;.VBE;.JS;.JSE;.WSF;.WSH;.MSC'
    'WINDIR' => 'C:\\Windows'
    'SERVER_SIGNATURE' => '<address>Apache/2.4.27 (Win32) OpenSSL/1.0.2l PHP/7.1.8 Server at www.base.com Port 80</address>
'
    'SERVER_SOFTWARE' => 'Apache/2.4.27 (Win32) OpenSSL/1.0.2l PHP/7.1.8'
    'SERVER_NAME' => 'www.base.com'
    'SERVER_ADDR' => '127.0.0.1'
    'SERVER_PORT' => '80'
    'REMOTE_ADDR' => '127.0.0.1'
    'DOCUMENT_ROOT' => 'E:/git/admin-lte'
    'REQUEST_SCHEME' => 'http'
    'CONTEXT_PREFIX' => ''
    'CONTEXT_DOCUMENT_ROOT' => 'E:/git/admin-lte'
    'SERVER_ADMIN' => 'postmaster@localhost'
    'SCRIPT_FILENAME' => 'E:/git/admin-lte/api/web/index.php'
    'REMOTE_PORT' => '55479'
    'GATEWAY_INTERFACE' => 'CGI/1.1'
    'SERVER_PROTOCOL' => 'HTTP/1.1'
    'REQUEST_METHOD' => 'GET'
    'QUERY_STRING' => 'r=v1/user/index'
    'REQUEST_URI' => '/api/web/index.php?r=v1/user/index'
    'SCRIPT_NAME' => '/api/web/index.php'
    'PHP_SELF' => '/api/web/index.php'
    'REQUEST_TIME_FLOAT' => 1557413076.87
    'REQUEST_TIME' => 1557413076
]
2019-05-09 16:46:32 [127.0.0.1][-][rs27rkogtj3c6m6tpplr70h39s][error][yii\web\HttpException:404] yii\base\InvalidRouteException: Unable to resolve the request "v1/user/index". in E:\git\admin-lte\yii2-advanced\vendor\yiisoft\yii2\base\Module.php:460
Stack trace:
#0 E:\git\admin-lte\yii2-advanced\vendor\yiisoft\yii2\web\Application.php(84): yii\base\Module->runAction('v1/user/index', Array)
#1 E:\git\admin-lte\yii2-advanced\vendor\yiisoft\yii2\base\Application.php(375): yii\web\Application->handleRequest(Object(yii\web\Request))
#2 E:\git\admin-lte\api\web\index.php(12): yii\base\Application->run()
#3 {main}

Next yii\web\NotFoundHttpException: 页面未找到。 in E:\git\admin-lte\yii2-advanced\vendor\yiisoft\yii2\web\Application.php:96
Stack trace:
#0 E:\git\admin-lte\yii2-advanced\vendor\yiisoft\yii2\base\Application.php(375): yii\web\Application->handleRequest(Object(yii\web\Request))
#1 E:\git\admin-lte\api\web\index.php(12): yii\base\Application->run()
#2 {main}
2019-05-09 16:46:32 [127.0.0.1][-][rs27rkogtj3c6m6tpplr70h39s][info][application] $_GET = [
    'r' => 'v1/user/index'
]

$_COOKIE = [
    'PHPSESSID' => 'rs27rkogtj3c6m6tpplr70h39s'
    '_csrf' => '16104ae2444c46af419ca2663be3a3b68ba8b6d89ba2bab0f9588f4c78951743a:2:{i:0;s:5:\"_csrf\";i:1;s:32:\"_lOUu0dSqGtMGECLyeQcUarRv1ZJmco5\";}'
]

$_SESSION = [
    '__flash' => []
    '__captcha/site/captcha' => 'aijux'
    '__captcha/site/captchacount' => 1
]

$_SERVER = [
    'MIBDIRS' => 'C:/xampp/php/extras/mibs'
    'MYSQL_HOME' => '\\xampp\\mysql\\bin'
    'OPENSSL_CONF' => 'C:/xampp/apache/bin/openssl.cnf'
    'PHP_PEAR_SYSCONF_DIR' => '\\xampp\\php'
    'PHPRC' => '\\xampp\\php'
    'TMP' => '\\xampp\\tmp'
    'HTTP_HOST' => 'www.base.com'
    'HTTP_CONNECTION' => 'keep-alive'
    'HTTP_CACHE_CONTROL' => 'max-age=0'
    'HTTP_UPGRADE_INSECURE_REQUESTS' => '1'
    'HTTP_USER_AGENT' => 'Mozilla/5.0 (Windows NT 10.0; Win64; x64) AppleWebKit/537.36 (KHTML, like Gecko) Chrome/74.0.3729.131 Safari/537.36'
    'HTTP_ACCEPT' => 'text/html,application/xhtml+xml,application/xml;q=0.9,image/webp,image/apng,*/*;q=0.8,application/signed-exchange;v=b3'
    'HTTP_ACCEPT_ENCODING' => 'gzip, deflate'
    'HTTP_ACCEPT_LANGUAGE' => 'zh-CN,zh;q=0.9,en;q=0.8'
    'HTTP_COOKIE' => 'PHPSESSID=rs27rkogtj3c6m6tpplr70h39s; _csrf=16104ae2444c46af419ca2663be3a3b68ba8b6d89ba2bab0f9588f4c78951743a%3A2%3A%7Bi%3A0%3Bs%3A5%3A%22_csrf%22%3Bi%3A1%3Bs%3A32%3A%22_lOUu0dSqGtMGECLyeQcUarRv1ZJmco5%22%3B%7D'
    'PATH' => 'C:\\ProgramData\\Oracle\\Java\\javapath;C:\\ProgramData\\Anaconda3;C:\\ProgramData\\Anaconda3\\Library\\mingw-w64\\bin;C:\\ProgramData\\Anaconda3\\Library\\usr\\bin;C:\\ProgramData\\Anaconda3\\Library\\bin;C:\\ProgramData\\Anaconda3\\Scripts;C:\\windows\\system32;C:\\windows;C:\\windows\\System32\\Wbem;C:\\windows\\System32\\WindowsPowerShell\\v1.0\\;C:\\Program Files\\TortoiseSVN\\bin;C:\\xampp\\php;C:\\xampp\\PHP_CodeSniffer-master\\bin;C:\\Users\\John\\AppData\\Local\\Google\\Chrome\\Application;C:\\Program Files\\Java\\jdk1.8.0_131\\bin;C:\\Program Files\\Java\\jdk1.8.0_131\\jre\\bin;C:\\Program Files\\gradle-4.8\\bin;;C:\\Program Files (x86)\\NVIDIA Corporation\\PhysX\\Common;C:\\Windows\\system32\\config\\systemprofile\\AppData\\Local\\Microsoft\\WindowsApps'
    'SystemRoot' => 'C:\\Windows'
    'COMSPEC' => 'C:\\Windows\\system32\\cmd.exe'
    'PATHEXT' => '.COM;.EXE;.BAT;.CMD;.VBS;.VBE;.JS;.JSE;.WSF;.WSH;.MSC'
    'WINDIR' => 'C:\\Windows'
    'SERVER_SIGNATURE' => '<address>Apache/2.4.27 (Win32) OpenSSL/1.0.2l PHP/7.1.8 Server at www.base.com Port 80</address>
'
    'SERVER_SOFTWARE' => 'Apache/2.4.27 (Win32) OpenSSL/1.0.2l PHP/7.1.8'
    'SERVER_NAME' => 'www.base.com'
    'SERVER_ADDR' => '127.0.0.1'
    'SERVER_PORT' => '80'
    'REMOTE_ADDR' => '127.0.0.1'
    'DOCUMENT_ROOT' => 'E:/git/admin-lte'
    'REQUEST_SCHEME' => 'http'
    'CONTEXT_PREFIX' => ''
    'CONTEXT_DOCUMENT_ROOT' => 'E:/git/admin-lte'
    'SERVER_ADMIN' => 'postmaster@localhost'
    'SCRIPT_FILENAME' => 'E:/git/admin-lte/api/web/index.php'
    'REMOTE_PORT' => '55504'
    'GATEWAY_INTERFACE' => 'CGI/1.1'
    'SERVER_PROTOCOL' => 'HTTP/1.1'
    'REQUEST_METHOD' => 'GET'
    'QUERY_STRING' => 'r=v1/user/index'
    'REQUEST_URI' => '/api/web/index.php?r=v1/user/index'
    'SCRIPT_NAME' => '/api/web/index.php'
    'PHP_SELF' => '/api/web/index.php'
    'REQUEST_TIME_FLOAT' => 1557413192.158
    'REQUEST_TIME' => 1557413192
]
2019-05-09 16:46:49 [127.0.0.1][-][-][error][ReflectionException] ReflectionException: Class app\modules\biz\Module does not exist in E:\git\admin-lte\yii2-advanced\vendor\yiisoft\yii2\di\Container.php:417
Stack trace:
#0 E:\git\admin-lte\yii2-advanced\vendor\yiisoft\yii2\di\Container.php(417): ReflectionClass->__construct('app\\modules\\biz...')
#1 E:\git\admin-lte\yii2-advanced\vendor\yiisoft\yii2\di\Container.php(360): yii\di\Container->getDependencies('app\\modules\\biz...')
#2 E:\git\admin-lte\yii2-advanced\vendor\yiisoft\yii2\di\Container.php(153): yii\di\Container->build('app\\modules\\biz...', Array, Array)
#3 E:\git\admin-lte\yii2-advanced\vendor\yiisoft\yii2\BaseYii.php(344): yii\di\Container->get('app\\modules\\biz...', Array, Array)
#4 E:\git\admin-lte\yii2-advanced\vendor\yiisoft\yii2\base\Module.php(353): yii\BaseYii::createObject(Array, Array)
#5 E:\git\admin-lte\yii2-advanced\vendor\yiisoft\yii2\base\Module.php(510): yii\base\Module->getModule('biz')
#6 E:\git\admin-lte\yii2-advanced\vendor\yiisoft\yii2\base\Module.php(448): yii\base\Module->createController('user/index')
#7 E:\git\admin-lte\yii2-advanced\vendor\yiisoft\yii2\web\Application.php(84): yii\base\Module->runAction('biz/user/index', Array)
#8 E:\git\admin-lte\yii2-advanced\vendor\yiisoft\yii2\base\Application.php(375): yii\web\Application->handleRequest(Object(yii\web\Request))
#9 E:\git\admin-lte\api\web\index.php(12): yii\base\Application->run()
#10 {main}
2019-05-09 16:46:49 [127.0.0.1][-][-][info][application] $_GET = [
    'r' => 'biz/user/index'
]

$_COOKIE = [
    'PHPSESSID' => 'rs27rkogtj3c6m6tpplr70h39s'
    '_csrf' => '16104ae2444c46af419ca2663be3a3b68ba8b6d89ba2bab0f9588f4c78951743a:2:{i:0;s:5:\"_csrf\";i:1;s:32:\"_lOUu0dSqGtMGECLyeQcUarRv1ZJmco5\";}'
]

$_SERVER = [
    'MIBDIRS' => 'C:/xampp/php/extras/mibs'
    'MYSQL_HOME' => '\\xampp\\mysql\\bin'
    'OPENSSL_CONF' => 'C:/xampp/apache/bin/openssl.cnf'
    'PHP_PEAR_SYSCONF_DIR' => '\\xampp\\php'
    'PHPRC' => '\\xampp\\php'
    'TMP' => '\\xampp\\tmp'
    'HTTP_HOST' => 'www.base.com'
    'HTTP_CONNECTION' => 'keep-alive'
    'HTTP_UPGRADE_INSECURE_REQUESTS' => '1'
    'HTTP_USER_AGENT' => 'Mozilla/5.0 (Windows NT 10.0; Win64; x64) AppleWebKit/537.36 (KHTML, like Gecko) Chrome/74.0.3729.131 Safari/537.36'
    'HTTP_ACCEPT' => 'text/html,application/xhtml+xml,application/xml;q=0.9,image/webp,image/apng,*/*;q=0.8,application/signed-exchange;v=b3'
    'HTTP_ACCEPT_ENCODING' => 'gzip, deflate'
    'HTTP_ACCEPT_LANGUAGE' => 'zh-CN,zh;q=0.9,en;q=0.8'
    'HTTP_COOKIE' => 'PHPSESSID=rs27rkogtj3c6m6tpplr70h39s; _csrf=16104ae2444c46af419ca2663be3a3b68ba8b6d89ba2bab0f9588f4c78951743a%3A2%3A%7Bi%3A0%3Bs%3A5%3A%22_csrf%22%3Bi%3A1%3Bs%3A32%3A%22_lOUu0dSqGtMGECLyeQcUarRv1ZJmco5%22%3B%7D'
    'PATH' => 'C:\\ProgramData\\Oracle\\Java\\javapath;C:\\ProgramData\\Anaconda3;C:\\ProgramData\\Anaconda3\\Library\\mingw-w64\\bin;C:\\ProgramData\\Anaconda3\\Library\\usr\\bin;C:\\ProgramData\\Anaconda3\\Library\\bin;C:\\ProgramData\\Anaconda3\\Scripts;C:\\windows\\system32;C:\\windows;C:\\windows\\System32\\Wbem;C:\\windows\\System32\\WindowsPowerShell\\v1.0\\;C:\\Program Files\\TortoiseSVN\\bin;C:\\xampp\\php;C:\\xampp\\PHP_CodeSniffer-master\\bin;C:\\Users\\John\\AppData\\Local\\Google\\Chrome\\Application;C:\\Program Files\\Java\\jdk1.8.0_131\\bin;C:\\Program Files\\Java\\jdk1.8.0_131\\jre\\bin;C:\\Program Files\\gradle-4.8\\bin;;C:\\Program Files (x86)\\NVIDIA Corporation\\PhysX\\Common;C:\\Windows\\system32\\config\\systemprofile\\AppData\\Local\\Microsoft\\WindowsApps'
    'SystemRoot' => 'C:\\Windows'
    'COMSPEC' => 'C:\\Windows\\system32\\cmd.exe'
    'PATHEXT' => '.COM;.EXE;.BAT;.CMD;.VBS;.VBE;.JS;.JSE;.WSF;.WSH;.MSC'
    'WINDIR' => 'C:\\Windows'
    'SERVER_SIGNATURE' => '<address>Apache/2.4.27 (Win32) OpenSSL/1.0.2l PHP/7.1.8 Server at www.base.com Port 80</address>
'
    'SERVER_SOFTWARE' => 'Apache/2.4.27 (Win32) OpenSSL/1.0.2l PHP/7.1.8'
    'SERVER_NAME' => 'www.base.com'
    'SERVER_ADDR' => '127.0.0.1'
    'SERVER_PORT' => '80'
    'REMOTE_ADDR' => '127.0.0.1'
    'DOCUMENT_ROOT' => 'E:/git/admin-lte'
    'REQUEST_SCHEME' => 'http'
    'CONTEXT_PREFIX' => ''
    'CONTEXT_DOCUMENT_ROOT' => 'E:/git/admin-lte'
    'SERVER_ADMIN' => 'postmaster@localhost'
    'SCRIPT_FILENAME' => 'E:/git/admin-lte/api/web/index.php'
    'REMOTE_PORT' => '55512'
    'GATEWAY_INTERFACE' => 'CGI/1.1'
    'SERVER_PROTOCOL' => 'HTTP/1.1'
    'REQUEST_METHOD' => 'GET'
    'QUERY_STRING' => 'r=biz/user/index'
    'REQUEST_URI' => '/api/web/index.php?r=biz/user/index'
    'SCRIPT_NAME' => '/api/web/index.php'
    'PHP_SELF' => '/api/web/index.php'
    'REQUEST_TIME_FLOAT' => 1557413209.255
    'REQUEST_TIME' => 1557413209
]
2019-05-09 16:49:35 [127.0.0.1][-][-][error][yii\base\InvalidParamException] yii\base\InvalidParamException: The view file does not exist: E:\git\admin-lte\api\modules\v1\views\default\index.php in E:\git\admin-lte\yii2-advanced\vendor\yiisoft\yii2\base\View.php:226
Stack trace:
#0 E:\git\admin-lte\yii2-advanced\vendor\yiisoft\yii2\base\View.php(149): yii\base\View->renderFile('E:\\git\\admin-lt...', Array, Object(app\modules\v1\controllers\DefaultController))
#1 E:\git\admin-lte\yii2-advanced\vendor\yiisoft\yii2\base\Controller.php(378): yii\base\View->render('index', Array, Object(app\modules\v1\controllers\DefaultController))
#2 E:\git\admin-lte\api\modules\v1\controllers\DefaultController.php(18): yii\base\Controller->render('index')
#3 [internal function]: app\modules\v1\controllers\DefaultController->actionIndex()
#4 E:\git\admin-lte\yii2-advanced\vendor\yiisoft\yii2\base\InlineAction.php(55): call_user_func_array(Array, Array)
#5 E:\git\admin-lte\yii2-advanced\vendor\yiisoft\yii2\base\Controller.php(154): yii\base\InlineAction->runWithParams(Array)
#6 E:\git\admin-lte\yii2-advanced\vendor\yiisoft\yii2\base\Module.php(454): yii\base\Controller->runAction('index', Array)
#7 E:\git\admin-lte\yii2-advanced\vendor\yiisoft\yii2\web\Application.php(84): yii\base\Module->runAction('v1/default/inde...', Array)
#8 E:\git\admin-lte\yii2-advanced\vendor\yiisoft\yii2\base\Application.php(375): yii\web\Application->handleRequest(Object(yii\web\Request))
#9 E:\git\admin-lte\api\web\index.php(12): yii\base\Application->run()
#10 {main}
2019-05-09 16:49:35 [127.0.0.1][-][-][info][application] $_GET = [
    'r' => 'v1/default/index'
]

$_COOKIE = [
    'PHPSESSID' => 'rs27rkogtj3c6m6tpplr70h39s'
    '_csrf' => '16104ae2444c46af419ca2663be3a3b68ba8b6d89ba2bab0f9588f4c78951743a:2:{i:0;s:5:\"_csrf\";i:1;s:32:\"_lOUu0dSqGtMGECLyeQcUarRv1ZJmco5\";}'
]

$_SERVER = [
    'MIBDIRS' => 'C:/xampp/php/extras/mibs'
    'MYSQL_HOME' => '\\xampp\\mysql\\bin'
    'OPENSSL_CONF' => 'C:/xampp/apache/bin/openssl.cnf'
    'PHP_PEAR_SYSCONF_DIR' => '\\xampp\\php'
    'PHPRC' => '\\xampp\\php'
    'TMP' => '\\xampp\\tmp'
    'HTTP_HOST' => 'www.base.com'
    'HTTP_CONNECTION' => 'keep-alive'
    'HTTP_UPGRADE_INSECURE_REQUESTS' => '1'
    'HTTP_USER_AGENT' => 'Mozilla/5.0 (Windows NT 10.0; Win64; x64) AppleWebKit/537.36 (KHTML, like Gecko) Chrome/74.0.3729.131 Safari/537.36'
    'HTTP_ACCEPT' => 'text/html,application/xhtml+xml,application/xml;q=0.9,image/webp,image/apng,*/*;q=0.8,application/signed-exchange;v=b3'
    'HTTP_ACCEPT_ENCODING' => 'gzip, deflate'
    'HTTP_ACCEPT_LANGUAGE' => 'zh-CN,zh;q=0.9,en;q=0.8'
    'HTTP_COOKIE' => 'PHPSESSID=rs27rkogtj3c6m6tpplr70h39s; _csrf=16104ae2444c46af419ca2663be3a3b68ba8b6d89ba2bab0f9588f4c78951743a%3A2%3A%7Bi%3A0%3Bs%3A5%3A%22_csrf%22%3Bi%3A1%3Bs%3A32%3A%22_lOUu0dSqGtMGECLyeQcUarRv1ZJmco5%22%3B%7D'
    'PATH' => 'C:\\ProgramData\\Oracle\\Java\\javapath;C:\\ProgramData\\Anaconda3;C:\\ProgramData\\Anaconda3\\Library\\mingw-w64\\bin;C:\\ProgramData\\Anaconda3\\Library\\usr\\bin;C:\\ProgramData\\Anaconda3\\Library\\bin;C:\\ProgramData\\Anaconda3\\Scripts;C:\\windows\\system32;C:\\windows;C:\\windows\\System32\\Wbem;C:\\windows\\System32\\WindowsPowerShell\\v1.0\\;C:\\Program Files\\TortoiseSVN\\bin;C:\\xampp\\php;C:\\xampp\\PHP_CodeSniffer-master\\bin;C:\\Users\\John\\AppData\\Local\\Google\\Chrome\\Application;C:\\Program Files\\Java\\jdk1.8.0_131\\bin;C:\\Program Files\\Java\\jdk1.8.0_131\\jre\\bin;C:\\Program Files\\gradle-4.8\\bin;;C:\\Program Files (x86)\\NVIDIA Corporation\\PhysX\\Common;C:\\Windows\\system32\\config\\systemprofile\\AppData\\Local\\Microsoft\\WindowsApps'
    'SystemRoot' => 'C:\\Windows'
    'COMSPEC' => 'C:\\Windows\\system32\\cmd.exe'
    'PATHEXT' => '.COM;.EXE;.BAT;.CMD;.VBS;.VBE;.JS;.JSE;.WSF;.WSH;.MSC'
    'WINDIR' => 'C:\\Windows'
    'SERVER_SIGNATURE' => '<address>Apache/2.4.27 (Win32) OpenSSL/1.0.2l PHP/7.1.8 Server at www.base.com Port 80</address>
'
    'SERVER_SOFTWARE' => 'Apache/2.4.27 (Win32) OpenSSL/1.0.2l PHP/7.1.8'
    'SERVER_NAME' => 'www.base.com'
    'SERVER_ADDR' => '127.0.0.1'
    'SERVER_PORT' => '80'
    'REMOTE_ADDR' => '127.0.0.1'
    'DOCUMENT_ROOT' => 'E:/git/admin-lte'
    'REQUEST_SCHEME' => 'http'
    'CONTEXT_PREFIX' => ''
    'CONTEXT_DOCUMENT_ROOT' => 'E:/git/admin-lte'
    'SERVER_ADMIN' => 'postmaster@localhost'
    'SCRIPT_FILENAME' => 'E:/git/admin-lte/api/web/index.php'
    'REMOTE_PORT' => '55712'
    'GATEWAY_INTERFACE' => 'CGI/1.1'
    'SERVER_PROTOCOL' => 'HTTP/1.1'
    'REQUEST_METHOD' => 'GET'
    'QUERY_STRING' => 'r=v1/default/index'
    'REQUEST_URI' => '/api/web/index.php?r=v1/default/index'
    'SCRIPT_NAME' => '/api/web/index.php'
    'PHP_SELF' => '/api/web/index.php'
    'REQUEST_TIME_FLOAT' => 1557413375.319
    'REQUEST_TIME' => 1557413375
]
2019-05-09 16:53:51 [127.0.0.1][-][-][error][yii\base\InvalidConfigException] yii\base\InvalidConfigException: The directory does not exist: static/assets in E:\git\admin-lte\yii2-advanced\vendor\yiisoft\yii2\web\AssetManager.php:211
Stack trace:
#0 E:\git\admin-lte\yii2-advanced\vendor\yiisoft\yii2\base\Object.php(107): yii\web\AssetManager->init()
#1 [internal function]: yii\base\Object->__construct(Array)
#2 E:\git\admin-lte\yii2-advanced\vendor\yiisoft\yii2\di\Container.php(374): ReflectionClass->newInstanceArgs(Array)
#3 E:\git\admin-lte\yii2-advanced\vendor\yiisoft\yii2\di\Container.php(153): yii\di\Container->build('yii\\web\\AssetMa...', Array, Array)
#4 E:\git\admin-lte\yii2-advanced\vendor\yiisoft\yii2\BaseYii.php(344): yii\di\Container->get('yii\\web\\AssetMa...', Array, Array)
#5 E:\git\admin-lte\yii2-advanced\vendor\yiisoft\yii2\di\ServiceLocator.php(133): yii\BaseYii::createObject(Array)
#6 E:\git\admin-lte\yii2-advanced\vendor\yiisoft\yii2\di\ServiceLocator.php(71): yii\di\ServiceLocator->get('assetManager')
#7 E:\git\admin-lte\yii2-advanced\vendor\yiisoft\yii2-gii\Module.php(134): yii\di\ServiceLocator->__get('assetManager')
#8 E:\git\admin-lte\yii2-advanced\vendor\yiisoft\yii2-gii\Module.php(123): yii\gii\Module->resetGlobalSettings()
#9 E:\git\admin-lte\yii2-advanced\vendor\yiisoft\yii2\base\Controller.php(142): yii\gii\Module->beforeAction(Object(yii\base\InlineAction))
#10 E:\git\admin-lte\yii2-advanced\vendor\yiisoft\yii2\base\Module.php(454): yii\base\Controller->runAction('', Array)
#11 E:\git\admin-lte\yii2-advanced\vendor\yiisoft\yii2\web\Application.php(84): yii\base\Module->runAction('gii', Array)
#12 E:\git\admin-lte\yii2-advanced\vendor\yiisoft\yii2\base\Application.php(375): yii\web\Application->handleRequest(Object(yii\web\Request))
#13 E:\git\admin-lte\api\web\index.php(11): yii\base\Application->run()
#14 {main}
2019-05-09 16:53:51 [127.0.0.1][-][-][info][application] $_GET = [
    'r' => 'gii'
]

$_COOKIE = [
    'PHPSESSID' => 'rs27rkogtj3c6m6tpplr70h39s'
    '_csrf' => '16104ae2444c46af419ca2663be3a3b68ba8b6d89ba2bab0f9588f4c78951743a:2:{i:0;s:5:\"_csrf\";i:1;s:32:\"_lOUu0dSqGtMGECLyeQcUarRv1ZJmco5\";}'
]

$_SERVER = [
    'MIBDIRS' => 'C:/xampp/php/extras/mibs'
    'MYSQL_HOME' => '\\xampp\\mysql\\bin'
    'OPENSSL_CONF' => 'C:/xampp/apache/bin/openssl.cnf'
    'PHP_PEAR_SYSCONF_DIR' => '\\xampp\\php'
    'PHPRC' => '\\xampp\\php'
    'TMP' => '\\xampp\\tmp'
    'HTTP_HOST' => 'www.base.com'
    'HTTP_CONNECTION' => 'keep-alive'
    'HTTP_UPGRADE_INSECURE_REQUESTS' => '1'
    'HTTP_USER_AGENT' => 'Mozilla/5.0 (Windows NT 10.0; Win64; x64) AppleWebKit/537.36 (KHTML, like Gecko) Chrome/74.0.3729.131 Safari/537.36'
    'HTTP_ACCEPT' => 'text/html,application/xhtml+xml,application/xml;q=0.9,image/webp,image/apng,*/*;q=0.8,application/signed-exchange;v=b3'
    'HTTP_ACCEPT_ENCODING' => 'gzip, deflate'
    'HTTP_ACCEPT_LANGUAGE' => 'zh-CN,zh;q=0.9,en;q=0.8'
    'HTTP_COOKIE' => 'PHPSESSID=rs27rkogtj3c6m6tpplr70h39s; _csrf=16104ae2444c46af419ca2663be3a3b68ba8b6d89ba2bab0f9588f4c78951743a%3A2%3A%7Bi%3A0%3Bs%3A5%3A%22_csrf%22%3Bi%3A1%3Bs%3A32%3A%22_lOUu0dSqGtMGECLyeQcUarRv1ZJmco5%22%3B%7D'
    'PATH' => 'C:\\ProgramData\\Oracle\\Java\\javapath;C:\\ProgramData\\Anaconda3;C:\\ProgramData\\Anaconda3\\Library\\mingw-w64\\bin;C:\\ProgramData\\Anaconda3\\Library\\usr\\bin;C:\\ProgramData\\Anaconda3\\Library\\bin;C:\\ProgramData\\Anaconda3\\Scripts;C:\\windows\\system32;C:\\windows;C:\\windows\\System32\\Wbem;C:\\windows\\System32\\WindowsPowerShell\\v1.0\\;C:\\Program Files\\TortoiseSVN\\bin;C:\\xampp\\php;C:\\xampp\\PHP_CodeSniffer-master\\bin;C:\\Users\\John\\AppData\\Local\\Google\\Chrome\\Application;C:\\Program Files\\Java\\jdk1.8.0_131\\bin;C:\\Program Files\\Java\\jdk1.8.0_131\\jre\\bin;C:\\Program Files\\gradle-4.8\\bin;;C:\\Program Files (x86)\\NVIDIA Corporation\\PhysX\\Common;C:\\Windows\\system32\\config\\systemprofile\\AppData\\Local\\Microsoft\\WindowsApps'
    'SystemRoot' => 'C:\\Windows'
    'COMSPEC' => 'C:\\Windows\\system32\\cmd.exe'
    'PATHEXT' => '.COM;.EXE;.BAT;.CMD;.VBS;.VBE;.JS;.JSE;.WSF;.WSH;.MSC'
    'WINDIR' => 'C:\\Windows'
    'SERVER_SIGNATURE' => '<address>Apache/2.4.27 (Win32) OpenSSL/1.0.2l PHP/7.1.8 Server at www.base.com Port 80</address>
'
    'SERVER_SOFTWARE' => 'Apache/2.4.27 (Win32) OpenSSL/1.0.2l PHP/7.1.8'
    'SERVER_NAME' => 'www.base.com'
    'SERVER_ADDR' => '127.0.0.1'
    'SERVER_PORT' => '80'
    'REMOTE_ADDR' => '127.0.0.1'
    'DOCUMENT_ROOT' => 'E:/git/admin-lte'
    'REQUEST_SCHEME' => 'http'
    'CONTEXT_PREFIX' => ''
    'CONTEXT_DOCUMENT_ROOT' => 'E:/git/admin-lte'
    'SERVER_ADMIN' => 'postmaster@localhost'
    'SCRIPT_FILENAME' => 'E:/git/admin-lte/api/web/index.php'
    'REMOTE_PORT' => '55787'
    'GATEWAY_INTERFACE' => 'CGI/1.1'
    'SERVER_PROTOCOL' => 'HTTP/1.1'
    'REQUEST_METHOD' => 'GET'
    'QUERY_STRING' => 'r=gii'
    'REQUEST_URI' => '/api/web/index.php?r=gii'
    'SCRIPT_NAME' => '/api/web/index.php'
    'PHP_SELF' => '/api/web/index.php'
    'REQUEST_TIME_FLOAT' => 1557413631.627
    'REQUEST_TIME' => 1557413631
]
2019-05-09 16:59:04 [127.0.0.1][-][-][error][yii\web\HttpException:404] yii\base\InvalidRouteException: Unable to resolve the request: v1/operator/index in E:\git\admin-lte\yii2-advanced\vendor\yiisoft\yii2\base\Controller.php:125
Stack trace:
#0 E:\git\admin-lte\yii2-advanced\vendor\yiisoft\yii2\base\Module.php(454): yii\base\Controller->runAction('index', Array)
#1 E:\git\admin-lte\yii2-advanced\vendor\yiisoft\yii2\web\Application.php(84): yii\base\Module->runAction('v1/operator/ind...', Array)
#2 E:\git\admin-lte\yii2-advanced\vendor\yiisoft\yii2\base\Application.php(375): yii\web\Application->handleRequest(Object(yii\web\Request))
#3 E:\git\admin-lte\api\web\index.php(11): yii\base\Application->run()
#4 {main}

Next yii\web\NotFoundHttpException: 页面未找到。 in E:\git\admin-lte\yii2-advanced\vendor\yiisoft\yii2\web\Application.php:96
Stack trace:
#0 E:\git\admin-lte\yii2-advanced\vendor\yiisoft\yii2\base\Application.php(375): yii\web\Application->handleRequest(Object(yii\web\Request))
#1 E:\git\admin-lte\api\web\index.php(11): yii\base\Application->run()
#2 {main}
2019-05-09 16:59:04 [127.0.0.1][-][-][info][application] $_GET = [
    'r' => 'v1/operator/index'
]

$_COOKIE = [
    'PHPSESSID' => 'rs27rkogtj3c6m6tpplr70h39s'
    '_csrf' => '16104ae2444c46af419ca2663be3a3b68ba8b6d89ba2bab0f9588f4c78951743a:2:{i:0;s:5:\"_csrf\";i:1;s:32:\"_lOUu0dSqGtMGECLyeQcUarRv1ZJmco5\";}'
]

$_SERVER = [
    'MIBDIRS' => 'C:/xampp/php/extras/mibs'
    'MYSQL_HOME' => '\\xampp\\mysql\\bin'
    'OPENSSL_CONF' => 'C:/xampp/apache/bin/openssl.cnf'
    'PHP_PEAR_SYSCONF_DIR' => '\\xampp\\php'
    'PHPRC' => '\\xampp\\php'
    'TMP' => '\\xampp\\tmp'
    'HTTP_HOST' => 'www.base.com'
    'HTTP_CONNECTION' => 'keep-alive'
    'HTTP_CACHE_CONTROL' => 'max-age=0'
    'HTTP_UPGRADE_INSECURE_REQUESTS' => '1'
    'HTTP_USER_AGENT' => 'Mozilla/5.0 (Windows NT 10.0; Win64; x64) AppleWebKit/537.36 (KHTML, like Gecko) Chrome/74.0.3729.131 Safari/537.36'
    'HTTP_ACCEPT' => 'text/html,application/xhtml+xml,application/xml;q=0.9,image/webp,image/apng,*/*;q=0.8,application/signed-exchange;v=b3'
    'HTTP_ACCEPT_ENCODING' => 'gzip, deflate'
    'HTTP_ACCEPT_LANGUAGE' => 'zh-CN,zh;q=0.9,en;q=0.8'
    'HTTP_COOKIE' => 'PHPSESSID=rs27rkogtj3c6m6tpplr70h39s; _csrf=16104ae2444c46af419ca2663be3a3b68ba8b6d89ba2bab0f9588f4c78951743a%3A2%3A%7Bi%3A0%3Bs%3A5%3A%22_csrf%22%3Bi%3A1%3Bs%3A32%3A%22_lOUu0dSqGtMGECLyeQcUarRv1ZJmco5%22%3B%7D'
    'PATH' => 'C:\\ProgramData\\Oracle\\Java\\javapath;C:\\ProgramData\\Anaconda3;C:\\ProgramData\\Anaconda3\\Library\\mingw-w64\\bin;C:\\ProgramData\\Anaconda3\\Library\\usr\\bin;C:\\ProgramData\\Anaconda3\\Library\\bin;C:\\ProgramData\\Anaconda3\\Scripts;C:\\windows\\system32;C:\\windows;C:\\windows\\System32\\Wbem;C:\\windows\\System32\\WindowsPowerShell\\v1.0\\;C:\\Program Files\\TortoiseSVN\\bin;C:\\xampp\\php;C:\\xampp\\PHP_CodeSniffer-master\\bin;C:\\Users\\John\\AppData\\Local\\Google\\Chrome\\Application;C:\\Program Files\\Java\\jdk1.8.0_131\\bin;C:\\Program Files\\Java\\jdk1.8.0_131\\jre\\bin;C:\\Program Files\\gradle-4.8\\bin;;C:\\Program Files (x86)\\NVIDIA Corporation\\PhysX\\Common;C:\\Windows\\system32\\config\\systemprofile\\AppData\\Local\\Microsoft\\WindowsApps'
    'SystemRoot' => 'C:\\Windows'
    'COMSPEC' => 'C:\\Windows\\system32\\cmd.exe'
    'PATHEXT' => '.COM;.EXE;.BAT;.CMD;.VBS;.VBE;.JS;.JSE;.WSF;.WSH;.MSC'
    'WINDIR' => 'C:\\Windows'
    'SERVER_SIGNATURE' => '<address>Apache/2.4.27 (Win32) OpenSSL/1.0.2l PHP/7.1.8 Server at www.base.com Port 80</address>
'
    'SERVER_SOFTWARE' => 'Apache/2.4.27 (Win32) OpenSSL/1.0.2l PHP/7.1.8'
    'SERVER_NAME' => 'www.base.com'
    'SERVER_ADDR' => '127.0.0.1'
    'SERVER_PORT' => '80'
    'REMOTE_ADDR' => '127.0.0.1'
    'DOCUMENT_ROOT' => 'E:/git/admin-lte'
    'REQUEST_SCHEME' => 'http'
    'CONTEXT_PREFIX' => ''
    'CONTEXT_DOCUMENT_ROOT' => 'E:/git/admin-lte'
    'SERVER_ADMIN' => 'postmaster@localhost'
    'SCRIPT_FILENAME' => 'E:/git/admin-lte/api/web/index.php'
    'REMOTE_PORT' => '55841'
    'GATEWAY_INTERFACE' => 'CGI/1.1'
    'SERVER_PROTOCOL' => 'HTTP/1.1'
    'REQUEST_METHOD' => 'GET'
    'QUERY_STRING' => 'r=v1/operator/index'
    'REQUEST_URI' => '/api/web/index.php?r=v1/operator/index'
    'SCRIPT_NAME' => '/api/web/index.php'
    'PHP_SELF' => '/api/web/index.php'
    'REQUEST_TIME_FLOAT' => 1557413944.859
    'REQUEST_TIME' => 1557413944
]
2019-05-09 16:59:47 [127.0.0.1][-][-][error][yii\web\HttpException:404] yii\base\InvalidRouteException: Unable to resolve the request: v1/operator/index in E:\git\admin-lte\yii2-advanced\vendor\yiisoft\yii2\base\Controller.php:125
Stack trace:
#0 E:\git\admin-lte\yii2-advanced\vendor\yiisoft\yii2\base\Module.php(454): yii\base\Controller->runAction('index', Array)
#1 E:\git\admin-lte\yii2-advanced\vendor\yiisoft\yii2\web\Application.php(84): yii\base\Module->runAction('v1/operator/ind...', Array)
#2 E:\git\admin-lte\yii2-advanced\vendor\yiisoft\yii2\base\Application.php(375): yii\web\Application->handleRequest(Object(yii\web\Request))
#3 E:\git\admin-lte\api\web\index.php(11): yii\base\Application->run()
#4 {main}

Next yii\web\NotFoundHttpException: 页面未找到。 in E:\git\admin-lte\yii2-advanced\vendor\yiisoft\yii2\web\Application.php:96
Stack trace:
#0 E:\git\admin-lte\yii2-advanced\vendor\yiisoft\yii2\base\Application.php(375): yii\web\Application->handleRequest(Object(yii\web\Request))
#1 E:\git\admin-lte\api\web\index.php(11): yii\base\Application->run()
#2 {main}
2019-05-09 16:59:47 [127.0.0.1][-][-][info][application] $_GET = [
    'r' => 'v1/operator/index'
]

$_COOKIE = [
    'PHPSESSID' => 'rs27rkogtj3c6m6tpplr70h39s'
    '_csrf' => '16104ae2444c46af419ca2663be3a3b68ba8b6d89ba2bab0f9588f4c78951743a:2:{i:0;s:5:\"_csrf\";i:1;s:32:\"_lOUu0dSqGtMGECLyeQcUarRv1ZJmco5\";}'
]

$_SERVER = [
    'MIBDIRS' => 'C:/xampp/php/extras/mibs'
    'MYSQL_HOME' => '\\xampp\\mysql\\bin'
    'OPENSSL_CONF' => 'C:/xampp/apache/bin/openssl.cnf'
    'PHP_PEAR_SYSCONF_DIR' => '\\xampp\\php'
    'PHPRC' => '\\xampp\\php'
    'TMP' => '\\xampp\\tmp'
    'HTTP_HOST' => 'www.base.com'
    'HTTP_CONNECTION' => 'keep-alive'
    'HTTP_CACHE_CONTROL' => 'max-age=0'
    'HTTP_UPGRADE_INSECURE_REQUESTS' => '1'
    'HTTP_USER_AGENT' => 'Mozilla/5.0 (Windows NT 10.0; Win64; x64) AppleWebKit/537.36 (KHTML, like Gecko) Chrome/74.0.3729.131 Safari/537.36'
    'HTTP_ACCEPT' => 'text/html,application/xhtml+xml,application/xml;q=0.9,image/webp,image/apng,*/*;q=0.8,application/signed-exchange;v=b3'
    'HTTP_ACCEPT_ENCODING' => 'gzip, deflate'
    'HTTP_ACCEPT_LANGUAGE' => 'zh-CN,zh;q=0.9,en;q=0.8'
    'HTTP_COOKIE' => 'PHPSESSID=rs27rkogtj3c6m6tpplr70h39s; _csrf=16104ae2444c46af419ca2663be3a3b68ba8b6d89ba2bab0f9588f4c78951743a%3A2%3A%7Bi%3A0%3Bs%3A5%3A%22_csrf%22%3Bi%3A1%3Bs%3A32%3A%22_lOUu0dSqGtMGECLyeQcUarRv1ZJmco5%22%3B%7D'
    'PATH' => 'C:\\ProgramData\\Oracle\\Java\\javapath;C:\\ProgramData\\Anaconda3;C:\\ProgramData\\Anaconda3\\Library\\mingw-w64\\bin;C:\\ProgramData\\Anaconda3\\Library\\usr\\bin;C:\\ProgramData\\Anaconda3\\Library\\bin;C:\\ProgramData\\Anaconda3\\Scripts;C:\\windows\\system32;C:\\windows;C:\\windows\\System32\\Wbem;C:\\windows\\System32\\WindowsPowerShell\\v1.0\\;C:\\Program Files\\TortoiseSVN\\bin;C:\\xampp\\php;C:\\xampp\\PHP_CodeSniffer-master\\bin;C:\\Users\\John\\AppData\\Local\\Google\\Chrome\\Application;C:\\Program Files\\Java\\jdk1.8.0_131\\bin;C:\\Program Files\\Java\\jdk1.8.0_131\\jre\\bin;C:\\Program Files\\gradle-4.8\\bin;;C:\\Program Files (x86)\\NVIDIA Corporation\\PhysX\\Common;C:\\Windows\\system32\\config\\systemprofile\\AppData\\Local\\Microsoft\\WindowsApps'
    'SystemRoot' => 'C:\\Windows'
    'COMSPEC' => 'C:\\Windows\\system32\\cmd.exe'
    'PATHEXT' => '.COM;.EXE;.BAT;.CMD;.VBS;.VBE;.JS;.JSE;.WSF;.WSH;.MSC'
    'WINDIR' => 'C:\\Windows'
    'SERVER_SIGNATURE' => '<address>Apache/2.4.27 (Win32) OpenSSL/1.0.2l PHP/7.1.8 Server at www.base.com Port 80</address>
'
    'SERVER_SOFTWARE' => 'Apache/2.4.27 (Win32) OpenSSL/1.0.2l PHP/7.1.8'
    'SERVER_NAME' => 'www.base.com'
    'SERVER_ADDR' => '127.0.0.1'
    'SERVER_PORT' => '80'
    'REMOTE_ADDR' => '127.0.0.1'
    'DOCUMENT_ROOT' => 'E:/git/admin-lte'
    'REQUEST_SCHEME' => 'http'
    'CONTEXT_PREFIX' => ''
    'CONTEXT_DOCUMENT_ROOT' => 'E:/git/admin-lte'
    'SERVER_ADMIN' => 'postmaster@localhost'
    'SCRIPT_FILENAME' => 'E:/git/admin-lte/api/web/index.php'
    'REMOTE_PORT' => '55849'
    'GATEWAY_INTERFACE' => 'CGI/1.1'
    'SERVER_PROTOCOL' => 'HTTP/1.1'
    'REQUEST_METHOD' => 'GET'
    'QUERY_STRING' => 'r=v1/operator/index'
    'REQUEST_URI' => '/api/web/index.php?r=v1/operator/index'
    'SCRIPT_NAME' => '/api/web/index.php'
    'PHP_SELF' => '/api/web/index.php'
    'REQUEST_TIME_FLOAT' => 1557413987.477
    'REQUEST_TIME' => 1557413987
]
2019-05-09 17:01:00 [127.0.0.1][-][-][error][yii\base\InvalidConfigException] yii\base\InvalidConfigException: The directory does not exist: static/assets in E:\git\admin-lte\yii2-advanced\vendor\yiisoft\yii2\web\AssetManager.php:211
Stack trace:
#0 E:\git\admin-lte\yii2-advanced\vendor\yiisoft\yii2\base\Object.php(107): yii\web\AssetManager->init()
#1 [internal function]: yii\base\Object->__construct(Array)
#2 E:\git\admin-lte\yii2-advanced\vendor\yiisoft\yii2\di\Container.php(374): ReflectionClass->newInstanceArgs(Array)
#3 E:\git\admin-lte\yii2-advanced\vendor\yiisoft\yii2\di\Container.php(153): yii\di\Container->build('yii\\web\\AssetMa...', Array, Array)
#4 E:\git\admin-lte\yii2-advanced\vendor\yiisoft\yii2\BaseYii.php(344): yii\di\Container->get('yii\\web\\AssetMa...', Array, Array)
#5 E:\git\admin-lte\yii2-advanced\vendor\yiisoft\yii2\di\ServiceLocator.php(133): yii\BaseYii::createObject(Array)
#6 E:\git\admin-lte\yii2-advanced\vendor\yiisoft\yii2\di\ServiceLocator.php(71): yii\di\ServiceLocator->get('assetManager')
#7 E:\git\admin-lte\yii2-advanced\vendor\yiisoft\yii2-gii\Module.php(134): yii\di\ServiceLocator->__get('assetManager')
#8 E:\git\admin-lte\yii2-advanced\vendor\yiisoft\yii2-gii\Module.php(123): yii\gii\Module->resetGlobalSettings()
#9 E:\git\admin-lte\yii2-advanced\vendor\yiisoft\yii2\base\Controller.php(142): yii\gii\Module->beforeAction(Object(yii\base\InlineAction))
#10 E:\git\admin-lte\yii2-advanced\vendor\yiisoft\yii2\base\Module.php(454): yii\base\Controller->runAction('', Array)
#11 E:\git\admin-lte\yii2-advanced\vendor\yiisoft\yii2\web\Application.php(84): yii\base\Module->runAction('gii', Array)
#12 E:\git\admin-lte\yii2-advanced\vendor\yiisoft\yii2\base\Application.php(375): yii\web\Application->handleRequest(Object(yii\web\Request))
#13 E:\git\admin-lte\api\web\index.php(11): yii\base\Application->run()
#14 {main}
2019-05-09 17:01:00 [127.0.0.1][-][-][info][application] $_GET = [
    'r' => 'gii'
]

$_COOKIE = [
    'PHPSESSID' => 'rs27rkogtj3c6m6tpplr70h39s'
    '_csrf' => '16104ae2444c46af419ca2663be3a3b68ba8b6d89ba2bab0f9588f4c78951743a:2:{i:0;s:5:\"_csrf\";i:1;s:32:\"_lOUu0dSqGtMGECLyeQcUarRv1ZJmco5\";}'
]

$_SERVER = [
    'MIBDIRS' => 'C:/xampp/php/extras/mibs'
    'MYSQL_HOME' => '\\xampp\\mysql\\bin'
    'OPENSSL_CONF' => 'C:/xampp/apache/bin/openssl.cnf'
    'PHP_PEAR_SYSCONF_DIR' => '\\xampp\\php'
    'PHPRC' => '\\xampp\\php'
    'TMP' => '\\xampp\\tmp'
    'HTTP_HOST' => 'www.base.com'
    'HTTP_CONNECTION' => 'keep-alive'
    'HTTP_CACHE_CONTROL' => 'max-age=0'
    'HTTP_UPGRADE_INSECURE_REQUESTS' => '1'
    'HTTP_USER_AGENT' => 'Mozilla/5.0 (Windows NT 10.0; Win64; x64) AppleWebKit/537.36 (KHTML, like Gecko) Chrome/74.0.3729.131 Safari/537.36'
    'HTTP_ACCEPT' => 'text/html,application/xhtml+xml,application/xml;q=0.9,image/webp,image/apng,*/*;q=0.8,application/signed-exchange;v=b3'
    'HTTP_ACCEPT_ENCODING' => 'gzip, deflate'
    'HTTP_ACCEPT_LANGUAGE' => 'zh-CN,zh;q=0.9,en;q=0.8'
    'HTTP_COOKIE' => 'PHPSESSID=rs27rkogtj3c6m6tpplr70h39s; _csrf=16104ae2444c46af419ca2663be3a3b68ba8b6d89ba2bab0f9588f4c78951743a%3A2%3A%7Bi%3A0%3Bs%3A5%3A%22_csrf%22%3Bi%3A1%3Bs%3A32%3A%22_lOUu0dSqGtMGECLyeQcUarRv1ZJmco5%22%3B%7D'
    'PATH' => 'C:\\ProgramData\\Oracle\\Java\\javapath;C:\\ProgramData\\Anaconda3;C:\\ProgramData\\Anaconda3\\Library\\mingw-w64\\bin;C:\\ProgramData\\Anaconda3\\Library\\usr\\bin;C:\\ProgramData\\Anaconda3\\Library\\bin;C:\\ProgramData\\Anaconda3\\Scripts;C:\\windows\\system32;C:\\windows;C:\\windows\\System32\\Wbem;C:\\windows\\System32\\WindowsPowerShell\\v1.0\\;C:\\Program Files\\TortoiseSVN\\bin;C:\\xampp\\php;C:\\xampp\\PHP_CodeSniffer-master\\bin;C:\\Users\\John\\AppData\\Local\\Google\\Chrome\\Application;C:\\Program Files\\Java\\jdk1.8.0_131\\bin;C:\\Program Files\\Java\\jdk1.8.0_131\\jre\\bin;C:\\Program Files\\gradle-4.8\\bin;;C:\\Program Files (x86)\\NVIDIA Corporation\\PhysX\\Common;C:\\Windows\\system32\\config\\systemprofile\\AppData\\Local\\Microsoft\\WindowsApps'
    'SystemRoot' => 'C:\\Windows'
    'COMSPEC' => 'C:\\Windows\\system32\\cmd.exe'
    'PATHEXT' => '.COM;.EXE;.BAT;.CMD;.VBS;.VBE;.JS;.JSE;.WSF;.WSH;.MSC'
    'WINDIR' => 'C:\\Windows'
    'SERVER_SIGNATURE' => '<address>Apache/2.4.27 (Win32) OpenSSL/1.0.2l PHP/7.1.8 Server at www.base.com Port 80</address>
'
    'SERVER_SOFTWARE' => 'Apache/2.4.27 (Win32) OpenSSL/1.0.2l PHP/7.1.8'
    'SERVER_NAME' => 'www.base.com'
    'SERVER_ADDR' => '127.0.0.1'
    'SERVER_PORT' => '80'
    'REMOTE_ADDR' => '127.0.0.1'
    'DOCUMENT_ROOT' => 'E:/git/admin-lte'
    'REQUEST_SCHEME' => 'http'
    'CONTEXT_PREFIX' => ''
    'CONTEXT_DOCUMENT_ROOT' => 'E:/git/admin-lte'
    'SERVER_ADMIN' => 'postmaster@localhost'
    'SCRIPT_FILENAME' => 'E:/git/admin-lte/api/web/index.php'
    'REMOTE_PORT' => '55862'
    'GATEWAY_INTERFACE' => 'CGI/1.1'
    'SERVER_PROTOCOL' => 'HTTP/1.1'
    'REQUEST_METHOD' => 'GET'
    'QUERY_STRING' => 'r=gii'
    'REQUEST_URI' => '/api/web/index.php?r=gii'
    'SCRIPT_NAME' => '/api/web/index.php'
    'PHP_SELF' => '/api/web/index.php'
    'REQUEST_TIME_FLOAT' => 1557414060.399
    'REQUEST_TIME' => 1557414060
]
2019-05-09 17:01:01 [127.0.0.1][-][-][error][yii\base\InvalidConfigException] yii\base\InvalidConfigException: The directory does not exist: static/assets in E:\git\admin-lte\yii2-advanced\vendor\yiisoft\yii2\web\AssetManager.php:211
Stack trace:
#0 E:\git\admin-lte\yii2-advanced\vendor\yiisoft\yii2\base\Object.php(107): yii\web\AssetManager->init()
#1 [internal function]: yii\base\Object->__construct(Array)
#2 E:\git\admin-lte\yii2-advanced\vendor\yiisoft\yii2\di\Container.php(374): ReflectionClass->newInstanceArgs(Array)
#3 E:\git\admin-lte\yii2-advanced\vendor\yiisoft\yii2\di\Container.php(153): yii\di\Container->build('yii\\web\\AssetMa...', Array, Array)
#4 E:\git\admin-lte\yii2-advanced\vendor\yiisoft\yii2\BaseYii.php(344): yii\di\Container->get('yii\\web\\AssetMa...', Array, Array)
#5 E:\git\admin-lte\yii2-advanced\vendor\yiisoft\yii2\di\ServiceLocator.php(133): yii\BaseYii::createObject(Array)
#6 E:\git\admin-lte\yii2-advanced\vendor\yiisoft\yii2\di\ServiceLocator.php(71): yii\di\ServiceLocator->get('assetManager')
#7 E:\git\admin-lte\yii2-advanced\vendor\yiisoft\yii2-gii\Module.php(134): yii\di\ServiceLocator->__get('assetManager')
#8 E:\git\admin-lte\yii2-advanced\vendor\yiisoft\yii2-gii\Module.php(123): yii\gii\Module->resetGlobalSettings()
#9 E:\git\admin-lte\yii2-advanced\vendor\yiisoft\yii2\base\Controller.php(142): yii\gii\Module->beforeAction(Object(yii\base\InlineAction))
#10 E:\git\admin-lte\yii2-advanced\vendor\yiisoft\yii2\base\Module.php(454): yii\base\Controller->runAction('', Array)
#11 E:\git\admin-lte\yii2-advanced\vendor\yiisoft\yii2\web\Application.php(84): yii\base\Module->runAction('gii', Array)
#12 E:\git\admin-lte\yii2-advanced\vendor\yiisoft\yii2\base\Application.php(375): yii\web\Application->handleRequest(Object(yii\web\Request))
#13 E:\git\admin-lte\api\web\index.php(11): yii\base\Application->run()
#14 {main}
2019-05-09 17:01:01 [127.0.0.1][-][-][info][application] $_GET = [
    'r' => 'gii'
]

$_COOKIE = [
    'PHPSESSID' => 'rs27rkogtj3c6m6tpplr70h39s'
    '_csrf' => '16104ae2444c46af419ca2663be3a3b68ba8b6d89ba2bab0f9588f4c78951743a:2:{i:0;s:5:\"_csrf\";i:1;s:32:\"_lOUu0dSqGtMGECLyeQcUarRv1ZJmco5\";}'
]

$_SERVER = [
    'MIBDIRS' => 'C:/xampp/php/extras/mibs'
    'MYSQL_HOME' => '\\xampp\\mysql\\bin'
    'OPENSSL_CONF' => 'C:/xampp/apache/bin/openssl.cnf'
    'PHP_PEAR_SYSCONF_DIR' => '\\xampp\\php'
    'PHPRC' => '\\xampp\\php'
    'TMP' => '\\xampp\\tmp'
    'HTTP_HOST' => 'www.base.com'
    'HTTP_CONNECTION' => 'keep-alive'
    'HTTP_CACHE_CONTROL' => 'max-age=0'
    'HTTP_UPGRADE_INSECURE_REQUESTS' => '1'
    'HTTP_USER_AGENT' => 'Mozilla/5.0 (Windows NT 10.0; Win64; x64) AppleWebKit/537.36 (KHTML, like Gecko) Chrome/74.0.3729.131 Safari/537.36'
    'HTTP_ACCEPT' => 'text/html,application/xhtml+xml,application/xml;q=0.9,image/webp,image/apng,*/*;q=0.8,application/signed-exchange;v=b3'
    'HTTP_ACCEPT_ENCODING' => 'gzip, deflate'
    'HTTP_ACCEPT_LANGUAGE' => 'zh-CN,zh;q=0.9,en;q=0.8'
    'HTTP_COOKIE' => 'PHPSESSID=rs27rkogtj3c6m6tpplr70h39s; _csrf=16104ae2444c46af419ca2663be3a3b68ba8b6d89ba2bab0f9588f4c78951743a%3A2%3A%7Bi%3A0%3Bs%3A5%3A%22_csrf%22%3Bi%3A1%3Bs%3A32%3A%22_lOUu0dSqGtMGECLyeQcUarRv1ZJmco5%22%3B%7D'
    'PATH' => 'C:\\ProgramData\\Oracle\\Java\\javapath;C:\\ProgramData\\Anaconda3;C:\\ProgramData\\Anaconda3\\Library\\mingw-w64\\bin;C:\\ProgramData\\Anaconda3\\Library\\usr\\bin;C:\\ProgramData\\Anaconda3\\Library\\bin;C:\\ProgramData\\Anaconda3\\Scripts;C:\\windows\\system32;C:\\windows;C:\\windows\\System32\\Wbem;C:\\windows\\System32\\WindowsPowerShell\\v1.0\\;C:\\Program Files\\TortoiseSVN\\bin;C:\\xampp\\php;C:\\xampp\\PHP_CodeSniffer-master\\bin;C:\\Users\\John\\AppData\\Local\\Google\\Chrome\\Application;C:\\Program Files\\Java\\jdk1.8.0_131\\bin;C:\\Program Files\\Java\\jdk1.8.0_131\\jre\\bin;C:\\Program Files\\gradle-4.8\\bin;;C:\\Program Files (x86)\\NVIDIA Corporation\\PhysX\\Common;C:\\Windows\\system32\\config\\systemprofile\\AppData\\Local\\Microsoft\\WindowsApps'
    'SystemRoot' => 'C:\\Windows'
    'COMSPEC' => 'C:\\Windows\\system32\\cmd.exe'
    'PATHEXT' => '.COM;.EXE;.BAT;.CMD;.VBS;.VBE;.JS;.JSE;.WSF;.WSH;.MSC'
    'WINDIR' => 'C:\\Windows'
    'SERVER_SIGNATURE' => '<address>Apache/2.4.27 (Win32) OpenSSL/1.0.2l PHP/7.1.8 Server at www.base.com Port 80</address>
'
    'SERVER_SOFTWARE' => 'Apache/2.4.27 (Win32) OpenSSL/1.0.2l PHP/7.1.8'
    'SERVER_NAME' => 'www.base.com'
    'SERVER_ADDR' => '127.0.0.1'
    'SERVER_PORT' => '80'
    'REMOTE_ADDR' => '127.0.0.1'
    'DOCUMENT_ROOT' => 'E:/git/admin-lte'
    'REQUEST_SCHEME' => 'http'
    'CONTEXT_PREFIX' => ''
    'CONTEXT_DOCUMENT_ROOT' => 'E:/git/admin-lte'
    'SERVER_ADMIN' => 'postmaster@localhost'
    'SCRIPT_FILENAME' => 'E:/git/admin-lte/api/web/index.php'
    'REMOTE_PORT' => '55867'
    'GATEWAY_INTERFACE' => 'CGI/1.1'
    'SERVER_PROTOCOL' => 'HTTP/1.1'
    'REQUEST_METHOD' => 'GET'
    'QUERY_STRING' => 'r=gii'
    'REQUEST_URI' => '/api/web/index.php?r=gii'
    'SCRIPT_NAME' => '/api/web/index.php'
    'PHP_SELF' => '/api/web/index.php'
    'REQUEST_TIME_FLOAT' => 1557414061.001
    'REQUEST_TIME' => 1557414061
]
2019-05-09 17:03:54 [127.0.0.1][-][-][error][yii\base\ErrorException:1] yii\base\ErrorException: Class 'app\modules\v1\controllers\BaseController' not found in E:\git\admin-lte\api\modules\v1\controllers\OperatorController.php:14
Stack trace:
#0 E:\git\admin-lte\yii2-advanced\vendor\yiisoft\yii2\base\Module.php(562): yii\BaseYii::autoload()
#1 E:\git\admin-lte\yii2-advanced\vendor\yiisoft\yii2\base\Module.php(562): ::spl_autoload_call()
#2 E:\git\admin-lte\yii2-advanced\vendor\yiisoft\yii2\base\Module.php(562): ::class_exists()
#3 E:\git\admin-lte\yii2-advanced\vendor\yiisoft\yii2\base\Module.php(520): app\modules\v1\Module->createControllerByID()
#4 E:\git\admin-lte\yii2-advanced\vendor\yiisoft\yii2\base\Module.php(512): app\modules\v1\Module->createController()
#5 E:\git\admin-lte\yii2-advanced\vendor\yiisoft\yii2\base\Module.php(448): yii\web\Application->createController()
#6 E:\git\admin-lte\yii2-advanced\vendor\yiisoft\yii2\web\Application.php(84): yii\web\Application->runAction()
#7 E:\git\admin-lte\yii2-advanced\vendor\yiisoft\yii2\base\Application.php(375): yii\web\Application->handleRequest()
#8 E:\git\admin-lte\api\web\index.php(11): yii\web\Application->run()
#9 {main}
2019-05-09 17:03:54 [127.0.0.1][-][-][info][application] $_GET = [
    'r' => 'v1/operator/index'
]

$_COOKIE = [
    'PHPSESSID' => 'rs27rkogtj3c6m6tpplr70h39s'
    '_csrf' => '16104ae2444c46af419ca2663be3a3b68ba8b6d89ba2bab0f9588f4c78951743a:2:{i:0;s:5:\"_csrf\";i:1;s:32:\"_lOUu0dSqGtMGECLyeQcUarRv1ZJmco5\";}'
]

$_SERVER = [
    'MIBDIRS' => 'C:/xampp/php/extras/mibs'
    'MYSQL_HOME' => '\\xampp\\mysql\\bin'
    'OPENSSL_CONF' => 'C:/xampp/apache/bin/openssl.cnf'
    'PHP_PEAR_SYSCONF_DIR' => '\\xampp\\php'
    'PHPRC' => '\\xampp\\php'
    'TMP' => '\\xampp\\tmp'
    'HTTP_HOST' => 'www.base.com'
    'HTTP_CONNECTION' => 'keep-alive'
    'HTTP_UPGRADE_INSECURE_REQUESTS' => '1'
    'HTTP_USER_AGENT' => 'Mozilla/5.0 (Windows NT 10.0; Win64; x64) AppleWebKit/537.36 (KHTML, like Gecko) Chrome/74.0.3729.131 Safari/537.36'
    'HTTP_ACCEPT' => 'text/html,application/xhtml+xml,application/xml;q=0.9,image/webp,image/apng,*/*;q=0.8,application/signed-exchange;v=b3'
    'HTTP_ACCEPT_ENCODING' => 'gzip, deflate'
    'HTTP_ACCEPT_LANGUAGE' => 'zh-CN,zh;q=0.9,en;q=0.8'
    'HTTP_COOKIE' => 'PHPSESSID=rs27rkogtj3c6m6tpplr70h39s; _csrf=16104ae2444c46af419ca2663be3a3b68ba8b6d89ba2bab0f9588f4c78951743a%3A2%3A%7Bi%3A0%3Bs%3A5%3A%22_csrf%22%3Bi%3A1%3Bs%3A32%3A%22_lOUu0dSqGtMGECLyeQcUarRv1ZJmco5%22%3B%7D'
    'PATH' => 'C:\\ProgramData\\Oracle\\Java\\javapath;C:\\ProgramData\\Anaconda3;C:\\ProgramData\\Anaconda3\\Library\\mingw-w64\\bin;C:\\ProgramData\\Anaconda3\\Library\\usr\\bin;C:\\ProgramData\\Anaconda3\\Library\\bin;C:\\ProgramData\\Anaconda3\\Scripts;C:\\windows\\system32;C:\\windows;C:\\windows\\System32\\Wbem;C:\\windows\\System32\\WindowsPowerShell\\v1.0\\;C:\\Program Files\\TortoiseSVN\\bin;C:\\xampp\\php;C:\\xampp\\PHP_CodeSniffer-master\\bin;C:\\Users\\John\\AppData\\Local\\Google\\Chrome\\Application;C:\\Program Files\\Java\\jdk1.8.0_131\\bin;C:\\Program Files\\Java\\jdk1.8.0_131\\jre\\bin;C:\\Program Files\\gradle-4.8\\bin;;C:\\Program Files (x86)\\NVIDIA Corporation\\PhysX\\Common;C:\\Windows\\system32\\config\\systemprofile\\AppData\\Local\\Microsoft\\WindowsApps'
    'SystemRoot' => 'C:\\Windows'
    'COMSPEC' => 'C:\\Windows\\system32\\cmd.exe'
    'PATHEXT' => '.COM;.EXE;.BAT;.CMD;.VBS;.VBE;.JS;.JSE;.WSF;.WSH;.MSC'
    'WINDIR' => 'C:\\Windows'
    'SERVER_SIGNATURE' => '<address>Apache/2.4.27 (Win32) OpenSSL/1.0.2l PHP/7.1.8 Server at www.base.com Port 80</address>
'
    'SERVER_SOFTWARE' => 'Apache/2.4.27 (Win32) OpenSSL/1.0.2l PHP/7.1.8'
    'SERVER_NAME' => 'www.base.com'
    'SERVER_ADDR' => '127.0.0.1'
    'SERVER_PORT' => '80'
    'REMOTE_ADDR' => '127.0.0.1'
    'DOCUMENT_ROOT' => 'E:/git/admin-lte'
    'REQUEST_SCHEME' => 'http'
    'CONTEXT_PREFIX' => ''
    'CONTEXT_DOCUMENT_ROOT' => 'E:/git/admin-lte'
    'SERVER_ADMIN' => 'postmaster@localhost'
    'SCRIPT_FILENAME' => 'E:/git/admin-lte/api/web/index.php'
    'REMOTE_PORT' => '55898'
    'GATEWAY_INTERFACE' => 'CGI/1.1'
    'SERVER_PROTOCOL' => 'HTTP/1.1'
    'REQUEST_METHOD' => 'GET'
    'QUERY_STRING' => 'r=v1/operator/index'
    'REQUEST_URI' => '/api/web/index.php?r=v1/operator/index'
    'SCRIPT_NAME' => '/api/web/index.php'
    'PHP_SELF' => '/api/web/index.php'
    'REQUEST_TIME_FLOAT' => 1557414234.066
    'REQUEST_TIME' => 1557414234
]
2019-05-09 17:06:35 [127.0.0.1][-][-][error][yii\base\ErrorException:1] yii\base\ErrorException: Class 'app\modules\v1\controllers\BaseController' not found in E:\git\admin-lte\api\modules\v1\controllers\OperatorController.php:11
Stack trace:
#0 E:\git\admin-lte\yii2-advanced\vendor\yiisoft\yii2\base\Module.php(562): yii\BaseYii::autoload()
#1 E:\git\admin-lte\yii2-advanced\vendor\yiisoft\yii2\base\Module.php(562): ::spl_autoload_call()
#2 E:\git\admin-lte\yii2-advanced\vendor\yiisoft\yii2\base\Module.php(562): ::class_exists()
#3 E:\git\admin-lte\yii2-advanced\vendor\yiisoft\yii2\base\Module.php(520): app\modules\v1\Module->createControllerByID()
#4 E:\git\admin-lte\yii2-advanced\vendor\yiisoft\yii2\base\Module.php(512): app\modules\v1\Module->createController()
#5 E:\git\admin-lte\yii2-advanced\vendor\yiisoft\yii2\base\Module.php(448): yii\web\Application->createController()
#6 E:\git\admin-lte\yii2-advanced\vendor\yiisoft\yii2\web\Application.php(84): yii\web\Application->runAction()
#7 E:\git\admin-lte\yii2-advanced\vendor\yiisoft\yii2\base\Application.php(375): yii\web\Application->handleRequest()
#8 E:\git\admin-lte\api\web\index.php(11): yii\web\Application->run()
#9 {main}
2019-05-09 17:06:34 [127.0.0.1][-][-][info][application] $_GET = [
    'r' => 'v1/operator/index'
]

$_COOKIE = [
    'PHPSESSID' => 'rs27rkogtj3c6m6tpplr70h39s'
    '_csrf' => '16104ae2444c46af419ca2663be3a3b68ba8b6d89ba2bab0f9588f4c78951743a:2:{i:0;s:5:\"_csrf\";i:1;s:32:\"_lOUu0dSqGtMGECLyeQcUarRv1ZJmco5\";}'
]

$_SERVER = [
    'MIBDIRS' => 'C:/xampp/php/extras/mibs'
    'MYSQL_HOME' => '\\xampp\\mysql\\bin'
    'OPENSSL_CONF' => 'C:/xampp/apache/bin/openssl.cnf'
    'PHP_PEAR_SYSCONF_DIR' => '\\xampp\\php'
    'PHPRC' => '\\xampp\\php'
    'TMP' => '\\xampp\\tmp'
    'HTTP_HOST' => 'www.base.com'
    'HTTP_CONNECTION' => 'keep-alive'
    'HTTP_CACHE_CONTROL' => 'max-age=0'
    'HTTP_UPGRADE_INSECURE_REQUESTS' => '1'
    'HTTP_USER_AGENT' => 'Mozilla/5.0 (Windows NT 10.0; Win64; x64) AppleWebKit/537.36 (KHTML, like Gecko) Chrome/74.0.3729.131 Safari/537.36'
    'HTTP_ACCEPT' => 'text/html,application/xhtml+xml,application/xml;q=0.9,image/webp,image/apng,*/*;q=0.8,application/signed-exchange;v=b3'
    'HTTP_ACCEPT_ENCODING' => 'gzip, deflate'
    'HTTP_ACCEPT_LANGUAGE' => 'zh-CN,zh;q=0.9,en;q=0.8'
    'HTTP_COOKIE' => 'PHPSESSID=rs27rkogtj3c6m6tpplr70h39s; _csrf=16104ae2444c46af419ca2663be3a3b68ba8b6d89ba2bab0f9588f4c78951743a%3A2%3A%7Bi%3A0%3Bs%3A5%3A%22_csrf%22%3Bi%3A1%3Bs%3A32%3A%22_lOUu0dSqGtMGECLyeQcUarRv1ZJmco5%22%3B%7D'
    'PATH' => 'C:\\ProgramData\\Oracle\\Java\\javapath;C:\\ProgramData\\Anaconda3;C:\\ProgramData\\Anaconda3\\Library\\mingw-w64\\bin;C:\\ProgramData\\Anaconda3\\Library\\usr\\bin;C:\\ProgramData\\Anaconda3\\Library\\bin;C:\\ProgramData\\Anaconda3\\Scripts;C:\\windows\\system32;C:\\windows;C:\\windows\\System32\\Wbem;C:\\windows\\System32\\WindowsPowerShell\\v1.0\\;C:\\Program Files\\TortoiseSVN\\bin;C:\\xampp\\php;C:\\xampp\\PHP_CodeSniffer-master\\bin;C:\\Users\\John\\AppData\\Local\\Google\\Chrome\\Application;C:\\Program Files\\Java\\jdk1.8.0_131\\bin;C:\\Program Files\\Java\\jdk1.8.0_131\\jre\\bin;C:\\Program Files\\gradle-4.8\\bin;;C:\\Program Files (x86)\\NVIDIA Corporation\\PhysX\\Common;C:\\Windows\\system32\\config\\systemprofile\\AppData\\Local\\Microsoft\\WindowsApps'
    'SystemRoot' => 'C:\\Windows'
    'COMSPEC' => 'C:\\Windows\\system32\\cmd.exe'
    'PATHEXT' => '.COM;.EXE;.BAT;.CMD;.VBS;.VBE;.JS;.JSE;.WSF;.WSH;.MSC'
    'WINDIR' => 'C:\\Windows'
    'SERVER_SIGNATURE' => '<address>Apache/2.4.27 (Win32) OpenSSL/1.0.2l PHP/7.1.8 Server at www.base.com Port 80</address>
'
    'SERVER_SOFTWARE' => 'Apache/2.4.27 (Win32) OpenSSL/1.0.2l PHP/7.1.8'
    'SERVER_NAME' => 'www.base.com'
    'SERVER_ADDR' => '127.0.0.1'
    'SERVER_PORT' => '80'
    'REMOTE_ADDR' => '127.0.0.1'
    'DOCUMENT_ROOT' => 'E:/git/admin-lte'
    'REQUEST_SCHEME' => 'http'
    'CONTEXT_PREFIX' => ''
    'CONTEXT_DOCUMENT_ROOT' => 'E:/git/admin-lte'
    'SERVER_ADMIN' => 'postmaster@localhost'
    'SCRIPT_FILENAME' => 'E:/git/admin-lte/api/web/index.php'
    'REMOTE_PORT' => '55942'
    'GATEWAY_INTERFACE' => 'CGI/1.1'
    'SERVER_PROTOCOL' => 'HTTP/1.1'
    'REQUEST_METHOD' => 'GET'
    'QUERY_STRING' => 'r=v1/operator/index'
    'REQUEST_URI' => '/api/web/index.php?r=v1/operator/index'
    'SCRIPT_NAME' => '/api/web/index.php'
    'PHP_SELF' => '/api/web/index.php'
    'REQUEST_TIME_FLOAT' => 1557414394.967
    'REQUEST_TIME' => 1557414394
]
