2018-02-26 08:14:13 [127.0.0.1][1][veij8abmnuk4i7u25hpcuebpnf][error][yii\web\HttpException:404] yii\base\InvalidRouteException: Unable to resolve the request "category/index". in D:\company\sandtable\sourcecodes\yii2-advanced\vendor\yiisoft\yii2\base\Module.php:460
Stack trace:
#0 D:\company\sandtable\sourcecodes\yii2-advanced\vendor\yiisoft\yii2\web\Application.php(84): yii\base\Module->runAction('category/index', Array)
#1 D:\company\sandtable\sourcecodes\yii2-advanced\vendor\yiisoft\yii2\base\Application.php(375): yii\web\Application->handleRequest(Object(yii\web\Request))
#2 D:\company\sandtable\sourcecodes\sand\web\index.php(12): yii\base\Application->run()
#3 {main}

Next yii\web\NotFoundHttpException: 页面未找到。 in D:\company\sandtable\sourcecodes\yii2-advanced\vendor\yiisoft\yii2\web\Application.php:96
Stack trace:
#0 D:\company\sandtable\sourcecodes\yii2-advanced\vendor\yiisoft\yii2\base\Application.php(375): yii\web\Application->handleRequest(Object(yii\web\Request))
#1 D:\company\sandtable\sourcecodes\sand\web\index.php(12): yii\base\Application->run()
#2 {main}
2018-02-26 08:14:13 [127.0.0.1][1][veij8abmnuk4i7u25hpcuebpnf][info][application] $_GET = [
    'r' => 'category/index'
]

$_COOKIE = [
    '_csrf' => '473afc0358b393e2d5761138f071fbc5c92e49780588a32b57fbbfa429fbca8da:2:{i:0;s:5:\"_csrf\";i:1;s:32:\"cMBDEOtP1X3LYR6zsP2ucwE-7hb1xx49\";}'
    'PHPSESSID' => 'veij8abmnuk4i7u25hpcuebpnf'
]

$_SESSION = [
    '__flash' => []
    '__captcha/site/captcha' => 'mhain'
    '__captcha/site/captchacount' => 1
    '__id' => 1
]

$_SERVER = [
    'MIBDIRS' => 'D:/install/php/extras/mibs'
    'MYSQL_HOME' => '\\xampp\\mysql\\bin'
    'OPENSSL_CONF' => 'D:/install/apache/bin/openssl.cnf'
    'PHP_PEAR_SYSCONF_DIR' => '\\xampp\\php'
    'PHPRC' => '\\xampp\\php'
    'TMP' => '\\xampp\\tmp'
    'HTTP_HOST' => 'www.blog.com'
    'HTTP_CONNECTION' => 'keep-alive'
    'HTTP_UPGRADE_INSECURE_REQUESTS' => '1'
    'HTTP_USER_AGENT' => 'Mozilla/5.0 (Windows NT 10.0; WOW64) AppleWebKit/537.36 (KHTML, like Gecko) Chrome/64.0.3282.167 Safari/537.36'
    'HTTP_ACCEPT' => 'text/html,application/xhtml+xml,application/xml;q=0.9,image/webp,image/apng,*/*;q=0.8'
    'HTTP_REFERER' => 'http://www.blog.com/index.php?r=menu%2Findex'
    'HTTP_ACCEPT_ENCODING' => 'gzip, deflate'
    'HTTP_ACCEPT_LANGUAGE' => 'zh-CN,zh;q=0.9'
    'HTTP_COOKIE' => '_csrf=473afc0358b393e2d5761138f071fbc5c92e49780588a32b57fbbfa429fbca8da%3A2%3A%7Bi%3A0%3Bs%3A5%3A%22_csrf%22%3Bi%3A1%3Bs%3A32%3A%22cMBDEOtP1X3LYR6zsP2ucwE-7hb1xx49%22%3B%7D; PHPSESSID=veij8abmnuk4i7u25hpcuebpnf'
    'PATH' => 'C:\\WINDOWS\\system32;C:\\WINDOWS;C:\\WINDOWS\\System32\\Wbem;C:\\WINDOWS\\System32\\WindowsPowerShell\\v1.0\\;C:\\Program Files\\OpenVPN\\bin;C:\\Program Files\\TortoiseSVN\\bin;C:\\WINDOWS\\system32\\config\\systemprofile\\AppData\\Local\\Microsoft\\WindowsApps'
    'SystemRoot' => 'C:\\WINDOWS'
    'COMSPEC' => 'C:\\WINDOWS\\system32\\cmd.exe'
    'PATHEXT' => '.COM;.EXE;.BAT;.CMD;.VBS;.VBE;.JS;.JSE;.WSF;.WSH;.MSC'
    'WINDIR' => 'C:\\WINDOWS'
    'SERVER_SIGNATURE' => '<address>Apache/2.4.27 (Win32) OpenSSL/1.0.2l PHP/7.1.8 Server at www.blog.com Port 80</address>
'
    'SERVER_SOFTWARE' => 'Apache/2.4.27 (Win32) OpenSSL/1.0.2l PHP/7.1.8'
    'SERVER_NAME' => 'www.blog.com'
    'SERVER_ADDR' => '127.0.0.1'
    'SERVER_PORT' => '80'
    'REMOTE_ADDR' => '127.0.0.1'
    'DOCUMENT_ROOT' => 'D:/company/sandtable/sourcecodes/sand/web'
    'REQUEST_SCHEME' => 'http'
    'CONTEXT_PREFIX' => ''
    'CONTEXT_DOCUMENT_ROOT' => 'D:/company/sandtable/sourcecodes/sand/web'
    'SERVER_ADMIN' => 'webmaster@dummy-host2.example.com'
    'SCRIPT_FILENAME' => 'D:/company/sandtable/sourcecodes/sand/web/index.php'
    'REMOTE_PORT' => '8933'
    'GATEWAY_INTERFACE' => 'CGI/1.1'
    'SERVER_PROTOCOL' => 'HTTP/1.1'
    'REQUEST_METHOD' => 'GET'
    'QUERY_STRING' => 'r=category%2Findex'
    'REQUEST_URI' => '/index.php?r=category%2Findex'
    'SCRIPT_NAME' => '/index.php'
    'PHP_SELF' => '/index.php'
    'REQUEST_TIME_FLOAT' => 1519629253.465
    'REQUEST_TIME' => 1519629253
]
2018-02-26 08:14:14 [127.0.0.1][1][veij8abmnuk4i7u25hpcuebpnf][error][yii\web\HttpException:404] yii\base\InvalidRouteException: Unable to resolve the request "category/index". in D:\company\sandtable\sourcecodes\yii2-advanced\vendor\yiisoft\yii2\base\Module.php:460
Stack trace:
#0 D:\company\sandtable\sourcecodes\yii2-advanced\vendor\yiisoft\yii2\web\Application.php(84): yii\base\Module->runAction('category/index', Array)
#1 D:\company\sandtable\sourcecodes\yii2-advanced\vendor\yiisoft\yii2\base\Application.php(375): yii\web\Application->handleRequest(Object(yii\web\Request))
#2 D:\company\sandtable\sourcecodes\sand\web\index.php(12): yii\base\Application->run()
#3 {main}

Next yii\web\NotFoundHttpException: 页面未找到。 in D:\company\sandtable\sourcecodes\yii2-advanced\vendor\yiisoft\yii2\web\Application.php:96
Stack trace:
#0 D:\company\sandtable\sourcecodes\yii2-advanced\vendor\yiisoft\yii2\base\Application.php(375): yii\web\Application->handleRequest(Object(yii\web\Request))
#1 D:\company\sandtable\sourcecodes\sand\web\index.php(12): yii\base\Application->run()
#2 {main}
2018-02-26 08:14:14 [127.0.0.1][1][veij8abmnuk4i7u25hpcuebpnf][info][application] $_GET = [
    'r' => 'category/index'
]

$_COOKIE = [
    '_csrf' => '473afc0358b393e2d5761138f071fbc5c92e49780588a32b57fbbfa429fbca8da:2:{i:0;s:5:\"_csrf\";i:1;s:32:\"cMBDEOtP1X3LYR6zsP2ucwE-7hb1xx49\";}'
    'PHPSESSID' => 'veij8abmnuk4i7u25hpcuebpnf'
]

$_SESSION = [
    '__flash' => []
    '__captcha/site/captcha' => 'mhain'
    '__captcha/site/captchacount' => 1
    '__id' => 1
]

$_SERVER = [
    'MIBDIRS' => 'D:/install/php/extras/mibs'
    'MYSQL_HOME' => '\\xampp\\mysql\\bin'
    'OPENSSL_CONF' => 'D:/install/apache/bin/openssl.cnf'
    'PHP_PEAR_SYSCONF_DIR' => '\\xampp\\php'
    'PHPRC' => '\\xampp\\php'
    'TMP' => '\\xampp\\tmp'
    'HTTP_HOST' => 'www.blog.com'
    'HTTP_CONNECTION' => 'keep-alive'
    'HTTP_UPGRADE_INSECURE_REQUESTS' => '1'
    'HTTP_USER_AGENT' => 'Mozilla/5.0 (Windows NT 10.0; WOW64) AppleWebKit/537.36 (KHTML, like Gecko) Chrome/64.0.3282.167 Safari/537.36'
    'HTTP_ACCEPT' => 'text/html,application/xhtml+xml,application/xml;q=0.9,image/webp,image/apng,*/*;q=0.8'
    'HTTP_REFERER' => 'http://www.blog.com/index.php?r=category%2Findex'
    'HTTP_ACCEPT_ENCODING' => 'gzip, deflate'
    'HTTP_ACCEPT_LANGUAGE' => 'zh-CN,zh;q=0.9'
    'HTTP_COOKIE' => '_csrf=473afc0358b393e2d5761138f071fbc5c92e49780588a32b57fbbfa429fbca8da%3A2%3A%7Bi%3A0%3Bs%3A5%3A%22_csrf%22%3Bi%3A1%3Bs%3A32%3A%22cMBDEOtP1X3LYR6zsP2ucwE-7hb1xx49%22%3B%7D; PHPSESSID=veij8abmnuk4i7u25hpcuebpnf'
    'PATH' => 'C:\\WINDOWS\\system32;C:\\WINDOWS;C:\\WINDOWS\\System32\\Wbem;C:\\WINDOWS\\System32\\WindowsPowerShell\\v1.0\\;C:\\Program Files\\OpenVPN\\bin;C:\\Program Files\\TortoiseSVN\\bin;C:\\WINDOWS\\system32\\config\\systemprofile\\AppData\\Local\\Microsoft\\WindowsApps'
    'SystemRoot' => 'C:\\WINDOWS'
    'COMSPEC' => 'C:\\WINDOWS\\system32\\cmd.exe'
    'PATHEXT' => '.COM;.EXE;.BAT;.CMD;.VBS;.VBE;.JS;.JSE;.WSF;.WSH;.MSC'
    'WINDIR' => 'C:\\WINDOWS'
    'SERVER_SIGNATURE' => '<address>Apache/2.4.27 (Win32) OpenSSL/1.0.2l PHP/7.1.8 Server at www.blog.com Port 80</address>
'
    'SERVER_SOFTWARE' => 'Apache/2.4.27 (Win32) OpenSSL/1.0.2l PHP/7.1.8'
    'SERVER_NAME' => 'www.blog.com'
    'SERVER_ADDR' => '127.0.0.1'
    'SERVER_PORT' => '80'
    'REMOTE_ADDR' => '127.0.0.1'
    'DOCUMENT_ROOT' => 'D:/company/sandtable/sourcecodes/sand/web'
    'REQUEST_SCHEME' => 'http'
    'CONTEXT_PREFIX' => ''
    'CONTEXT_DOCUMENT_ROOT' => 'D:/company/sandtable/sourcecodes/sand/web'
    'SERVER_ADMIN' => 'webmaster@dummy-host2.example.com'
    'SCRIPT_FILENAME' => 'D:/company/sandtable/sourcecodes/sand/web/index.php'
    'REMOTE_PORT' => '8945'
    'GATEWAY_INTERFACE' => 'CGI/1.1'
    'SERVER_PROTOCOL' => 'HTTP/1.1'
    'REQUEST_METHOD' => 'GET'
    'QUERY_STRING' => 'r=category%2Findex'
    'REQUEST_URI' => '/index.php?r=category%2Findex'
    'SCRIPT_NAME' => '/index.php'
    'PHP_SELF' => '/index.php'
    'REQUEST_TIME_FLOAT' => 1519629254.806
    'REQUEST_TIME' => 1519629254
]
2018-02-26 08:14:50 [127.0.0.1][1][veij8abmnuk4i7u25hpcuebpnf][error][yii\web\HttpException:404] yii\base\InvalidRouteException: Unable to resolve the request "category/index". in D:\company\sandtable\sourcecodes\yii2-advanced\vendor\yiisoft\yii2\base\Module.php:460
Stack trace:
#0 D:\company\sandtable\sourcecodes\yii2-advanced\vendor\yiisoft\yii2\web\Application.php(84): yii\base\Module->runAction('category/index', Array)
#1 D:\company\sandtable\sourcecodes\yii2-advanced\vendor\yiisoft\yii2\base\Application.php(375): yii\web\Application->handleRequest(Object(yii\web\Request))
#2 D:\company\sandtable\sourcecodes\sand\web\index.php(12): yii\base\Application->run()
#3 {main}

Next yii\web\NotFoundHttpException: 页面未找到。 in D:\company\sandtable\sourcecodes\yii2-advanced\vendor\yiisoft\yii2\web\Application.php:96
Stack trace:
#0 D:\company\sandtable\sourcecodes\yii2-advanced\vendor\yiisoft\yii2\base\Application.php(375): yii\web\Application->handleRequest(Object(yii\web\Request))
#1 D:\company\sandtable\sourcecodes\sand\web\index.php(12): yii\base\Application->run()
#2 {main}
2018-02-26 08:14:50 [127.0.0.1][1][veij8abmnuk4i7u25hpcuebpnf][info][application] $_GET = [
    'r' => 'category/index'
]

$_COOKIE = [
    '_csrf' => '473afc0358b393e2d5761138f071fbc5c92e49780588a32b57fbbfa429fbca8da:2:{i:0;s:5:\"_csrf\";i:1;s:32:\"cMBDEOtP1X3LYR6zsP2ucwE-7hb1xx49\";}'
    'PHPSESSID' => 'veij8abmnuk4i7u25hpcuebpnf'
]

$_SESSION = [
    '__flash' => []
    '__captcha/site/captcha' => 'mhain'
    '__captcha/site/captchacount' => 1
    '__id' => 1
]

$_SERVER = [
    'MIBDIRS' => 'D:/install/php/extras/mibs'
    'MYSQL_HOME' => '\\xampp\\mysql\\bin'
    'OPENSSL_CONF' => 'D:/install/apache/bin/openssl.cnf'
    'PHP_PEAR_SYSCONF_DIR' => '\\xampp\\php'
    'PHPRC' => '\\xampp\\php'
    'TMP' => '\\xampp\\tmp'
    'HTTP_HOST' => 'www.blog.com'
    'HTTP_CONNECTION' => 'keep-alive'
    'HTTP_UPGRADE_INSECURE_REQUESTS' => '1'
    'HTTP_USER_AGENT' => 'Mozilla/5.0 (Windows NT 10.0; WOW64) AppleWebKit/537.36 (KHTML, like Gecko) Chrome/64.0.3282.167 Safari/537.36'
    'HTTP_ACCEPT' => 'text/html,application/xhtml+xml,application/xml;q=0.9,image/webp,image/apng,*/*;q=0.8'
    'HTTP_REFERER' => 'http://www.blog.com/index.php?r=menu%2Findex'
    'HTTP_ACCEPT_ENCODING' => 'gzip, deflate'
    'HTTP_ACCEPT_LANGUAGE' => 'zh-CN,zh;q=0.9'
    'HTTP_COOKIE' => '_csrf=473afc0358b393e2d5761138f071fbc5c92e49780588a32b57fbbfa429fbca8da%3A2%3A%7Bi%3A0%3Bs%3A5%3A%22_csrf%22%3Bi%3A1%3Bs%3A32%3A%22cMBDEOtP1X3LYR6zsP2ucwE-7hb1xx49%22%3B%7D; PHPSESSID=veij8abmnuk4i7u25hpcuebpnf'
    'PATH' => 'C:\\WINDOWS\\system32;C:\\WINDOWS;C:\\WINDOWS\\System32\\Wbem;C:\\WINDOWS\\System32\\WindowsPowerShell\\v1.0\\;C:\\Program Files\\OpenVPN\\bin;C:\\Program Files\\TortoiseSVN\\bin;C:\\WINDOWS\\system32\\config\\systemprofile\\AppData\\Local\\Microsoft\\WindowsApps'
    'SystemRoot' => 'C:\\WINDOWS'
    'COMSPEC' => 'C:\\WINDOWS\\system32\\cmd.exe'
    'PATHEXT' => '.COM;.EXE;.BAT;.CMD;.VBS;.VBE;.JS;.JSE;.WSF;.WSH;.MSC'
    'WINDIR' => 'C:\\WINDOWS'
    'SERVER_SIGNATURE' => '<address>Apache/2.4.27 (Win32) OpenSSL/1.0.2l PHP/7.1.8 Server at www.blog.com Port 80</address>
'
    'SERVER_SOFTWARE' => 'Apache/2.4.27 (Win32) OpenSSL/1.0.2l PHP/7.1.8'
    'SERVER_NAME' => 'www.blog.com'
    'SERVER_ADDR' => '127.0.0.1'
    'SERVER_PORT' => '80'
    'REMOTE_ADDR' => '127.0.0.1'
    'DOCUMENT_ROOT' => 'D:/company/sandtable/sourcecodes/sand/web'
    'REQUEST_SCHEME' => 'http'
    'CONTEXT_PREFIX' => ''
    'CONTEXT_DOCUMENT_ROOT' => 'D:/company/sandtable/sourcecodes/sand/web'
    'SERVER_ADMIN' => 'webmaster@dummy-host2.example.com'
    'SCRIPT_FILENAME' => 'D:/company/sandtable/sourcecodes/sand/web/index.php'
    'REMOTE_PORT' => '9007'
    'GATEWAY_INTERFACE' => 'CGI/1.1'
    'SERVER_PROTOCOL' => 'HTTP/1.1'
    'REQUEST_METHOD' => 'GET'
    'QUERY_STRING' => 'r=category%2Findex'
    'REQUEST_URI' => '/index.php?r=category%2Findex'
    'SCRIPT_NAME' => '/index.php'
    'PHP_SELF' => '/index.php'
    'REQUEST_TIME_FLOAT' => 1519629290.918
    'REQUEST_TIME' => 1519629290
]
2018-02-26 08:30:58 [127.0.0.1][1][veij8abmnuk4i7u25hpcuebpnf][error][yii\web\HttpException:404] yii\base\InvalidRouteException: Unable to resolve the request "category/index". in D:\company\sandtable\sourcecodes\yii2-advanced\vendor\yiisoft\yii2\base\Module.php:460
Stack trace:
#0 D:\company\sandtable\sourcecodes\yii2-advanced\vendor\yiisoft\yii2\web\Application.php(84): yii\base\Module->runAction('category/index', Array)
#1 D:\company\sandtable\sourcecodes\yii2-advanced\vendor\yiisoft\yii2\base\Application.php(375): yii\web\Application->handleRequest(Object(yii\web\Request))
#2 D:\company\sandtable\sourcecodes\sand\web\index.php(12): yii\base\Application->run()
#3 {main}

Next yii\web\NotFoundHttpException: 页面未找到。 in D:\company\sandtable\sourcecodes\yii2-advanced\vendor\yiisoft\yii2\web\Application.php:96
Stack trace:
#0 D:\company\sandtable\sourcecodes\yii2-advanced\vendor\yiisoft\yii2\base\Application.php(375): yii\web\Application->handleRequest(Object(yii\web\Request))
#1 D:\company\sandtable\sourcecodes\sand\web\index.php(12): yii\base\Application->run()
#2 {main}
2018-02-26 08:30:58 [127.0.0.1][1][veij8abmnuk4i7u25hpcuebpnf][info][application] $_GET = [
    'r' => 'category/index'
]

$_COOKIE = [
    '_csrf' => '473afc0358b393e2d5761138f071fbc5c92e49780588a32b57fbbfa429fbca8da:2:{i:0;s:5:\"_csrf\";i:1;s:32:\"cMBDEOtP1X3LYR6zsP2ucwE-7hb1xx49\";}'
    'PHPSESSID' => 'veij8abmnuk4i7u25hpcuebpnf'
]

$_SESSION = [
    '__flash' => []
    '__captcha/site/captcha' => 'mhain'
    '__captcha/site/captchacount' => 1
    '__id' => 1
]

$_SERVER = [
    'MIBDIRS' => 'D:/install/php/extras/mibs'
    'MYSQL_HOME' => '\\xampp\\mysql\\bin'
    'OPENSSL_CONF' => 'D:/install/apache/bin/openssl.cnf'
    'PHP_PEAR_SYSCONF_DIR' => '\\xampp\\php'
    'PHPRC' => '\\xampp\\php'
    'TMP' => '\\xampp\\tmp'
    'HTTP_HOST' => 'www.blog.com'
    'HTTP_CONNECTION' => 'keep-alive'
    'HTTP_UPGRADE_INSECURE_REQUESTS' => '1'
    'HTTP_USER_AGENT' => 'Mozilla/5.0 (Windows NT 10.0; WOW64) AppleWebKit/537.36 (KHTML, like Gecko) Chrome/64.0.3282.167 Safari/537.36'
    'HTTP_ACCEPT' => 'text/html,application/xhtml+xml,application/xml;q=0.9,image/webp,image/apng,*/*;q=0.8'
    'HTTP_ACCEPT_ENCODING' => 'gzip, deflate'
    'HTTP_ACCEPT_LANGUAGE' => 'zh-CN,zh;q=0.9'
    'HTTP_COOKIE' => '_csrf=473afc0358b393e2d5761138f071fbc5c92e49780588a32b57fbbfa429fbca8da%3A2%3A%7Bi%3A0%3Bs%3A5%3A%22_csrf%22%3Bi%3A1%3Bs%3A32%3A%22cMBDEOtP1X3LYR6zsP2ucwE-7hb1xx49%22%3B%7D; PHPSESSID=veij8abmnuk4i7u25hpcuebpnf'
    'PATH' => 'C:\\WINDOWS\\system32;C:\\WINDOWS;C:\\WINDOWS\\System32\\Wbem;C:\\WINDOWS\\System32\\WindowsPowerShell\\v1.0\\;C:\\Program Files\\OpenVPN\\bin;C:\\Program Files\\TortoiseSVN\\bin;C:\\WINDOWS\\system32\\config\\systemprofile\\AppData\\Local\\Microsoft\\WindowsApps'
    'SystemRoot' => 'C:\\WINDOWS'
    'COMSPEC' => 'C:\\WINDOWS\\system32\\cmd.exe'
    'PATHEXT' => '.COM;.EXE;.BAT;.CMD;.VBS;.VBE;.JS;.JSE;.WSF;.WSH;.MSC'
    'WINDIR' => 'C:\\WINDOWS'
    'SERVER_SIGNATURE' => '<address>Apache/2.4.27 (Win32) OpenSSL/1.0.2l PHP/7.1.8 Server at www.blog.com Port 80</address>
'
    'SERVER_SOFTWARE' => 'Apache/2.4.27 (Win32) OpenSSL/1.0.2l PHP/7.1.8'
    'SERVER_NAME' => 'www.blog.com'
    'SERVER_ADDR' => '127.0.0.1'
    'SERVER_PORT' => '80'
    'REMOTE_ADDR' => '127.0.0.1'
    'DOCUMENT_ROOT' => 'D:/company/sandtable/sourcecodes/sand/web'
    'REQUEST_SCHEME' => 'http'
    'CONTEXT_PREFIX' => ''
    'CONTEXT_DOCUMENT_ROOT' => 'D:/company/sandtable/sourcecodes/sand/web'
    'SERVER_ADMIN' => 'webmaster@dummy-host2.example.com'
    'SCRIPT_FILENAME' => 'D:/company/sandtable/sourcecodes/sand/web/index.php'
    'REMOTE_PORT' => '10760'
    'GATEWAY_INTERFACE' => 'CGI/1.1'
    'SERVER_PROTOCOL' => 'HTTP/1.1'
    'REQUEST_METHOD' => 'GET'
    'QUERY_STRING' => 'r=category/index'
    'REQUEST_URI' => '/index.php?r=category/index'
    'SCRIPT_NAME' => '/index.php'
    'PHP_SELF' => '/index.php'
    'REQUEST_TIME_FLOAT' => 1519630258.944
    'REQUEST_TIME' => 1519630258
]
2018-02-26 08:31:04 [127.0.0.1][1][veij8abmnuk4i7u25hpcuebpnf][error][yii\web\HttpException:404] yii\base\InvalidRouteException: Unable to resolve the request "category/index". in D:\company\sandtable\sourcecodes\yii2-advanced\vendor\yiisoft\yii2\base\Module.php:460
Stack trace:
#0 D:\company\sandtable\sourcecodes\yii2-advanced\vendor\yiisoft\yii2\web\Application.php(84): yii\base\Module->runAction('category/index', Array)
#1 D:\company\sandtable\sourcecodes\yii2-advanced\vendor\yiisoft\yii2\base\Application.php(375): yii\web\Application->handleRequest(Object(yii\web\Request))
#2 D:\company\sandtable\sourcecodes\sand\web\index.php(12): yii\base\Application->run()
#3 {main}

Next yii\web\NotFoundHttpException: 页面未找到。 in D:\company\sandtable\sourcecodes\yii2-advanced\vendor\yiisoft\yii2\web\Application.php:96
Stack trace:
#0 D:\company\sandtable\sourcecodes\yii2-advanced\vendor\yiisoft\yii2\base\Application.php(375): yii\web\Application->handleRequest(Object(yii\web\Request))
#1 D:\company\sandtable\sourcecodes\sand\web\index.php(12): yii\base\Application->run()
#2 {main}
2018-02-26 08:31:04 [127.0.0.1][1][veij8abmnuk4i7u25hpcuebpnf][info][application] $_GET = [
    'r' => 'category/index'
]

$_COOKIE = [
    '_csrf' => '473afc0358b393e2d5761138f071fbc5c92e49780588a32b57fbbfa429fbca8da:2:{i:0;s:5:\"_csrf\";i:1;s:32:\"cMBDEOtP1X3LYR6zsP2ucwE-7hb1xx49\";}'
    'PHPSESSID' => 'veij8abmnuk4i7u25hpcuebpnf'
]

$_SESSION = [
    '__flash' => []
    '__captcha/site/captcha' => 'mhain'
    '__captcha/site/captchacount' => 1
    '__id' => 1
]

$_SERVER = [
    'MIBDIRS' => 'D:/install/php/extras/mibs'
    'MYSQL_HOME' => '\\xampp\\mysql\\bin'
    'OPENSSL_CONF' => 'D:/install/apache/bin/openssl.cnf'
    'PHP_PEAR_SYSCONF_DIR' => '\\xampp\\php'
    'PHPRC' => '\\xampp\\php'
    'TMP' => '\\xampp\\tmp'
    'HTTP_HOST' => 'www.blog.com'
    'HTTP_CONNECTION' => 'keep-alive'
    'HTTP_UPGRADE_INSECURE_REQUESTS' => '1'
    'HTTP_USER_AGENT' => 'Mozilla/5.0 (Windows NT 10.0; WOW64) AppleWebKit/537.36 (KHTML, like Gecko) Chrome/64.0.3282.167 Safari/537.36'
    'HTTP_ACCEPT' => 'text/html,application/xhtml+xml,application/xml;q=0.9,image/webp,image/apng,*/*;q=0.8'
    'HTTP_REFERER' => 'http://www.blog.com/index.php?r=category/index'
    'HTTP_ACCEPT_ENCODING' => 'gzip, deflate'
    'HTTP_ACCEPT_LANGUAGE' => 'zh-CN,zh;q=0.9'
    'HTTP_COOKIE' => '_csrf=473afc0358b393e2d5761138f071fbc5c92e49780588a32b57fbbfa429fbca8da%3A2%3A%7Bi%3A0%3Bs%3A5%3A%22_csrf%22%3Bi%3A1%3Bs%3A32%3A%22cMBDEOtP1X3LYR6zsP2ucwE-7hb1xx49%22%3B%7D; PHPSESSID=veij8abmnuk4i7u25hpcuebpnf'
    'PATH' => 'C:\\WINDOWS\\system32;C:\\WINDOWS;C:\\WINDOWS\\System32\\Wbem;C:\\WINDOWS\\System32\\WindowsPowerShell\\v1.0\\;C:\\Program Files\\OpenVPN\\bin;C:\\Program Files\\TortoiseSVN\\bin;C:\\WINDOWS\\system32\\config\\systemprofile\\AppData\\Local\\Microsoft\\WindowsApps'
    'SystemRoot' => 'C:\\WINDOWS'
    'COMSPEC' => 'C:\\WINDOWS\\system32\\cmd.exe'
    'PATHEXT' => '.COM;.EXE;.BAT;.CMD;.VBS;.VBE;.JS;.JSE;.WSF;.WSH;.MSC'
    'WINDIR' => 'C:\\WINDOWS'
    'SERVER_SIGNATURE' => '<address>Apache/2.4.27 (Win32) OpenSSL/1.0.2l PHP/7.1.8 Server at www.blog.com Port 80</address>
'
    'SERVER_SOFTWARE' => 'Apache/2.4.27 (Win32) OpenSSL/1.0.2l PHP/7.1.8'
    'SERVER_NAME' => 'www.blog.com'
    'SERVER_ADDR' => '127.0.0.1'
    'SERVER_PORT' => '80'
    'REMOTE_ADDR' => '127.0.0.1'
    'DOCUMENT_ROOT' => 'D:/company/sandtable/sourcecodes/sand/web'
    'REQUEST_SCHEME' => 'http'
    'CONTEXT_PREFIX' => ''
    'CONTEXT_DOCUMENT_ROOT' => 'D:/company/sandtable/sourcecodes/sand/web'
    'SERVER_ADMIN' => 'webmaster@dummy-host2.example.com'
    'SCRIPT_FILENAME' => 'D:/company/sandtable/sourcecodes/sand/web/index.php'
    'REMOTE_PORT' => '10762'
    'GATEWAY_INTERFACE' => 'CGI/1.1'
    'SERVER_PROTOCOL' => 'HTTP/1.1'
    'REQUEST_METHOD' => 'GET'
    'QUERY_STRING' => 'r=category%2Findex'
    'REQUEST_URI' => '/index.php?r=category%2Findex'
    'SCRIPT_NAME' => '/index.php'
    'PHP_SELF' => '/index.php'
    'REQUEST_TIME_FLOAT' => 1519630264.593
    'REQUEST_TIME' => 1519630264
]
2018-02-26 08:31:05 [127.0.0.1][1][veij8abmnuk4i7u25hpcuebpnf][error][yii\web\HttpException:404] yii\base\InvalidRouteException: Unable to resolve the request "category/index". in D:\company\sandtable\sourcecodes\yii2-advanced\vendor\yiisoft\yii2\base\Module.php:460
Stack trace:
#0 D:\company\sandtable\sourcecodes\yii2-advanced\vendor\yiisoft\yii2\web\Application.php(84): yii\base\Module->runAction('category/index', Array)
#1 D:\company\sandtable\sourcecodes\yii2-advanced\vendor\yiisoft\yii2\base\Application.php(375): yii\web\Application->handleRequest(Object(yii\web\Request))
#2 D:\company\sandtable\sourcecodes\sand\web\index.php(12): yii\base\Application->run()
#3 {main}

Next yii\web\NotFoundHttpException: 页面未找到。 in D:\company\sandtable\sourcecodes\yii2-advanced\vendor\yiisoft\yii2\web\Application.php:96
Stack trace:
#0 D:\company\sandtable\sourcecodes\yii2-advanced\vendor\yiisoft\yii2\base\Application.php(375): yii\web\Application->handleRequest(Object(yii\web\Request))
#1 D:\company\sandtable\sourcecodes\sand\web\index.php(12): yii\base\Application->run()
#2 {main}
2018-02-26 08:31:05 [127.0.0.1][1][veij8abmnuk4i7u25hpcuebpnf][info][application] $_GET = [
    'r' => 'category/index'
]

$_COOKIE = [
    '_csrf' => '473afc0358b393e2d5761138f071fbc5c92e49780588a32b57fbbfa429fbca8da:2:{i:0;s:5:\"_csrf\";i:1;s:32:\"cMBDEOtP1X3LYR6zsP2ucwE-7hb1xx49\";}'
    'PHPSESSID' => 'veij8abmnuk4i7u25hpcuebpnf'
]

$_SESSION = [
    '__flash' => []
    '__captcha/site/captcha' => 'mhain'
    '__captcha/site/captchacount' => 1
    '__id' => 1
]

$_SERVER = [
    'MIBDIRS' => 'D:/install/php/extras/mibs'
    'MYSQL_HOME' => '\\xampp\\mysql\\bin'
    'OPENSSL_CONF' => 'D:/install/apache/bin/openssl.cnf'
    'PHP_PEAR_SYSCONF_DIR' => '\\xampp\\php'
    'PHPRC' => '\\xampp\\php'
    'TMP' => '\\xampp\\tmp'
    'HTTP_HOST' => 'www.blog.com'
    'HTTP_CONNECTION' => 'keep-alive'
    'HTTP_UPGRADE_INSECURE_REQUESTS' => '1'
    'HTTP_USER_AGENT' => 'Mozilla/5.0 (Windows NT 10.0; WOW64) AppleWebKit/537.36 (KHTML, like Gecko) Chrome/64.0.3282.167 Safari/537.36'
    'HTTP_ACCEPT' => 'text/html,application/xhtml+xml,application/xml;q=0.9,image/webp,image/apng,*/*;q=0.8'
    'HTTP_REFERER' => 'http://www.blog.com/index.php?r=category%2Findex'
    'HTTP_ACCEPT_ENCODING' => 'gzip, deflate'
    'HTTP_ACCEPT_LANGUAGE' => 'zh-CN,zh;q=0.9'
    'HTTP_COOKIE' => '_csrf=473afc0358b393e2d5761138f071fbc5c92e49780588a32b57fbbfa429fbca8da%3A2%3A%7Bi%3A0%3Bs%3A5%3A%22_csrf%22%3Bi%3A1%3Bs%3A32%3A%22cMBDEOtP1X3LYR6zsP2ucwE-7hb1xx49%22%3B%7D; PHPSESSID=veij8abmnuk4i7u25hpcuebpnf'
    'PATH' => 'C:\\WINDOWS\\system32;C:\\WINDOWS;C:\\WINDOWS\\System32\\Wbem;C:\\WINDOWS\\System32\\WindowsPowerShell\\v1.0\\;C:\\Program Files\\OpenVPN\\bin;C:\\Program Files\\TortoiseSVN\\bin;C:\\WINDOWS\\system32\\config\\systemprofile\\AppData\\Local\\Microsoft\\WindowsApps'
    'SystemRoot' => 'C:\\WINDOWS'
    'COMSPEC' => 'C:\\WINDOWS\\system32\\cmd.exe'
    'PATHEXT' => '.COM;.EXE;.BAT;.CMD;.VBS;.VBE;.JS;.JSE;.WSF;.WSH;.MSC'
    'WINDIR' => 'C:\\WINDOWS'
    'SERVER_SIGNATURE' => '<address>Apache/2.4.27 (Win32) OpenSSL/1.0.2l PHP/7.1.8 Server at www.blog.com Port 80</address>
'
    'SERVER_SOFTWARE' => 'Apache/2.4.27 (Win32) OpenSSL/1.0.2l PHP/7.1.8'
    'SERVER_NAME' => 'www.blog.com'
    'SERVER_ADDR' => '127.0.0.1'
    'SERVER_PORT' => '80'
    'REMOTE_ADDR' => '127.0.0.1'
    'DOCUMENT_ROOT' => 'D:/company/sandtable/sourcecodes/sand/web'
    'REQUEST_SCHEME' => 'http'
    'CONTEXT_PREFIX' => ''
    'CONTEXT_DOCUMENT_ROOT' => 'D:/company/sandtable/sourcecodes/sand/web'
    'SERVER_ADMIN' => 'webmaster@dummy-host2.example.com'
    'SCRIPT_FILENAME' => 'D:/company/sandtable/sourcecodes/sand/web/index.php'
    'REMOTE_PORT' => '10763'
    'GATEWAY_INTERFACE' => 'CGI/1.1'
    'SERVER_PROTOCOL' => 'HTTP/1.1'
    'REQUEST_METHOD' => 'GET'
    'QUERY_STRING' => 'r=category%2Findex'
    'REQUEST_URI' => '/index.php?r=category%2Findex'
    'SCRIPT_NAME' => '/index.php'
    'PHP_SELF' => '/index.php'
    'REQUEST_TIME_FLOAT' => 1519630265.82
    'REQUEST_TIME' => 1519630265
]
2018-02-26 08:31:06 [127.0.0.1][1][veij8abmnuk4i7u25hpcuebpnf][error][yii\web\HttpException:404] yii\base\InvalidRouteException: Unable to resolve the request "category/index". in D:\company\sandtable\sourcecodes\yii2-advanced\vendor\yiisoft\yii2\base\Module.php:460
Stack trace:
#0 D:\company\sandtable\sourcecodes\yii2-advanced\vendor\yiisoft\yii2\web\Application.php(84): yii\base\Module->runAction('category/index', Array)
#1 D:\company\sandtable\sourcecodes\yii2-advanced\vendor\yiisoft\yii2\base\Application.php(375): yii\web\Application->handleRequest(Object(yii\web\Request))
#2 D:\company\sandtable\sourcecodes\sand\web\index.php(12): yii\base\Application->run()
#3 {main}

Next yii\web\NotFoundHttpException: 页面未找到。 in D:\company\sandtable\sourcecodes\yii2-advanced\vendor\yiisoft\yii2\web\Application.php:96
Stack trace:
#0 D:\company\sandtable\sourcecodes\yii2-advanced\vendor\yiisoft\yii2\base\Application.php(375): yii\web\Application->handleRequest(Object(yii\web\Request))
#1 D:\company\sandtable\sourcecodes\sand\web\index.php(12): yii\base\Application->run()
#2 {main}
2018-02-26 08:31:06 [127.0.0.1][1][veij8abmnuk4i7u25hpcuebpnf][info][application] $_GET = [
    'r' => 'category/index'
]

$_COOKIE = [
    '_csrf' => '473afc0358b393e2d5761138f071fbc5c92e49780588a32b57fbbfa429fbca8da:2:{i:0;s:5:\"_csrf\";i:1;s:32:\"cMBDEOtP1X3LYR6zsP2ucwE-7hb1xx49\";}'
    'PHPSESSID' => 'veij8abmnuk4i7u25hpcuebpnf'
]

$_SESSION = [
    '__flash' => []
    '__captcha/site/captcha' => 'mhain'
    '__captcha/site/captchacount' => 1
    '__id' => 1
]

$_SERVER = [
    'MIBDIRS' => 'D:/install/php/extras/mibs'
    'MYSQL_HOME' => '\\xampp\\mysql\\bin'
    'OPENSSL_CONF' => 'D:/install/apache/bin/openssl.cnf'
    'PHP_PEAR_SYSCONF_DIR' => '\\xampp\\php'
    'PHPRC' => '\\xampp\\php'
    'TMP' => '\\xampp\\tmp'
    'HTTP_HOST' => 'www.blog.com'
    'HTTP_CONNECTION' => 'keep-alive'
    'HTTP_UPGRADE_INSECURE_REQUESTS' => '1'
    'HTTP_USER_AGENT' => 'Mozilla/5.0 (Windows NT 10.0; WOW64) AppleWebKit/537.36 (KHTML, like Gecko) Chrome/64.0.3282.167 Safari/537.36'
    'HTTP_ACCEPT' => 'text/html,application/xhtml+xml,application/xml;q=0.9,image/webp,image/apng,*/*;q=0.8'
    'HTTP_REFERER' => 'http://www.blog.com/index.php?r=category%2Findex'
    'HTTP_ACCEPT_ENCODING' => 'gzip, deflate'
    'HTTP_ACCEPT_LANGUAGE' => 'zh-CN,zh;q=0.9'
    'HTTP_COOKIE' => '_csrf=473afc0358b393e2d5761138f071fbc5c92e49780588a32b57fbbfa429fbca8da%3A2%3A%7Bi%3A0%3Bs%3A5%3A%22_csrf%22%3Bi%3A1%3Bs%3A32%3A%22cMBDEOtP1X3LYR6zsP2ucwE-7hb1xx49%22%3B%7D; PHPSESSID=veij8abmnuk4i7u25hpcuebpnf'
    'PATH' => 'C:\\WINDOWS\\system32;C:\\WINDOWS;C:\\WINDOWS\\System32\\Wbem;C:\\WINDOWS\\System32\\WindowsPowerShell\\v1.0\\;C:\\Program Files\\OpenVPN\\bin;C:\\Program Files\\TortoiseSVN\\bin;C:\\WINDOWS\\system32\\config\\systemprofile\\AppData\\Local\\Microsoft\\WindowsApps'
    'SystemRoot' => 'C:\\WINDOWS'
    'COMSPEC' => 'C:\\WINDOWS\\system32\\cmd.exe'
    'PATHEXT' => '.COM;.EXE;.BAT;.CMD;.VBS;.VBE;.JS;.JSE;.WSF;.WSH;.MSC'
    'WINDIR' => 'C:\\WINDOWS'
    'SERVER_SIGNATURE' => '<address>Apache/2.4.27 (Win32) OpenSSL/1.0.2l PHP/7.1.8 Server at www.blog.com Port 80</address>
'
    'SERVER_SOFTWARE' => 'Apache/2.4.27 (Win32) OpenSSL/1.0.2l PHP/7.1.8'
    'SERVER_NAME' => 'www.blog.com'
    'SERVER_ADDR' => '127.0.0.1'
    'SERVER_PORT' => '80'
    'REMOTE_ADDR' => '127.0.0.1'
    'DOCUMENT_ROOT' => 'D:/company/sandtable/sourcecodes/sand/web'
    'REQUEST_SCHEME' => 'http'
    'CONTEXT_PREFIX' => ''
    'CONTEXT_DOCUMENT_ROOT' => 'D:/company/sandtable/sourcecodes/sand/web'
    'SERVER_ADMIN' => 'webmaster@dummy-host2.example.com'
    'SCRIPT_FILENAME' => 'D:/company/sandtable/sourcecodes/sand/web/index.php'
    'REMOTE_PORT' => '10762'
    'GATEWAY_INTERFACE' => 'CGI/1.1'
    'SERVER_PROTOCOL' => 'HTTP/1.1'
    'REQUEST_METHOD' => 'GET'
    'QUERY_STRING' => 'r=category%2Findex'
    'REQUEST_URI' => '/index.php?r=category%2Findex'
    'SCRIPT_NAME' => '/index.php'
    'PHP_SELF' => '/index.php'
    'REQUEST_TIME_FLOAT' => 1519630266.192
    'REQUEST_TIME' => 1519630266
]
2018-02-26 08:31:06 [127.0.0.1][1][veij8abmnuk4i7u25hpcuebpnf][error][yii\web\HttpException:404] yii\base\InvalidRouteException: Unable to resolve the request "category/index". in D:\company\sandtable\sourcecodes\yii2-advanced\vendor\yiisoft\yii2\base\Module.php:460
Stack trace:
#0 D:\company\sandtable\sourcecodes\yii2-advanced\vendor\yiisoft\yii2\web\Application.php(84): yii\base\Module->runAction('category/index', Array)
#1 D:\company\sandtable\sourcecodes\yii2-advanced\vendor\yiisoft\yii2\base\Application.php(375): yii\web\Application->handleRequest(Object(yii\web\Request))
#2 D:\company\sandtable\sourcecodes\sand\web\index.php(12): yii\base\Application->run()
#3 {main}

Next yii\web\NotFoundHttpException: 页面未找到。 in D:\company\sandtable\sourcecodes\yii2-advanced\vendor\yiisoft\yii2\web\Application.php:96
Stack trace:
#0 D:\company\sandtable\sourcecodes\yii2-advanced\vendor\yiisoft\yii2\base\Application.php(375): yii\web\Application->handleRequest(Object(yii\web\Request))
#1 D:\company\sandtable\sourcecodes\sand\web\index.php(12): yii\base\Application->run()
#2 {main}
2018-02-26 08:31:06 [127.0.0.1][1][veij8abmnuk4i7u25hpcuebpnf][info][application] $_GET = [
    'r' => 'category/index'
]

$_COOKIE = [
    '_csrf' => '473afc0358b393e2d5761138f071fbc5c92e49780588a32b57fbbfa429fbca8da:2:{i:0;s:5:\"_csrf\";i:1;s:32:\"cMBDEOtP1X3LYR6zsP2ucwE-7hb1xx49\";}'
    'PHPSESSID' => 'veij8abmnuk4i7u25hpcuebpnf'
]

$_SESSION = [
    '__flash' => []
    '__captcha/site/captcha' => 'mhain'
    '__captcha/site/captchacount' => 1
    '__id' => 1
]

$_SERVER = [
    'MIBDIRS' => 'D:/install/php/extras/mibs'
    'MYSQL_HOME' => '\\xampp\\mysql\\bin'
    'OPENSSL_CONF' => 'D:/install/apache/bin/openssl.cnf'
    'PHP_PEAR_SYSCONF_DIR' => '\\xampp\\php'
    'PHPRC' => '\\xampp\\php'
    'TMP' => '\\xampp\\tmp'
    'HTTP_HOST' => 'www.blog.com'
    'HTTP_CONNECTION' => 'keep-alive'
    'HTTP_UPGRADE_INSECURE_REQUESTS' => '1'
    'HTTP_USER_AGENT' => 'Mozilla/5.0 (Windows NT 10.0; WOW64) AppleWebKit/537.36 (KHTML, like Gecko) Chrome/64.0.3282.167 Safari/537.36'
    'HTTP_ACCEPT' => 'text/html,application/xhtml+xml,application/xml;q=0.9,image/webp,image/apng,*/*;q=0.8'
    'HTTP_REFERER' => 'http://www.blog.com/index.php?r=category%2Findex'
    'HTTP_ACCEPT_ENCODING' => 'gzip, deflate'
    'HTTP_ACCEPT_LANGUAGE' => 'zh-CN,zh;q=0.9'
    'HTTP_COOKIE' => '_csrf=473afc0358b393e2d5761138f071fbc5c92e49780588a32b57fbbfa429fbca8da%3A2%3A%7Bi%3A0%3Bs%3A5%3A%22_csrf%22%3Bi%3A1%3Bs%3A32%3A%22cMBDEOtP1X3LYR6zsP2ucwE-7hb1xx49%22%3B%7D; PHPSESSID=veij8abmnuk4i7u25hpcuebpnf'
    'PATH' => 'C:\\WINDOWS\\system32;C:\\WINDOWS;C:\\WINDOWS\\System32\\Wbem;C:\\WINDOWS\\System32\\WindowsPowerShell\\v1.0\\;C:\\Program Files\\OpenVPN\\bin;C:\\Program Files\\TortoiseSVN\\bin;C:\\WINDOWS\\system32\\config\\systemprofile\\AppData\\Local\\Microsoft\\WindowsApps'
    'SystemRoot' => 'C:\\WINDOWS'
    'COMSPEC' => 'C:\\WINDOWS\\system32\\cmd.exe'
    'PATHEXT' => '.COM;.EXE;.BAT;.CMD;.VBS;.VBE;.JS;.JSE;.WSF;.WSH;.MSC'
    'WINDIR' => 'C:\\WINDOWS'
    'SERVER_SIGNATURE' => '<address>Apache/2.4.27 (Win32) OpenSSL/1.0.2l PHP/7.1.8 Server at www.blog.com Port 80</address>
'
    'SERVER_SOFTWARE' => 'Apache/2.4.27 (Win32) OpenSSL/1.0.2l PHP/7.1.8'
    'SERVER_NAME' => 'www.blog.com'
    'SERVER_ADDR' => '127.0.0.1'
    'SERVER_PORT' => '80'
    'REMOTE_ADDR' => '127.0.0.1'
    'DOCUMENT_ROOT' => 'D:/company/sandtable/sourcecodes/sand/web'
    'REQUEST_SCHEME' => 'http'
    'CONTEXT_PREFIX' => ''
    'CONTEXT_DOCUMENT_ROOT' => 'D:/company/sandtable/sourcecodes/sand/web'
    'SERVER_ADMIN' => 'webmaster@dummy-host2.example.com'
    'SCRIPT_FILENAME' => 'D:/company/sandtable/sourcecodes/sand/web/index.php'
    'REMOTE_PORT' => '10763'
    'GATEWAY_INTERFACE' => 'CGI/1.1'
    'SERVER_PROTOCOL' => 'HTTP/1.1'
    'REQUEST_METHOD' => 'GET'
    'QUERY_STRING' => 'r=category%2Findex'
    'REQUEST_URI' => '/index.php?r=category%2Findex'
    'SCRIPT_NAME' => '/index.php'
    'PHP_SELF' => '/index.php'
    'REQUEST_TIME_FLOAT' => 1519630266.703
    'REQUEST_TIME' => 1519630266
]
2018-02-26 08:38:44 [127.0.0.1][1][veij8abmnuk4i7u25hpcuebpnf][error][yii\web\HttpException:404] yii\base\InvalidRouteException: Unable to resolve the request "category/index". in D:\company\sandtable\sourcecodes\yii2-advanced\vendor\yiisoft\yii2\base\Module.php:460
Stack trace:
#0 D:\company\sandtable\sourcecodes\yii2-advanced\vendor\yiisoft\yii2\web\Application.php(84): yii\base\Module->runAction('category/index', Array)
#1 D:\company\sandtable\sourcecodes\yii2-advanced\vendor\yiisoft\yii2\base\Application.php(375): yii\web\Application->handleRequest(Object(yii\web\Request))
#2 D:\company\sandtable\sourcecodes\sand\web\index.php(12): yii\base\Application->run()
#3 {main}

Next yii\web\NotFoundHttpException: 页面未找到。 in D:\company\sandtable\sourcecodes\yii2-advanced\vendor\yiisoft\yii2\web\Application.php:96
Stack trace:
#0 D:\company\sandtable\sourcecodes\yii2-advanced\vendor\yiisoft\yii2\base\Application.php(375): yii\web\Application->handleRequest(Object(yii\web\Request))
#1 D:\company\sandtable\sourcecodes\sand\web\index.php(12): yii\base\Application->run()
#2 {main}
2018-02-26 08:38:44 [127.0.0.1][1][veij8abmnuk4i7u25hpcuebpnf][info][application] $_GET = [
    'r' => 'category/index'
]

$_COOKIE = [
    '_csrf' => '473afc0358b393e2d5761138f071fbc5c92e49780588a32b57fbbfa429fbca8da:2:{i:0;s:5:\"_csrf\";i:1;s:32:\"cMBDEOtP1X3LYR6zsP2ucwE-7hb1xx49\";}'
    'PHPSESSID' => 'veij8abmnuk4i7u25hpcuebpnf'
]

$_SESSION = [
    '__flash' => []
    '__captcha/site/captcha' => 'mhain'
    '__captcha/site/captchacount' => 1
    '__id' => 1
]

$_SERVER = [
    'MIBDIRS' => 'D:/install/php/extras/mibs'
    'MYSQL_HOME' => '\\xampp\\mysql\\bin'
    'OPENSSL_CONF' => 'D:/install/apache/bin/openssl.cnf'
    'PHP_PEAR_SYSCONF_DIR' => '\\xampp\\php'
    'PHPRC' => '\\xampp\\php'
    'TMP' => '\\xampp\\tmp'
    'HTTP_HOST' => 'www.blog.com'
    'HTTP_CONNECTION' => 'keep-alive'
    'HTTP_UPGRADE_INSECURE_REQUESTS' => '1'
    'HTTP_USER_AGENT' => 'Mozilla/5.0 (Windows NT 10.0; WOW64) AppleWebKit/537.36 (KHTML, like Gecko) Chrome/64.0.3282.167 Safari/537.36'
    'HTTP_ACCEPT' => 'text/html,application/xhtml+xml,application/xml;q=0.9,image/webp,image/apng,*/*;q=0.8'
    'HTTP_REFERER' => 'http://www.blog.com/index.php?r=menu%2Findex'
    'HTTP_ACCEPT_ENCODING' => 'gzip, deflate'
    'HTTP_ACCEPT_LANGUAGE' => 'zh-CN,zh;q=0.9'
    'HTTP_COOKIE' => '_csrf=473afc0358b393e2d5761138f071fbc5c92e49780588a32b57fbbfa429fbca8da%3A2%3A%7Bi%3A0%3Bs%3A5%3A%22_csrf%22%3Bi%3A1%3Bs%3A32%3A%22cMBDEOtP1X3LYR6zsP2ucwE-7hb1xx49%22%3B%7D; PHPSESSID=veij8abmnuk4i7u25hpcuebpnf'
    'PATH' => 'C:\\WINDOWS\\system32;C:\\WINDOWS;C:\\WINDOWS\\System32\\Wbem;C:\\WINDOWS\\System32\\WindowsPowerShell\\v1.0\\;C:\\Program Files\\OpenVPN\\bin;C:\\Program Files\\TortoiseSVN\\bin;C:\\WINDOWS\\system32\\config\\systemprofile\\AppData\\Local\\Microsoft\\WindowsApps'
    'SystemRoot' => 'C:\\WINDOWS'
    'COMSPEC' => 'C:\\WINDOWS\\system32\\cmd.exe'
    'PATHEXT' => '.COM;.EXE;.BAT;.CMD;.VBS;.VBE;.JS;.JSE;.WSF;.WSH;.MSC'
    'WINDIR' => 'C:\\WINDOWS'
    'SERVER_SIGNATURE' => '<address>Apache/2.4.27 (Win32) OpenSSL/1.0.2l PHP/7.1.8 Server at www.blog.com Port 80</address>
'
    'SERVER_SOFTWARE' => 'Apache/2.4.27 (Win32) OpenSSL/1.0.2l PHP/7.1.8'
    'SERVER_NAME' => 'www.blog.com'
    'SERVER_ADDR' => '127.0.0.1'
    'SERVER_PORT' => '80'
    'REMOTE_ADDR' => '127.0.0.1'
    'DOCUMENT_ROOT' => 'D:/company/sandtable/sourcecodes/sand/web'
    'REQUEST_SCHEME' => 'http'
    'CONTEXT_PREFIX' => ''
    'CONTEXT_DOCUMENT_ROOT' => 'D:/company/sandtable/sourcecodes/sand/web'
    'SERVER_ADMIN' => 'webmaster@dummy-host2.example.com'
    'SCRIPT_FILENAME' => 'D:/company/sandtable/sourcecodes/sand/web/index.php'
    'REMOTE_PORT' => '10958'
    'GATEWAY_INTERFACE' => 'CGI/1.1'
    'SERVER_PROTOCOL' => 'HTTP/1.1'
    'REQUEST_METHOD' => 'GET'
    'QUERY_STRING' => 'r=category%2Findex'
    'REQUEST_URI' => '/index.php?r=category%2Findex'
    'SCRIPT_NAME' => '/index.php'
    'PHP_SELF' => '/index.php'
    'REQUEST_TIME_FLOAT' => 1519630724.522
    'REQUEST_TIME' => 1519630724
]
