2019-03-19 08:30:25 [127.0.0.1][-][-][error][yii\base\ErrorException:256] yii\base\ErrorException: Exception (Invalid Configuration) 'yii\base\InvalidConfigException' with message 'The font file does not exist: static/fonts/captcha.ttf' 

in E:\workspace\new\yii2-advanced\vendor\yiisoft\yii2\captcha\CaptchaAction.php:117

Stack trace:
#0 E:\workspace\new\yii2-advanced\vendor\yiisoft\yii2\base\Object.php(107): yii\captcha\CaptchaAction->init()
#1 E:\workspace\new\yii2-advanced\vendor\yiisoft\yii2\base\Action.php(60): yii\base\Object->__construct(Array)
#2 [internal function]: yii\base\Action->__construct('captcha', Object(app\controllers\SiteController), Array)
#3 E:\workspace\new\yii2-advanced\vendor\yiisoft\yii2\di\Container.php(374): ReflectionClass->newInstanceArgs(Array)
#4 E:\workspace\new\yii2-advanced\vendor\yiisoft\yii2\di\Container.php(153): yii\di\Container->build('yii\\captcha\\Cap...', Array, Array)
#5 E:\workspace\new\yii2-advanced\vendor\yiisoft\yii2\BaseYii.php(344): yii\di\Container->get('yii\\captcha\\Cap...', Array, Array)
#6 E:\workspace\new\yii2-advanced\vendor\yiisoft\yii2\base\Controller.php(222): yii\BaseYii::createObject(Array, Array)
#7 E:\workspace\new\yii2-advanced\vendor\yiisoft\yii2\captcha\CaptchaValidator.php(76): yii\base\Controller->createAction('captcha')
#8 E:\workspace\new\yii2-advanced\vendor\yiisoft\yii2\captcha\CaptchaValidator.php(89): yii\captcha\CaptchaValidator->createCaptchaAction()
#9 E:\workspace\new\yii2-advanced\vendor\yiisoft\yii2\widgets\ActiveField.php(711): yii\captcha\CaptchaValidator->clientValidateAttribute(Object(app\models\LoginForm), 'code', Object(yii\web\View))
#10 E:\workspace\new\yii2-advanced\vendor\yiisoft\yii2\widgets\ActiveField.php(216): yii\widgets\ActiveField->getClientOptions()
#11 E:\workspace\new\yii2-advanced\vendor\yiisoft\yii2\widgets\ActiveField.php(206): yii\widgets\ActiveField->begin()
#12 E:\workspace\new\yii2-advanced\vendor\yiisoft\yii2-bootstrap\ActiveField.php(187): yii\widgets\ActiveField->render('<div class="row...')
#13 E:\workspace\new\yii2-advanced\vendor\yiisoft\yii2\widgets\ActiveField.php(162): yii\bootstrap\ActiveField->render()
#14 E:\workspace\new\sand\views\site\login.php(64): yii\widgets\ActiveField->__toString()
#15 E:\workspace\new\yii2-advanced\vendor\yiisoft\yii2\base\View.php(325): require('E:\\workspace\\ne...')
#16 E:\workspace\new\yii2-advanced\vendor\yiisoft\yii2\base\View.php(247): yii\base\View->renderPhpFile('E:\\workspace\\ne...', Array)
#17 E:\workspace\new\yii2-advanced\vendor\yiisoft\yii2\base\View.php(149): yii\base\View->renderFile('E:\\workspace\\ne...', Array, Object(app\controllers\SiteController))
#18 E:\workspace\new\yii2-advanced\vendor\yiisoft\yii2\base\Controller.php(378): yii\base\View->render('login', Array, Object(app\controllers\SiteController))
#19 E:\workspace\new\sand\controllers\SiteController.php(65): yii\base\Controller->render('login', Array)
#20 [internal function]: app\controllers\SiteController->actionLogin()
#21 E:\workspace\new\yii2-advanced\vendor\yiisoft\yii2\base\InlineAction.php(55): call_user_func_array(Array, Array)
#22 E:\workspace\new\yii2-advanced\vendor\yiisoft\yii2\base\Controller.php(154): yii\base\InlineAction->runWithParams(Array)
#23 E:\workspace\new\yii2-advanced\vendor\yiisoft\yii2\base\Module.php(454): yii\base\Controller->runAction('login', Array)
#24 E:\workspace\new\yii2-advanced\vendor\yiisoft\yii2\web\Application.php(84): yii\base\Module->runAction('site/login', Array)
#25 E:\workspace\new\yii2-advanced\vendor\yiisoft\yii2\base\Application.php(375): yii\web\Application->handleRequest(Object(yii\web\Request))
#26 E:\workspace\new\sand\web\index.php(12): yii\base\Application->run()
#27 {main} in E:\workspace\new\yii2-advanced\vendor\yiisoft\yii2\base\ErrorHandler.php:299
Stack trace:
#0 E:\workspace\new\yii2-advanced\vendor\yiisoft\yii2\widgets\ActiveField.php(164): yii\base\ErrorHandler::convertExceptionToError()
#1 E:\workspace\new\sand\views\site\login.php(64): yii\bootstrap\ActiveField->__toString()
#2 E:\workspace\new\yii2-advanced\vendor\yiisoft\yii2\base\View.php(325): yii\web\View->unknown()
#3 E:\workspace\new\yii2-advanced\vendor\yiisoft\yii2\base\View.php(247): yii\web\View->renderPhpFile()
#4 E:\workspace\new\yii2-advanced\vendor\yiisoft\yii2\base\View.php(149): yii\web\View->renderFile()
#5 E:\workspace\new\yii2-advanced\vendor\yiisoft\yii2\base\Controller.php(378): yii\web\View->render()
#6 E:\workspace\new\sand\controllers\SiteController.php(65): app\controllers\SiteController->render()
#7 E:\workspace\new\yii2-advanced\vendor\yiisoft\yii2\base\InlineAction.php(55): app\controllers\SiteController->actionLogin()
#8 E:\workspace\new\yii2-advanced\vendor\yiisoft\yii2\base\InlineAction.php(55): ::call_user_func_array:{E:\workspace\new\yii2-advanced\vendor\yiisoft\yii2\base\InlineAction.php:55}()
#9 E:\workspace\new\yii2-advanced\vendor\yiisoft\yii2\base\Controller.php(154): yii\base\InlineAction->runWithParams()
#10 E:\workspace\new\yii2-advanced\vendor\yiisoft\yii2\base\Module.php(454): app\controllers\SiteController->runAction()
#11 E:\workspace\new\yii2-advanced\vendor\yiisoft\yii2\web\Application.php(84): yii\web\Application->runAction()
#12 E:\workspace\new\yii2-advanced\vendor\yiisoft\yii2\base\Application.php(375): yii\web\Application->handleRequest()
#13 E:\workspace\new\sand\web\index.php(12): yii\web\Application->run()
#14 {main}
    in E:\workspace\new\sand\views\site\login.php:64
    in E:\workspace\new\sand\controllers\SiteController.php:65
2019-03-19 08:30:25 [127.0.0.1][-][-][info][application] $_GET = [
    'r' => 'site/login'
]

$_SERVER = [
    'MIBDIRS' => 'C:/xampp/php/extras/mibs'
    'MYSQL_HOME' => '\\xampp\\mysql\\bin'
    'OPENSSL_CONF' => 'C:/xampp/apache/bin/openssl.cnf'
    'PHP_PEAR_SYSCONF_DIR' => '\\xampp\\php'
    'PHPRC' => '\\xampp\\php'
    'TMP' => '\\xampp\\tmp'
    'HTTP_HOST' => 'www.space.com'
    'HTTP_CONNECTION' => 'keep-alive'
    'HTTP_UPGRADE_INSECURE_REQUESTS' => '1'
    'HTTP_USER_AGENT' => 'Mozilla/5.0 (Windows NT 10.0; WOW64) AppleWebKit/537.36 (KHTML, like Gecko) Chrome/72.0.3626.81 Safari/537.36'
    'HTTP_ACCEPT' => 'text/html,application/xhtml+xml,application/xml;q=0.9,image/webp,image/apng,*/*;q=0.8'
    'HTTP_REFERER' => 'http://www.space.com/new/sand/'
    'HTTP_ACCEPT_ENCODING' => 'gzip, deflate'
    'HTTP_ACCEPT_LANGUAGE' => 'zh-CN,zh;q=0.9,en;q=0.8'
    'PATH' => 'C:\\ProgramData\\Anaconda3;C:\\ProgramData\\Anaconda3\\Library\\mingw-w64\\bin;C:\\ProgramData\\Anaconda3\\Library\\usr\\bin;C:\\ProgramData\\Anaconda3\\Library\\bin;C:\\ProgramData\\Anaconda3\\Scripts;C:\\Windows\\system32;C:\\Windows;C:\\Windows\\System32\\Wbem;C:\\Windows\\System32\\WindowsPowerShell\\v1.0\\;C:\\Program Files\\TortoiseSVN\\bin;C:\\xampp\\php;C:\\xampp\\PHP_CodeSniffer-master\\bin;C:\\Windows\\system32\\config\\systemprofile\\AppData\\Local\\Microsoft\\WindowsApps'
    'SystemRoot' => 'C:\\Windows'
    'COMSPEC' => 'C:\\Windows\\system32\\cmd.exe'
    'PATHEXT' => '.COM;.EXE;.BAT;.CMD;.VBS;.VBE;.JS;.JSE;.WSF;.WSH;.MSC'
    'WINDIR' => 'C:\\Windows'
    'SERVER_SIGNATURE' => '<address>Apache/2.4.27 (Win32) OpenSSL/1.0.2l PHP/7.1.8 Server at www.space.com Port 80</address>
'
    'SERVER_SOFTWARE' => 'Apache/2.4.27 (Win32) OpenSSL/1.0.2l PHP/7.1.8'
    'SERVER_NAME' => 'www.space.com'
    'SERVER_ADDR' => '127.0.0.1'
    'SERVER_PORT' => '80'
    'REMOTE_ADDR' => '127.0.0.1'
    'DOCUMENT_ROOT' => 'E:/workspace'
    'REQUEST_SCHEME' => 'http'
    'CONTEXT_PREFIX' => ''
    'CONTEXT_DOCUMENT_ROOT' => 'E:/workspace'
    'SERVER_ADMIN' => 'postmaster@localhost'
    'SCRIPT_FILENAME' => 'E:/workspace/new/sand/web/index.php'
    'REMOTE_PORT' => '63732'
    'GATEWAY_INTERFACE' => 'CGI/1.1'
    'SERVER_PROTOCOL' => 'HTTP/1.1'
    'REQUEST_METHOD' => 'GET'
    'QUERY_STRING' => 'r=site%2Flogin'
    'REQUEST_URI' => '/new/sand/web/index.php?r=site%2Flogin'
    'SCRIPT_NAME' => '/new/sand/web/index.php'
    'PHP_SELF' => '/new/sand/web/index.php'
    'REQUEST_TIME_FLOAT' => 1552980625.468
    'REQUEST_TIME' => 1552980625
]
2019-03-19 09:50:07 [127.0.0.1][1][jda5vq411ut1eanvlnd0mph175][error][yii\base\UnknownPropertyException] yii\base\UnknownPropertyException: Getting unknown property: app\controllers\RoleController::req in E:\workspace\new\yii2-advanced\vendor\yiisoft\yii2\base\Component.php:143
Stack trace:
#0 E:\workspace\new\sand\views\layouts\_left.php(8): yii\base\Component->__get('req')
#1 E:\workspace\new\yii2-advanced\vendor\yiisoft\yii2\base\View.php(325): require('E:\\workspace\\ne...')
#2 E:\workspace\new\yii2-advanced\vendor\yiisoft\yii2\base\View.php(247): yii\base\View->renderPhpFile('E:\\workspace\\ne...', Array)
#3 E:\workspace\new\yii2-advanced\vendor\yiisoft\yii2\base\View.php(149): yii\base\View->renderFile('E:\\workspace\\ne...', Array, NULL)
#4 E:\workspace\new\sand\views\layouts\main.php(22): yii\base\View->render('_left')
#5 E:\workspace\new\yii2-advanced\vendor\yiisoft\yii2\base\View.php(325): require('E:\\workspace\\ne...')
#6 E:\workspace\new\yii2-advanced\vendor\yiisoft\yii2\base\View.php(247): yii\base\View->renderPhpFile('E:\\workspace\\ne...', Array)
#7 E:\workspace\new\yii2-advanced\vendor\yiisoft\yii2\base\Controller.php(393): yii\base\View->renderFile('E:\\workspace\\ne...', Array, Object(app\controllers\RoleController))
#8 E:\workspace\new\yii2-advanced\vendor\yiisoft\yii2\base\Controller.php(379): yii\base\Controller->renderContent('<div class="mai...')
#9 E:\workspace\new\sand\controllers\RoleController.php(12): yii\base\Controller->render('index', Array)
#10 [internal function]: app\controllers\RoleController->actionIndex()
#11 E:\workspace\new\yii2-advanced\vendor\yiisoft\yii2\base\InlineAction.php(55): call_user_func_array(Array, Array)
#12 E:\workspace\new\yii2-advanced\vendor\yiisoft\yii2\base\Controller.php(154): yii\base\InlineAction->runWithParams(Array)
#13 E:\workspace\new\yii2-advanced\vendor\yiisoft\yii2\base\Module.php(454): yii\base\Controller->runAction('index', Array)
#14 E:\workspace\new\yii2-advanced\vendor\yiisoft\yii2\web\Application.php(84): yii\base\Module->runAction('role/index', Array)
#15 E:\workspace\new\yii2-advanced\vendor\yiisoft\yii2\base\Application.php(375): yii\web\Application->handleRequest(Object(yii\web\Request))
#16 E:\workspace\new\sand\web\index.php(12): yii\base\Application->run()
#17 {main}
2019-03-19 09:50:07 [127.0.0.1][1][jda5vq411ut1eanvlnd0mph175][info][application] $_GET = [
    'r' => 'role/index'
]

$_COOKIE = [
    '_csrf' => '7704e2802f1efbd5e13838ab76aff1707252c24776d8897d2f7d5f3553abe0a6a:2:{i:0;s:5:\"_csrf\";i:1;s:32:\"C77CPzTX-Q6uFoGGHEuLsVd7cYoTKXB0\";}'
    'PHPSESSID' => 'jda5vq411ut1eanvlnd0mph175'
]

$_SESSION = [
    '__flash' => []
    '__captcha/site/captcha' => 'lulub'
    '__captcha/site/captchacount' => 1
    '__id' => 1
]

$_SERVER = [
    'MIBDIRS' => 'C:/xampp/php/extras/mibs'
    'MYSQL_HOME' => '\\xampp\\mysql\\bin'
    'OPENSSL_CONF' => 'C:/xampp/apache/bin/openssl.cnf'
    'PHP_PEAR_SYSCONF_DIR' => '\\xampp\\php'
    'PHPRC' => '\\xampp\\php'
    'TMP' => '\\xampp\\tmp'
    'HTTP_HOST' => 'www.space.com'
    'HTTP_CONNECTION' => 'keep-alive'
    'HTTP_CACHE_CONTROL' => 'max-age=0'
    'HTTP_UPGRADE_INSECURE_REQUESTS' => '1'
    'HTTP_USER_AGENT' => 'Mozilla/5.0 (Windows NT 10.0; WOW64) AppleWebKit/537.36 (KHTML, like Gecko) Chrome/72.0.3626.81 Safari/537.36'
    'HTTP_ACCEPT' => 'text/html,application/xhtml+xml,application/xml;q=0.9,image/webp,image/apng,*/*;q=0.8'
    'HTTP_REFERER' => 'http://www.space.com/new/sand/web/index.php?r=operators%2Findex'
    'HTTP_ACCEPT_ENCODING' => 'gzip, deflate'
    'HTTP_ACCEPT_LANGUAGE' => 'zh-CN,zh;q=0.9,en;q=0.8'
    'HTTP_COOKIE' => '_csrf=7704e2802f1efbd5e13838ab76aff1707252c24776d8897d2f7d5f3553abe0a6a%3A2%3A%7Bi%3A0%3Bs%3A5%3A%22_csrf%22%3Bi%3A1%3Bs%3A32%3A%22C77CPzTX-Q6uFoGGHEuLsVd7cYoTKXB0%22%3B%7D; PHPSESSID=jda5vq411ut1eanvlnd0mph175'
    'PATH' => 'C:\\ProgramData\\Anaconda3;C:\\ProgramData\\Anaconda3\\Library\\mingw-w64\\bin;C:\\ProgramData\\Anaconda3\\Library\\usr\\bin;C:\\ProgramData\\Anaconda3\\Library\\bin;C:\\ProgramData\\Anaconda3\\Scripts;C:\\Windows\\system32;C:\\Windows;C:\\Windows\\System32\\Wbem;C:\\Windows\\System32\\WindowsPowerShell\\v1.0\\;C:\\Program Files\\TortoiseSVN\\bin;C:\\xampp\\php;C:\\xampp\\PHP_CodeSniffer-master\\bin;C:\\Windows\\system32\\config\\systemprofile\\AppData\\Local\\Microsoft\\WindowsApps'
    'SystemRoot' => 'C:\\Windows'
    'COMSPEC' => 'C:\\Windows\\system32\\cmd.exe'
    'PATHEXT' => '.COM;.EXE;.BAT;.CMD;.VBS;.VBE;.JS;.JSE;.WSF;.WSH;.MSC'
    'WINDIR' => 'C:\\Windows'
    'SERVER_SIGNATURE' => '<address>Apache/2.4.27 (Win32) OpenSSL/1.0.2l PHP/7.1.8 Server at www.space.com Port 80</address>
'
    'SERVER_SOFTWARE' => 'Apache/2.4.27 (Win32) OpenSSL/1.0.2l PHP/7.1.8'
    'SERVER_NAME' => 'www.space.com'
    'SERVER_ADDR' => '127.0.0.1'
    'SERVER_PORT' => '80'
    'REMOTE_ADDR' => '127.0.0.1'
    'DOCUMENT_ROOT' => 'E:/workspace'
    'REQUEST_SCHEME' => 'http'
    'CONTEXT_PREFIX' => ''
    'CONTEXT_DOCUMENT_ROOT' => 'E:/workspace'
    'SERVER_ADMIN' => 'postmaster@localhost'
    'SCRIPT_FILENAME' => 'E:/workspace/new/sand/web/index.php'
    'REMOTE_PORT' => '52806'
    'GATEWAY_INTERFACE' => 'CGI/1.1'
    'SERVER_PROTOCOL' => 'HTTP/1.1'
    'REQUEST_METHOD' => 'GET'
    'QUERY_STRING' => 'r=role%2Findex'
    'REQUEST_URI' => '/new/sand/web/index.php?r=role%2Findex'
    'SCRIPT_NAME' => '/new/sand/web/index.php'
    'PHP_SELF' => '/new/sand/web/index.php'
    'REQUEST_TIME_FLOAT' => 1552985407.787
    'REQUEST_TIME' => 1552985407
]
2019-03-20 03:19:18 [127.0.0.1][-][-][error][yii\web\HttpException:400] yii\web\BadRequestHttpException: 您提交的数据无法被验证。 in E:\workspace\new\yii2-advanced\vendor\yiisoft\yii2\web\Controller.php:110
Stack trace:
#0 E:\workspace\new\sand\controllers\BaseController.php(22): yii\web\Controller->beforeAction(Object(yii\base\InlineAction))
#1 E:\workspace\new\yii2-advanced\vendor\yiisoft\yii2\base\Controller.php(152): app\controllers\BaseController->beforeAction(Object(yii\base\InlineAction))
#2 E:\workspace\new\yii2-advanced\vendor\yiisoft\yii2\base\Module.php(454): yii\base\Controller->runAction('quanxian', Array)
#3 E:\workspace\new\yii2-advanced\vendor\yiisoft\yii2\web\Application.php(84): yii\base\Module->runAction('role/quanxian', Array)
#4 E:\workspace\new\yii2-advanced\vendor\yiisoft\yii2\base\Application.php(375): yii\web\Application->handleRequest(Object(yii\web\Request))
#5 E:\workspace\new\sand\web\index.php(12): yii\base\Application->run()
#6 {main}
2019-03-20 03:19:18 [127.0.0.1][-][-][info][application] $_GET = [
    'r' => 'role/quanxian'
    'name' => '普通'
]

$_POST = [
    'rules' => [
        0 => ''
        1 => 'operators/index'
        2 => 'operators/index'
        3 => 'operators/add'
        4 => 'operators/update'
        5 => 'operators/reset-pwd'
        6 => 'role/index'
        7 => 'role/index'
        8 => 'role/create-role'
        9 => 'role/quanxian'
        10 => 'menu/index'
        11 => 'menu/create'
        12 => 'menu/update'
        13 => 'menu/delete'
        14 => 'menu/index'
        15 => 'oper-log/index'
    ]
]

$_COOKIE = [
    '_csrf' => '9ff842c0d2ea4112991b6f80fc4199c93eea269b2241c9cd060cda574b057490a:2:{i:0;s:5:\"_csrf\";i:1;s:32:\"CXe0_e-o42j7O5vCtt_z0m2kQd-Rk1j1\";}'
    'PHPSESSID' => 'vt7v02td07s0fji81ksd9jom10'
]

$_SERVER = [
    'MIBDIRS' => 'C:/xampp/php/extras/mibs'
    'MYSQL_HOME' => '\\xampp\\mysql\\bin'
    'OPENSSL_CONF' => 'C:/xampp/apache/bin/openssl.cnf'
    'PHP_PEAR_SYSCONF_DIR' => '\\xampp\\php'
    'PHPRC' => '\\xampp\\php'
    'TMP' => '\\xampp\\tmp'
    'HTTP_HOST' => 'www.space.com'
    'HTTP_CONNECTION' => 'keep-alive'
    'CONTENT_LENGTH' => '431'
    'HTTP_ACCEPT' => '*/*'
    'HTTP_ORIGIN' => 'http://www.space.com'
    'HTTP_X_REQUESTED_WITH' => 'XMLHttpRequest'
    'HTTP_USER_AGENT' => 'Mozilla/5.0 (Windows NT 10.0; WOW64) AppleWebKit/537.36 (KHTML, like Gecko) Chrome/72.0.3626.81 Safari/537.36'
    'CONTENT_TYPE' => 'application/x-www-form-urlencoded; charset=UTF-8'
    'HTTP_REFERER' => 'http://www.space.com/new/sand/web/index.php?r=role%2Findex'
    'HTTP_ACCEPT_ENCODING' => 'gzip, deflate'
    'HTTP_ACCEPT_LANGUAGE' => 'zh-CN,zh;q=0.9,en;q=0.8'
    'HTTP_COOKIE' => '_csrf=9ff842c0d2ea4112991b6f80fc4199c93eea269b2241c9cd060cda574b057490a%3A2%3A%7Bi%3A0%3Bs%3A5%3A%22_csrf%22%3Bi%3A1%3Bs%3A32%3A%22CXe0_e-o42j7O5vCtt_z0m2kQd-Rk1j1%22%3B%7D; PHPSESSID=vt7v02td07s0fji81ksd9jom10'
    'PATH' => 'C:\\ProgramData\\Anaconda3;C:\\ProgramData\\Anaconda3\\Library\\mingw-w64\\bin;C:\\ProgramData\\Anaconda3\\Library\\usr\\bin;C:\\ProgramData\\Anaconda3\\Library\\bin;C:\\ProgramData\\Anaconda3\\Scripts;C:\\Windows\\system32;C:\\Windows;C:\\Windows\\System32\\Wbem;C:\\Windows\\System32\\WindowsPowerShell\\v1.0\\;C:\\Program Files\\TortoiseSVN\\bin;C:\\xampp\\php;C:\\xampp\\PHP_CodeSniffer-master\\bin;C:\\Windows\\system32\\config\\systemprofile\\AppData\\Local\\Microsoft\\WindowsApps'
    'SystemRoot' => 'C:\\Windows'
    'COMSPEC' => 'C:\\Windows\\system32\\cmd.exe'
    'PATHEXT' => '.COM;.EXE;.BAT;.CMD;.VBS;.VBE;.JS;.JSE;.WSF;.WSH;.MSC'
    'WINDIR' => 'C:\\Windows'
    'SERVER_SIGNATURE' => '<address>Apache/2.4.27 (Win32) OpenSSL/1.0.2l PHP/7.1.8 Server at www.space.com Port 80</address>
'
    'SERVER_SOFTWARE' => 'Apache/2.4.27 (Win32) OpenSSL/1.0.2l PHP/7.1.8'
    'SERVER_NAME' => 'www.space.com'
    'SERVER_ADDR' => '127.0.0.1'
    'SERVER_PORT' => '80'
    'REMOTE_ADDR' => '127.0.0.1'
    'DOCUMENT_ROOT' => 'E:/workspace'
    'REQUEST_SCHEME' => 'http'
    'CONTEXT_PREFIX' => ''
    'CONTEXT_DOCUMENT_ROOT' => 'E:/workspace'
    'SERVER_ADMIN' => 'postmaster@localhost'
    'SCRIPT_FILENAME' => 'E:/workspace/new/sand/web/index.php'
    'REMOTE_PORT' => '57578'
    'GATEWAY_INTERFACE' => 'CGI/1.1'
    'SERVER_PROTOCOL' => 'HTTP/1.1'
    'REQUEST_METHOD' => 'POST'
    'QUERY_STRING' => 'r=role%2Fquanxian&name=%E6%99%AE%E9%80%9A'
    'REQUEST_URI' => '/new/sand/web/index.php?r=role%2Fquanxian&name=%E6%99%AE%E9%80%9A'
    'SCRIPT_NAME' => '/new/sand/web/index.php'
    'PHP_SELF' => '/new/sand/web/index.php'
    'REQUEST_TIME_FLOAT' => 1553048358.409
    'REQUEST_TIME' => 1553048358
]
2019-03-20 03:30:51 [127.0.0.1][1][vt7v02td07s0fji81ksd9jom10][error][yii\web\HttpException:400] yii\web\BadRequestHttpException: 缺少参数：name in E:\workspace\new\yii2-advanced\vendor\yiisoft\yii2\web\Controller.php:93
Stack trace:
#0 E:\workspace\new\yii2-advanced\vendor\yiisoft\yii2\base\InlineAction.php(49): yii\web\Controller->bindActionParams(Object(yii\base\InlineAction), Array)
#1 E:\workspace\new\yii2-advanced\vendor\yiisoft\yii2\base\Controller.php(154): yii\base\InlineAction->runWithParams(Array)
#2 E:\workspace\new\yii2-advanced\vendor\yiisoft\yii2\base\Module.php(454): yii\base\Controller->runAction('quanxian', Array)
#3 E:\workspace\new\yii2-advanced\vendor\yiisoft\yii2\web\Application.php(84): yii\base\Module->runAction('role/quanxian', Array)
#4 E:\workspace\new\yii2-advanced\vendor\yiisoft\yii2\base\Application.php(375): yii\web\Application->handleRequest(Object(yii\web\Request))
#5 E:\workspace\new\sand\web\index.php(12): yii\base\Application->run()
#6 {main}
2019-03-20 03:30:50 [127.0.0.1][1][vt7v02td07s0fji81ksd9jom10][info][application] $_GET = [
    'r' => 'role/quanxian'
]

$_COOKIE = [
    '_csrf' => '9ff842c0d2ea4112991b6f80fc4199c93eea269b2241c9cd060cda574b057490a:2:{i:0;s:5:\"_csrf\";i:1;s:32:\"CXe0_e-o42j7O5vCtt_z0m2kQd-Rk1j1\";}'
    'PHPSESSID' => 'vt7v02td07s0fji81ksd9jom10'
]

$_SESSION = [
    '__flash' => []
    '__captcha/site/captcha' => 'eebaw'
    '__captcha/site/captchacount' => 1
    '__id' => 1
]

$_SERVER = [
    'MIBDIRS' => 'C:/xampp/php/extras/mibs'
    'MYSQL_HOME' => '\\xampp\\mysql\\bin'
    'OPENSSL_CONF' => 'C:/xampp/apache/bin/openssl.cnf'
    'PHP_PEAR_SYSCONF_DIR' => '\\xampp\\php'
    'PHPRC' => '\\xampp\\php'
    'TMP' => '\\xampp\\tmp'
    'HTTP_HOST' => 'www.space.com'
    'HTTP_CONNECTION' => 'keep-alive'
    'HTTP_UPGRADE_INSECURE_REQUESTS' => '1'
    'HTTP_USER_AGENT' => 'Mozilla/5.0 (Windows NT 10.0; WOW64) AppleWebKit/537.36 (KHTML, like Gecko) Chrome/72.0.3626.81 Safari/537.36'
    'HTTP_ACCEPT' => 'text/html,application/xhtml+xml,application/xml;q=0.9,image/webp,image/apng,*/*;q=0.8'
    'HTTP_ACCEPT_ENCODING' => 'gzip, deflate'
    'HTTP_ACCEPT_LANGUAGE' => 'zh-CN,zh;q=0.9,en;q=0.8'
    'HTTP_COOKIE' => '_csrf=9ff842c0d2ea4112991b6f80fc4199c93eea269b2241c9cd060cda574b057490a%3A2%3A%7Bi%3A0%3Bs%3A5%3A%22_csrf%22%3Bi%3A1%3Bs%3A32%3A%22CXe0_e-o42j7O5vCtt_z0m2kQd-Rk1j1%22%3B%7D; PHPSESSID=vt7v02td07s0fji81ksd9jom10'
    'PATH' => 'C:\\ProgramData\\Anaconda3;C:\\ProgramData\\Anaconda3\\Library\\mingw-w64\\bin;C:\\ProgramData\\Anaconda3\\Library\\usr\\bin;C:\\ProgramData\\Anaconda3\\Library\\bin;C:\\ProgramData\\Anaconda3\\Scripts;C:\\Windows\\system32;C:\\Windows;C:\\Windows\\System32\\Wbem;C:\\Windows\\System32\\WindowsPowerShell\\v1.0\\;C:\\Program Files\\TortoiseSVN\\bin;C:\\xampp\\php;C:\\xampp\\PHP_CodeSniffer-master\\bin;C:\\Windows\\system32\\config\\systemprofile\\AppData\\Local\\Microsoft\\WindowsApps'
    'SystemRoot' => 'C:\\Windows'
    'COMSPEC' => 'C:\\Windows\\system32\\cmd.exe'
    'PATHEXT' => '.COM;.EXE;.BAT;.CMD;.VBS;.VBE;.JS;.JSE;.WSF;.WSH;.MSC'
    'WINDIR' => 'C:\\Windows'
    'SERVER_SIGNATURE' => '<address>Apache/2.4.27 (Win32) OpenSSL/1.0.2l PHP/7.1.8 Server at www.space.com Port 80</address>
'
    'SERVER_SOFTWARE' => 'Apache/2.4.27 (Win32) OpenSSL/1.0.2l PHP/7.1.8'
    'SERVER_NAME' => 'www.space.com'
    'SERVER_ADDR' => '127.0.0.1'
    'SERVER_PORT' => '80'
    'REMOTE_ADDR' => '127.0.0.1'
    'DOCUMENT_ROOT' => 'E:/workspace'
    'REQUEST_SCHEME' => 'http'
    'CONTEXT_PREFIX' => ''
    'CONTEXT_DOCUMENT_ROOT' => 'E:/workspace'
    'SERVER_ADMIN' => 'postmaster@localhost'
    'SCRIPT_FILENAME' => 'E:/workspace/new/sand/web/index.php'
    'REMOTE_PORT' => '58731'
    'GATEWAY_INTERFACE' => 'CGI/1.1'
    'SERVER_PROTOCOL' => 'HTTP/1.1'
    'REQUEST_METHOD' => 'GET'
    'QUERY_STRING' => 'r=role/quanxian'
    'REQUEST_URI' => '/new/sand/web/index.php?r=role/quanxian'
    'SCRIPT_NAME' => '/new/sand/web/index.php'
    'PHP_SELF' => '/new/sand/web/index.php'
    'REQUEST_TIME_FLOAT' => 1553049050.938
    'REQUEST_TIME' => 1553049050
]
2019-03-20 03:41:18 [127.0.0.1][-][-][error][yii\web\HttpException:400] yii\web\BadRequestHttpException: 您提交的数据无法被验证。 in E:\workspace\new\yii2-advanced\vendor\yiisoft\yii2\web\Controller.php:110
Stack trace:
#0 E:\workspace\new\sand\controllers\BaseController.php(22): yii\web\Controller->beforeAction(Object(yii\base\InlineAction))
#1 E:\workspace\new\yii2-advanced\vendor\yiisoft\yii2\base\Controller.php(152): app\controllers\BaseController->beforeAction(Object(yii\base\InlineAction))
#2 E:\workspace\new\yii2-advanced\vendor\yiisoft\yii2\base\Module.php(454): yii\base\Controller->runAction('quanxian', Array)
#3 E:\workspace\new\yii2-advanced\vendor\yiisoft\yii2\web\Application.php(84): yii\base\Module->runAction('role/quanxian', Array)
#4 E:\workspace\new\yii2-advanced\vendor\yiisoft\yii2\base\Application.php(375): yii\web\Application->handleRequest(Object(yii\web\Request))
#5 E:\workspace\new\sand\web\index.php(12): yii\base\Application->run()
#6 {main}
2019-03-20 03:41:18 [127.0.0.1][-][-][info][application] $_GET = [
    'r' => 'role/quanxian'
    'name' => '普通'
]

$_POST = [
    'rules' => [
        0 => 'operators/index'
        1 => 'operators/index'
        2 => 'operators/add'
        3 => 'operators/update'
        4 => 'operators/reset-pwd'
        5 => 'role/index'
        6 => 'role/index'
        7 => 'role/create-role'
        8 => 'role/quanxian'
        9 => 'menu/create'
        10 => 'menu/update'
        11 => 'menu/delete'
        12 => 'oper-log/index'
    ]
]

$_COOKIE = [
    '_csrf' => '9ff842c0d2ea4112991b6f80fc4199c93eea269b2241c9cd060cda574b057490a:2:{i:0;s:5:\"_csrf\";i:1;s:32:\"CXe0_e-o42j7O5vCtt_z0m2kQd-Rk1j1\";}'
    'PHPSESSID' => 'vt7v02td07s0fji81ksd9jom10'
]

$_SERVER = [
    'MIBDIRS' => 'C:/xampp/php/extras/mibs'
    'MYSQL_HOME' => '\\xampp\\mysql\\bin'
    'OPENSSL_CONF' => 'C:/xampp/apache/bin/openssl.cnf'
    'PHP_PEAR_SYSCONF_DIR' => '\\xampp\\php'
    'PHPRC' => '\\xampp\\php'
    'TMP' => '\\xampp\\tmp'
    'HTTP_HOST' => 'www.space.com'
    'HTTP_CONNECTION' => 'keep-alive'
    'CONTENT_LENGTH' => '368'
    'HTTP_ACCEPT' => '*/*'
    'HTTP_ORIGIN' => 'http://www.space.com'
    'HTTP_X_REQUESTED_WITH' => 'XMLHttpRequest'
    'HTTP_USER_AGENT' => 'Mozilla/5.0 (Windows NT 10.0; WOW64) AppleWebKit/537.36 (KHTML, like Gecko) Chrome/72.0.3626.81 Safari/537.36'
    'CONTENT_TYPE' => 'application/x-www-form-urlencoded; charset=UTF-8'
    'HTTP_REFERER' => 'http://www.space.com/new/sand/web/index.php?r=role%2Findex'
    'HTTP_ACCEPT_ENCODING' => 'gzip, deflate'
    'HTTP_ACCEPT_LANGUAGE' => 'zh-CN,zh;q=0.9,en;q=0.8'
    'HTTP_COOKIE' => '_csrf=9ff842c0d2ea4112991b6f80fc4199c93eea269b2241c9cd060cda574b057490a%3A2%3A%7Bi%3A0%3Bs%3A5%3A%22_csrf%22%3Bi%3A1%3Bs%3A32%3A%22CXe0_e-o42j7O5vCtt_z0m2kQd-Rk1j1%22%3B%7D; PHPSESSID=vt7v02td07s0fji81ksd9jom10'
    'PATH' => 'C:\\ProgramData\\Anaconda3;C:\\ProgramData\\Anaconda3\\Library\\mingw-w64\\bin;C:\\ProgramData\\Anaconda3\\Library\\usr\\bin;C:\\ProgramData\\Anaconda3\\Library\\bin;C:\\ProgramData\\Anaconda3\\Scripts;C:\\Windows\\system32;C:\\Windows;C:\\Windows\\System32\\Wbem;C:\\Windows\\System32\\WindowsPowerShell\\v1.0\\;C:\\Program Files\\TortoiseSVN\\bin;C:\\xampp\\php;C:\\xampp\\PHP_CodeSniffer-master\\bin;C:\\Windows\\system32\\config\\systemprofile\\AppData\\Local\\Microsoft\\WindowsApps'
    'SystemRoot' => 'C:\\Windows'
    'COMSPEC' => 'C:\\Windows\\system32\\cmd.exe'
    'PATHEXT' => '.COM;.EXE;.BAT;.CMD;.VBS;.VBE;.JS;.JSE;.WSF;.WSH;.MSC'
    'WINDIR' => 'C:\\Windows'
    'SERVER_SIGNATURE' => '<address>Apache/2.4.27 (Win32) OpenSSL/1.0.2l PHP/7.1.8 Server at www.space.com Port 80</address>
'
    'SERVER_SOFTWARE' => 'Apache/2.4.27 (Win32) OpenSSL/1.0.2l PHP/7.1.8'
    'SERVER_NAME' => 'www.space.com'
    'SERVER_ADDR' => '127.0.0.1'
    'SERVER_PORT' => '80'
    'REMOTE_ADDR' => '127.0.0.1'
    'DOCUMENT_ROOT' => 'E:/workspace'
    'REQUEST_SCHEME' => 'http'
    'CONTEXT_PREFIX' => ''
    'CONTEXT_DOCUMENT_ROOT' => 'E:/workspace'
    'SERVER_ADMIN' => 'postmaster@localhost'
    'SCRIPT_FILENAME' => 'E:/workspace/new/sand/web/index.php'
    'REMOTE_PORT' => '59814'
    'GATEWAY_INTERFACE' => 'CGI/1.1'
    'SERVER_PROTOCOL' => 'HTTP/1.1'
    'REQUEST_METHOD' => 'POST'
    'QUERY_STRING' => 'r=role%2Fquanxian&name=%E6%99%AE%E9%80%9A'
    'REQUEST_URI' => '/new/sand/web/index.php?r=role%2Fquanxian&name=%E6%99%AE%E9%80%9A'
    'SCRIPT_NAME' => '/new/sand/web/index.php'
    'PHP_SELF' => '/new/sand/web/index.php'
    'REQUEST_TIME_FLOAT' => 1553049678.008
    'REQUEST_TIME' => 1553049678
]
2019-03-20 03:43:18 [127.0.0.1][-][-][error][yii\web\HttpException:400] yii\web\BadRequestHttpException: 您提交的数据无法被验证。 in E:\workspace\new\yii2-advanced\vendor\yiisoft\yii2\web\Controller.php:110
Stack trace:
#0 E:\workspace\new\sand\controllers\BaseController.php(22): yii\web\Controller->beforeAction(Object(yii\base\InlineAction))
#1 E:\workspace\new\yii2-advanced\vendor\yiisoft\yii2\base\Controller.php(152): app\controllers\BaseController->beforeAction(Object(yii\base\InlineAction))
#2 E:\workspace\new\yii2-advanced\vendor\yiisoft\yii2\base\Module.php(454): yii\base\Controller->runAction('quanxian', Array)
#3 E:\workspace\new\yii2-advanced\vendor\yiisoft\yii2\web\Application.php(84): yii\base\Module->runAction('role/quanxian', Array)
#4 E:\workspace\new\yii2-advanced\vendor\yiisoft\yii2\base\Application.php(375): yii\web\Application->handleRequest(Object(yii\web\Request))
#5 E:\workspace\new\sand\web\index.php(12): yii\base\Application->run()
#6 {main}
2019-03-20 03:43:18 [127.0.0.1][-][-][info][application] $_GET = [
    'r' => 'role/quanxian'
    'name' => '普通'
]

$_POST = [
    'rules' => [
        0 => 'operators/index'
        1 => 'operators/index'
        2 => 'operators/add'
        3 => 'operators/update'
        4 => 'operators/reset-pwd'
        5 => 'role/index'
        6 => 'role/index'
        7 => 'role/create-role'
        8 => 'role/quanxian'
        9 => 'menu/create'
        10 => 'menu/update'
        11 => 'menu/delete'
        12 => 'oper-log/index'
    ]
]

$_COOKIE = [
    '_csrf' => '9ff842c0d2ea4112991b6f80fc4199c93eea269b2241c9cd060cda574b057490a:2:{i:0;s:5:\"_csrf\";i:1;s:32:\"CXe0_e-o42j7O5vCtt_z0m2kQd-Rk1j1\";}'
    'PHPSESSID' => 'vt7v02td07s0fji81ksd9jom10'
]

$_SERVER = [
    'MIBDIRS' => 'C:/xampp/php/extras/mibs'
    'MYSQL_HOME' => '\\xampp\\mysql\\bin'
    'OPENSSL_CONF' => 'C:/xampp/apache/bin/openssl.cnf'
    'PHP_PEAR_SYSCONF_DIR' => '\\xampp\\php'
    'PHPRC' => '\\xampp\\php'
    'TMP' => '\\xampp\\tmp'
    'HTTP_HOST' => 'www.space.com'
    'HTTP_CONNECTION' => 'keep-alive'
    'CONTENT_LENGTH' => '368'
    'HTTP_ACCEPT' => '*/*'
    'HTTP_ORIGIN' => 'http://www.space.com'
    'HTTP_X_REQUESTED_WITH' => 'XMLHttpRequest'
    'HTTP_USER_AGENT' => 'Mozilla/5.0 (Windows NT 10.0; WOW64) AppleWebKit/537.36 (KHTML, like Gecko) Chrome/72.0.3626.81 Safari/537.36'
    'CONTENT_TYPE' => 'application/x-www-form-urlencoded; charset=UTF-8'
    'HTTP_REFERER' => 'http://www.space.com/new/sand/web/index.php?r=role%2Findex'
    'HTTP_ACCEPT_ENCODING' => 'gzip, deflate'
    'HTTP_ACCEPT_LANGUAGE' => 'zh-CN,zh;q=0.9,en;q=0.8'
    'HTTP_COOKIE' => '_csrf=9ff842c0d2ea4112991b6f80fc4199c93eea269b2241c9cd060cda574b057490a%3A2%3A%7Bi%3A0%3Bs%3A5%3A%22_csrf%22%3Bi%3A1%3Bs%3A32%3A%22CXe0_e-o42j7O5vCtt_z0m2kQd-Rk1j1%22%3B%7D; PHPSESSID=vt7v02td07s0fji81ksd9jom10'
    'PATH' => 'C:\\ProgramData\\Anaconda3;C:\\ProgramData\\Anaconda3\\Library\\mingw-w64\\bin;C:\\ProgramData\\Anaconda3\\Library\\usr\\bin;C:\\ProgramData\\Anaconda3\\Library\\bin;C:\\ProgramData\\Anaconda3\\Scripts;C:\\Windows\\system32;C:\\Windows;C:\\Windows\\System32\\Wbem;C:\\Windows\\System32\\WindowsPowerShell\\v1.0\\;C:\\Program Files\\TortoiseSVN\\bin;C:\\xampp\\php;C:\\xampp\\PHP_CodeSniffer-master\\bin;C:\\Windows\\system32\\config\\systemprofile\\AppData\\Local\\Microsoft\\WindowsApps'
    'SystemRoot' => 'C:\\Windows'
    'COMSPEC' => 'C:\\Windows\\system32\\cmd.exe'
    'PATHEXT' => '.COM;.EXE;.BAT;.CMD;.VBS;.VBE;.JS;.JSE;.WSF;.WSH;.MSC'
    'WINDIR' => 'C:\\Windows'
    'SERVER_SIGNATURE' => '<address>Apache/2.4.27 (Win32) OpenSSL/1.0.2l PHP/7.1.8 Server at www.space.com Port 80</address>
'
    'SERVER_SOFTWARE' => 'Apache/2.4.27 (Win32) OpenSSL/1.0.2l PHP/7.1.8'
    'SERVER_NAME' => 'www.space.com'
    'SERVER_ADDR' => '127.0.0.1'
    'SERVER_PORT' => '80'
    'REMOTE_ADDR' => '127.0.0.1'
    'DOCUMENT_ROOT' => 'E:/workspace'
    'REQUEST_SCHEME' => 'http'
    'CONTEXT_PREFIX' => ''
    'CONTEXT_DOCUMENT_ROOT' => 'E:/workspace'
    'SERVER_ADMIN' => 'postmaster@localhost'
    'SCRIPT_FILENAME' => 'E:/workspace/new/sand/web/index.php'
    'REMOTE_PORT' => '59983'
    'GATEWAY_INTERFACE' => 'CGI/1.1'
    'SERVER_PROTOCOL' => 'HTTP/1.1'
    'REQUEST_METHOD' => 'POST'
    'QUERY_STRING' => 'r=role%2Fquanxian&name=%E6%99%AE%E9%80%9A'
    'REQUEST_URI' => '/new/sand/web/index.php?r=role%2Fquanxian&name=%E6%99%AE%E9%80%9A'
    'SCRIPT_NAME' => '/new/sand/web/index.php'
    'PHP_SELF' => '/new/sand/web/index.php'
    'REQUEST_TIME_FLOAT' => 1553049798.817
    'REQUEST_TIME' => 1553049798
]
2019-03-20 03:43:23 [127.0.0.1][-][-][error][yii\web\HttpException:400] yii\web\BadRequestHttpException: 您提交的数据无法被验证。 in E:\workspace\new\yii2-advanced\vendor\yiisoft\yii2\web\Controller.php:110
Stack trace:
#0 E:\workspace\new\sand\controllers\BaseController.php(22): yii\web\Controller->beforeAction(Object(yii\base\InlineAction))
#1 E:\workspace\new\yii2-advanced\vendor\yiisoft\yii2\base\Controller.php(152): app\controllers\BaseController->beforeAction(Object(yii\base\InlineAction))
#2 E:\workspace\new\yii2-advanced\vendor\yiisoft\yii2\base\Module.php(454): yii\base\Controller->runAction('quanxian', Array)
#3 E:\workspace\new\yii2-advanced\vendor\yiisoft\yii2\web\Application.php(84): yii\base\Module->runAction('role/quanxian', Array)
#4 E:\workspace\new\yii2-advanced\vendor\yiisoft\yii2\base\Application.php(375): yii\web\Application->handleRequest(Object(yii\web\Request))
#5 E:\workspace\new\sand\web\index.php(12): yii\base\Application->run()
#6 {main}
2019-03-20 03:43:23 [127.0.0.1][-][-][info][application] $_GET = [
    'r' => 'role/quanxian'
    'name' => '普通'
]

$_POST = [
    'rules' => [
        0 => 'operators/index'
        1 => 'operators/index'
        2 => 'operators/add'
        3 => 'operators/update'
        4 => 'operators/reset-pwd'
        5 => 'role/index'
        6 => 'role/index'
        7 => 'role/create-role'
        8 => 'role/quanxian'
        9 => 'menu/create'
        10 => 'menu/update'
        11 => 'menu/delete'
        12 => 'oper-log/index'
    ]
]

$_COOKIE = [
    '_csrf' => '9ff842c0d2ea4112991b6f80fc4199c93eea269b2241c9cd060cda574b057490a:2:{i:0;s:5:\"_csrf\";i:1;s:32:\"CXe0_e-o42j7O5vCtt_z0m2kQd-Rk1j1\";}'
    'PHPSESSID' => 'vt7v02td07s0fji81ksd9jom10'
]

$_SERVER = [
    'MIBDIRS' => 'C:/xampp/php/extras/mibs'
    'MYSQL_HOME' => '\\xampp\\mysql\\bin'
    'OPENSSL_CONF' => 'C:/xampp/apache/bin/openssl.cnf'
    'PHP_PEAR_SYSCONF_DIR' => '\\xampp\\php'
    'PHPRC' => '\\xampp\\php'
    'TMP' => '\\xampp\\tmp'
    'HTTP_HOST' => 'www.space.com'
    'HTTP_CONNECTION' => 'keep-alive'
    'CONTENT_LENGTH' => '368'
    'HTTP_ACCEPT' => '*/*'
    'HTTP_ORIGIN' => 'http://www.space.com'
    'HTTP_X_REQUESTED_WITH' => 'XMLHttpRequest'
    'HTTP_USER_AGENT' => 'Mozilla/5.0 (Windows NT 10.0; WOW64) AppleWebKit/537.36 (KHTML, like Gecko) Chrome/72.0.3626.81 Safari/537.36'
    'CONTENT_TYPE' => 'application/x-www-form-urlencoded; charset=UTF-8'
    'HTTP_REFERER' => 'http://www.space.com/new/sand/web/index.php?r=role%2Findex'
    'HTTP_ACCEPT_ENCODING' => 'gzip, deflate'
    'HTTP_ACCEPT_LANGUAGE' => 'zh-CN,zh;q=0.9,en;q=0.8'
    'HTTP_COOKIE' => '_csrf=9ff842c0d2ea4112991b6f80fc4199c93eea269b2241c9cd060cda574b057490a%3A2%3A%7Bi%3A0%3Bs%3A5%3A%22_csrf%22%3Bi%3A1%3Bs%3A32%3A%22CXe0_e-o42j7O5vCtt_z0m2kQd-Rk1j1%22%3B%7D; PHPSESSID=vt7v02td07s0fji81ksd9jom10'
    'PATH' => 'C:\\ProgramData\\Anaconda3;C:\\ProgramData\\Anaconda3\\Library\\mingw-w64\\bin;C:\\ProgramData\\Anaconda3\\Library\\usr\\bin;C:\\ProgramData\\Anaconda3\\Library\\bin;C:\\ProgramData\\Anaconda3\\Scripts;C:\\Windows\\system32;C:\\Windows;C:\\Windows\\System32\\Wbem;C:\\Windows\\System32\\WindowsPowerShell\\v1.0\\;C:\\Program Files\\TortoiseSVN\\bin;C:\\xampp\\php;C:\\xampp\\PHP_CodeSniffer-master\\bin;C:\\Windows\\system32\\config\\systemprofile\\AppData\\Local\\Microsoft\\WindowsApps'
    'SystemRoot' => 'C:\\Windows'
    'COMSPEC' => 'C:\\Windows\\system32\\cmd.exe'
    'PATHEXT' => '.COM;.EXE;.BAT;.CMD;.VBS;.VBE;.JS;.JSE;.WSF;.WSH;.MSC'
    'WINDIR' => 'C:\\Windows'
    'SERVER_SIGNATURE' => '<address>Apache/2.4.27 (Win32) OpenSSL/1.0.2l PHP/7.1.8 Server at www.space.com Port 80</address>
'
    'SERVER_SOFTWARE' => 'Apache/2.4.27 (Win32) OpenSSL/1.0.2l PHP/7.1.8'
    'SERVER_NAME' => 'www.space.com'
    'SERVER_ADDR' => '127.0.0.1'
    'SERVER_PORT' => '80'
    'REMOTE_ADDR' => '127.0.0.1'
    'DOCUMENT_ROOT' => 'E:/workspace'
    'REQUEST_SCHEME' => 'http'
    'CONTEXT_PREFIX' => ''
    'CONTEXT_DOCUMENT_ROOT' => 'E:/workspace'
    'SERVER_ADMIN' => 'postmaster@localhost'
    'SCRIPT_FILENAME' => 'E:/workspace/new/sand/web/index.php'
    'REMOTE_PORT' => '60001'
    'GATEWAY_INTERFACE' => 'CGI/1.1'
    'SERVER_PROTOCOL' => 'HTTP/1.1'
    'REQUEST_METHOD' => 'POST'
    'QUERY_STRING' => 'r=role%2Fquanxian&name=%E6%99%AE%E9%80%9A'
    'REQUEST_URI' => '/new/sand/web/index.php?r=role%2Fquanxian&name=%E6%99%AE%E9%80%9A'
    'SCRIPT_NAME' => '/new/sand/web/index.php'
    'PHP_SELF' => '/new/sand/web/index.php'
    'REQUEST_TIME_FLOAT' => 1553049803.03
    'REQUEST_TIME' => 1553049803
]
2019-03-20 03:46:58 [127.0.0.1][-][-][error][yii\web\HttpException:400] yii\web\BadRequestHttpException: 您提交的数据无法被验证。 in E:\workspace\new\yii2-advanced\vendor\yiisoft\yii2\web\Controller.php:110
Stack trace:
#0 E:\workspace\new\sand\controllers\BaseController.php(22): yii\web\Controller->beforeAction(Object(yii\base\InlineAction))
#1 E:\workspace\new\yii2-advanced\vendor\yiisoft\yii2\base\Controller.php(152): app\controllers\BaseController->beforeAction(Object(yii\base\InlineAction))
#2 E:\workspace\new\yii2-advanced\vendor\yiisoft\yii2\base\Module.php(454): yii\base\Controller->runAction('del', Array)
#3 E:\workspace\new\yii2-advanced\vendor\yiisoft\yii2\web\Application.php(84): yii\base\Module->runAction('operators/del', Array)
#4 E:\workspace\new\yii2-advanced\vendor\yiisoft\yii2\base\Application.php(375): yii\web\Application->handleRequest(Object(yii\web\Request))
#5 E:\workspace\new\sand\web\index.php(12): yii\base\Application->run()
#6 {main}
2019-03-20 03:46:58 [127.0.0.1][-][-][info][application] $_GET = [
    'r' => 'operators/del'
]

$_POST = [
    'id' => '2'
]

$_COOKIE = [
    '_csrf' => '9ff842c0d2ea4112991b6f80fc4199c93eea269b2241c9cd060cda574b057490a:2:{i:0;s:5:\"_csrf\";i:1;s:32:\"CXe0_e-o42j7O5vCtt_z0m2kQd-Rk1j1\";}'
    'PHPSESSID' => 'vt7v02td07s0fji81ksd9jom10'
]

$_SERVER = [
    'MIBDIRS' => 'C:/xampp/php/extras/mibs'
    'MYSQL_HOME' => '\\xampp\\mysql\\bin'
    'OPENSSL_CONF' => 'C:/xampp/apache/bin/openssl.cnf'
    'PHP_PEAR_SYSCONF_DIR' => '\\xampp\\php'
    'PHPRC' => '\\xampp\\php'
    'TMP' => '\\xampp\\tmp'
    'HTTP_HOST' => 'www.space.com'
    'HTTP_CONNECTION' => 'keep-alive'
    'CONTENT_LENGTH' => '4'
    'HTTP_ACCEPT' => '*/*'
    'HTTP_ORIGIN' => 'http://www.space.com'
    'HTTP_X_REQUESTED_WITH' => 'XMLHttpRequest'
    'HTTP_USER_AGENT' => 'Mozilla/5.0 (Windows NT 10.0; WOW64) AppleWebKit/537.36 (KHTML, like Gecko) Chrome/72.0.3626.81 Safari/537.36'
    'CONTENT_TYPE' => 'application/x-www-form-urlencoded; charset=UTF-8'
    'HTTP_REFERER' => 'http://www.space.com/new/sand/web/index.php?r=operators%2Findex'
    'HTTP_ACCEPT_ENCODING' => 'gzip, deflate'
    'HTTP_ACCEPT_LANGUAGE' => 'zh-CN,zh;q=0.9,en;q=0.8'
    'HTTP_COOKIE' => '_csrf=9ff842c0d2ea4112991b6f80fc4199c93eea269b2241c9cd060cda574b057490a%3A2%3A%7Bi%3A0%3Bs%3A5%3A%22_csrf%22%3Bi%3A1%3Bs%3A32%3A%22CXe0_e-o42j7O5vCtt_z0m2kQd-Rk1j1%22%3B%7D; PHPSESSID=vt7v02td07s0fji81ksd9jom10'
    'PATH' => 'C:\\ProgramData\\Anaconda3;C:\\ProgramData\\Anaconda3\\Library\\mingw-w64\\bin;C:\\ProgramData\\Anaconda3\\Library\\usr\\bin;C:\\ProgramData\\Anaconda3\\Library\\bin;C:\\ProgramData\\Anaconda3\\Scripts;C:\\Windows\\system32;C:\\Windows;C:\\Windows\\System32\\Wbem;C:\\Windows\\System32\\WindowsPowerShell\\v1.0\\;C:\\Program Files\\TortoiseSVN\\bin;C:\\xampp\\php;C:\\xampp\\PHP_CodeSniffer-master\\bin;C:\\Windows\\system32\\config\\systemprofile\\AppData\\Local\\Microsoft\\WindowsApps'
    'SystemRoot' => 'C:\\Windows'
    'COMSPEC' => 'C:\\Windows\\system32\\cmd.exe'
    'PATHEXT' => '.COM;.EXE;.BAT;.CMD;.VBS;.VBE;.JS;.JSE;.WSF;.WSH;.MSC'
    'WINDIR' => 'C:\\Windows'
    'SERVER_SIGNATURE' => '<address>Apache/2.4.27 (Win32) OpenSSL/1.0.2l PHP/7.1.8 Server at www.space.com Port 80</address>
'
    'SERVER_SOFTWARE' => 'Apache/2.4.27 (Win32) OpenSSL/1.0.2l PHP/7.1.8'
    'SERVER_NAME' => 'www.space.com'
    'SERVER_ADDR' => '127.0.0.1'
    'SERVER_PORT' => '80'
    'REMOTE_ADDR' => '127.0.0.1'
    'DOCUMENT_ROOT' => 'E:/workspace'
    'REQUEST_SCHEME' => 'http'
    'CONTEXT_PREFIX' => ''
    'CONTEXT_DOCUMENT_ROOT' => 'E:/workspace'
    'SERVER_ADMIN' => 'postmaster@localhost'
    'SCRIPT_FILENAME' => 'E:/workspace/new/sand/web/index.php'
    'REMOTE_PORT' => '60323'
    'GATEWAY_INTERFACE' => 'CGI/1.1'
    'SERVER_PROTOCOL' => 'HTTP/1.1'
    'REQUEST_METHOD' => 'POST'
    'QUERY_STRING' => 'r=operators%2Fdel'
    'REQUEST_URI' => '/new/sand/web/index.php?r=operators%2Fdel'
    'SCRIPT_NAME' => '/new/sand/web/index.php'
    'PHP_SELF' => '/new/sand/web/index.php'
    'REQUEST_TIME_FLOAT' => 1553050018.566
    'REQUEST_TIME' => 1553050018
]
2019-03-20 03:47:16 [127.0.0.1][-][-][error][yii\web\HttpException:400] yii\web\BadRequestHttpException: 您提交的数据无法被验证。 in E:\workspace\new\yii2-advanced\vendor\yiisoft\yii2\web\Controller.php:110
Stack trace:
#0 E:\workspace\new\sand\controllers\BaseController.php(22): yii\web\Controller->beforeAction(Object(yii\base\InlineAction))
#1 E:\workspace\new\yii2-advanced\vendor\yiisoft\yii2\base\Controller.php(152): app\controllers\BaseController->beforeAction(Object(yii\base\InlineAction))
#2 E:\workspace\new\yii2-advanced\vendor\yiisoft\yii2\base\Module.php(454): yii\base\Controller->runAction('del', Array)
#3 E:\workspace\new\yii2-advanced\vendor\yiisoft\yii2\web\Application.php(84): yii\base\Module->runAction('operators/del', Array)
#4 E:\workspace\new\yii2-advanced\vendor\yiisoft\yii2\base\Application.php(375): yii\web\Application->handleRequest(Object(yii\web\Request))
#5 E:\workspace\new\sand\web\index.php(12): yii\base\Application->run()
#6 {main}
2019-03-20 03:47:15 [127.0.0.1][-][-][info][application] $_GET = [
    'r' => 'operators/del'
]

$_POST = [
    'id' => '2'
]

$_COOKIE = [
    '_csrf' => '9ff842c0d2ea4112991b6f80fc4199c93eea269b2241c9cd060cda574b057490a:2:{i:0;s:5:\"_csrf\";i:1;s:32:\"CXe0_e-o42j7O5vCtt_z0m2kQd-Rk1j1\";}'
    'PHPSESSID' => 'vt7v02td07s0fji81ksd9jom10'
]

$_SERVER = [
    'MIBDIRS' => 'C:/xampp/php/extras/mibs'
    'MYSQL_HOME' => '\\xampp\\mysql\\bin'
    'OPENSSL_CONF' => 'C:/xampp/apache/bin/openssl.cnf'
    'PHP_PEAR_SYSCONF_DIR' => '\\xampp\\php'
    'PHPRC' => '\\xampp\\php'
    'TMP' => '\\xampp\\tmp'
    'HTTP_HOST' => 'www.space.com'
    'HTTP_CONNECTION' => 'keep-alive'
    'CONTENT_LENGTH' => '4'
    'HTTP_ACCEPT' => '*/*'
    'HTTP_ORIGIN' => 'http://www.space.com'
    'HTTP_X_REQUESTED_WITH' => 'XMLHttpRequest'
    'HTTP_USER_AGENT' => 'Mozilla/5.0 (Windows NT 10.0; WOW64) AppleWebKit/537.36 (KHTML, like Gecko) Chrome/72.0.3626.81 Safari/537.36'
    'CONTENT_TYPE' => 'application/x-www-form-urlencoded; charset=UTF-8'
    'HTTP_REFERER' => 'http://www.space.com/new/sand/web/index.php?r=operators%2Findex'
    'HTTP_ACCEPT_ENCODING' => 'gzip, deflate'
    'HTTP_ACCEPT_LANGUAGE' => 'zh-CN,zh;q=0.9,en;q=0.8'
    'HTTP_COOKIE' => '_csrf=9ff842c0d2ea4112991b6f80fc4199c93eea269b2241c9cd060cda574b057490a%3A2%3A%7Bi%3A0%3Bs%3A5%3A%22_csrf%22%3Bi%3A1%3Bs%3A32%3A%22CXe0_e-o42j7O5vCtt_z0m2kQd-Rk1j1%22%3B%7D; PHPSESSID=vt7v02td07s0fji81ksd9jom10'
    'PATH' => 'C:\\ProgramData\\Anaconda3;C:\\ProgramData\\Anaconda3\\Library\\mingw-w64\\bin;C:\\ProgramData\\Anaconda3\\Library\\usr\\bin;C:\\ProgramData\\Anaconda3\\Library\\bin;C:\\ProgramData\\Anaconda3\\Scripts;C:\\Windows\\system32;C:\\Windows;C:\\Windows\\System32\\Wbem;C:\\Windows\\System32\\WindowsPowerShell\\v1.0\\;C:\\Program Files\\TortoiseSVN\\bin;C:\\xampp\\php;C:\\xampp\\PHP_CodeSniffer-master\\bin;C:\\Windows\\system32\\config\\systemprofile\\AppData\\Local\\Microsoft\\WindowsApps'
    'SystemRoot' => 'C:\\Windows'
    'COMSPEC' => 'C:\\Windows\\system32\\cmd.exe'
    'PATHEXT' => '.COM;.EXE;.BAT;.CMD;.VBS;.VBE;.JS;.JSE;.WSF;.WSH;.MSC'
    'WINDIR' => 'C:\\Windows'
    'SERVER_SIGNATURE' => '<address>Apache/2.4.27 (Win32) OpenSSL/1.0.2l PHP/7.1.8 Server at www.space.com Port 80</address>
'
    'SERVER_SOFTWARE' => 'Apache/2.4.27 (Win32) OpenSSL/1.0.2l PHP/7.1.8'
    'SERVER_NAME' => 'www.space.com'
    'SERVER_ADDR' => '127.0.0.1'
    'SERVER_PORT' => '80'
    'REMOTE_ADDR' => '127.0.0.1'
    'DOCUMENT_ROOT' => 'E:/workspace'
    'REQUEST_SCHEME' => 'http'
    'CONTEXT_PREFIX' => ''
    'CONTEXT_DOCUMENT_ROOT' => 'E:/workspace'
    'SERVER_ADMIN' => 'postmaster@localhost'
    'SCRIPT_FILENAME' => 'E:/workspace/new/sand/web/index.php'
    'REMOTE_PORT' => '60375'
    'GATEWAY_INTERFACE' => 'CGI/1.1'
    'SERVER_PROTOCOL' => 'HTTP/1.1'
    'REQUEST_METHOD' => 'POST'
    'QUERY_STRING' => 'r=operators%2Fdel'
    'REQUEST_URI' => '/new/sand/web/index.php?r=operators%2Fdel'
    'SCRIPT_NAME' => '/new/sand/web/index.php'
    'PHP_SELF' => '/new/sand/web/index.php'
    'REQUEST_TIME_FLOAT' => 1553050035.952
    'REQUEST_TIME' => 1553050035
]
2019-03-20 03:49:36 [127.0.0.1][-][-][error][yii\web\HttpException:400] yii\web\BadRequestHttpException: 您提交的数据无法被验证。 in E:\workspace\new\yii2-advanced\vendor\yiisoft\yii2\web\Controller.php:110
Stack trace:
#0 E:\workspace\new\sand\controllers\BaseController.php(22): yii\web\Controller->beforeAction(Object(yii\base\InlineAction))
#1 E:\workspace\new\yii2-advanced\vendor\yiisoft\yii2\base\Controller.php(152): app\controllers\BaseController->beforeAction(Object(yii\base\InlineAction))
#2 E:\workspace\new\yii2-advanced\vendor\yiisoft\yii2\base\Module.php(454): yii\base\Controller->runAction('del', Array)
#3 E:\workspace\new\yii2-advanced\vendor\yiisoft\yii2\web\Application.php(84): yii\base\Module->runAction('role/del', Array)
#4 E:\workspace\new\yii2-advanced\vendor\yiisoft\yii2\base\Application.php(375): yii\web\Application->handleRequest(Object(yii\web\Request))
#5 E:\workspace\new\sand\web\index.php(12): yii\base\Application->run()
#6 {main}
2019-03-20 03:49:36 [127.0.0.1][-][-][info][application] $_GET = [
    'r' => 'role/del'
]

$_POST = [
    'name' => '普通'
]

$_COOKIE = [
    '_csrf' => '9ff842c0d2ea4112991b6f80fc4199c93eea269b2241c9cd060cda574b057490a:2:{i:0;s:5:\"_csrf\";i:1;s:32:\"CXe0_e-o42j7O5vCtt_z0m2kQd-Rk1j1\";}'
    'PHPSESSID' => 'vt7v02td07s0fji81ksd9jom10'
]

$_SERVER = [
    'MIBDIRS' => 'C:/xampp/php/extras/mibs'
    'MYSQL_HOME' => '\\xampp\\mysql\\bin'
    'OPENSSL_CONF' => 'C:/xampp/apache/bin/openssl.cnf'
    'PHP_PEAR_SYSCONF_DIR' => '\\xampp\\php'
    'PHPRC' => '\\xampp\\php'
    'TMP' => '\\xampp\\tmp'
    'HTTP_HOST' => 'www.space.com'
    'HTTP_CONNECTION' => 'keep-alive'
    'CONTENT_LENGTH' => '23'
    'HTTP_ACCEPT' => '*/*'
    'HTTP_ORIGIN' => 'http://www.space.com'
    'HTTP_X_REQUESTED_WITH' => 'XMLHttpRequest'
    'HTTP_USER_AGENT' => 'Mozilla/5.0 (Windows NT 10.0; WOW64) AppleWebKit/537.36 (KHTML, like Gecko) Chrome/72.0.3626.81 Safari/537.36'
    'CONTENT_TYPE' => 'application/x-www-form-urlencoded; charset=UTF-8'
    'HTTP_REFERER' => 'http://www.space.com/new/sand/web/index.php?r=role%2Findex'
    'HTTP_ACCEPT_ENCODING' => 'gzip, deflate'
    'HTTP_ACCEPT_LANGUAGE' => 'zh-CN,zh;q=0.9,en;q=0.8'
    'HTTP_COOKIE' => '_csrf=9ff842c0d2ea4112991b6f80fc4199c93eea269b2241c9cd060cda574b057490a%3A2%3A%7Bi%3A0%3Bs%3A5%3A%22_csrf%22%3Bi%3A1%3Bs%3A32%3A%22CXe0_e-o42j7O5vCtt_z0m2kQd-Rk1j1%22%3B%7D; PHPSESSID=vt7v02td07s0fji81ksd9jom10'
    'PATH' => 'C:\\ProgramData\\Anaconda3;C:\\ProgramData\\Anaconda3\\Library\\mingw-w64\\bin;C:\\ProgramData\\Anaconda3\\Library\\usr\\bin;C:\\ProgramData\\Anaconda3\\Library\\bin;C:\\ProgramData\\Anaconda3\\Scripts;C:\\Windows\\system32;C:\\Windows;C:\\Windows\\System32\\Wbem;C:\\Windows\\System32\\WindowsPowerShell\\v1.0\\;C:\\Program Files\\TortoiseSVN\\bin;C:\\xampp\\php;C:\\xampp\\PHP_CodeSniffer-master\\bin;C:\\Windows\\system32\\config\\systemprofile\\AppData\\Local\\Microsoft\\WindowsApps'
    'SystemRoot' => 'C:\\Windows'
    'COMSPEC' => 'C:\\Windows\\system32\\cmd.exe'
    'PATHEXT' => '.COM;.EXE;.BAT;.CMD;.VBS;.VBE;.JS;.JSE;.WSF;.WSH;.MSC'
    'WINDIR' => 'C:\\Windows'
    'SERVER_SIGNATURE' => '<address>Apache/2.4.27 (Win32) OpenSSL/1.0.2l PHP/7.1.8 Server at www.space.com Port 80</address>
'
    'SERVER_SOFTWARE' => 'Apache/2.4.27 (Win32) OpenSSL/1.0.2l PHP/7.1.8'
    'SERVER_NAME' => 'www.space.com'
    'SERVER_ADDR' => '127.0.0.1'
    'SERVER_PORT' => '80'
    'REMOTE_ADDR' => '127.0.0.1'
    'DOCUMENT_ROOT' => 'E:/workspace'
    'REQUEST_SCHEME' => 'http'
    'CONTEXT_PREFIX' => ''
    'CONTEXT_DOCUMENT_ROOT' => 'E:/workspace'
    'SERVER_ADMIN' => 'postmaster@localhost'
    'SCRIPT_FILENAME' => 'E:/workspace/new/sand/web/index.php'
    'REMOTE_PORT' => '60609'
    'GATEWAY_INTERFACE' => 'CGI/1.1'
    'SERVER_PROTOCOL' => 'HTTP/1.1'
    'REQUEST_METHOD' => 'POST'
    'QUERY_STRING' => 'r=role%2Fdel'
    'REQUEST_URI' => '/new/sand/web/index.php?r=role%2Fdel'
    'SCRIPT_NAME' => '/new/sand/web/index.php'
    'PHP_SELF' => '/new/sand/web/index.php'
    'REQUEST_TIME_FLOAT' => 1553050176.488
    'REQUEST_TIME' => 1553050176
]
2019-03-20 03:49:44 [127.0.0.1][-][-][error][yii\web\HttpException:400] yii\web\BadRequestHttpException: 您提交的数据无法被验证。 in E:\workspace\new\yii2-advanced\vendor\yiisoft\yii2\web\Controller.php:110
Stack trace:
#0 E:\workspace\new\sand\controllers\BaseController.php(22): yii\web\Controller->beforeAction(Object(yii\base\InlineAction))
#1 E:\workspace\new\yii2-advanced\vendor\yiisoft\yii2\base\Controller.php(152): app\controllers\BaseController->beforeAction(Object(yii\base\InlineAction))
#2 E:\workspace\new\yii2-advanced\vendor\yiisoft\yii2\base\Module.php(454): yii\base\Controller->runAction('del', Array)
#3 E:\workspace\new\yii2-advanced\vendor\yiisoft\yii2\web\Application.php(84): yii\base\Module->runAction('operators/del', Array)
#4 E:\workspace\new\yii2-advanced\vendor\yiisoft\yii2\base\Application.php(375): yii\web\Application->handleRequest(Object(yii\web\Request))
#5 E:\workspace\new\sand\web\index.php(12): yii\base\Application->run()
#6 {main}
2019-03-20 03:49:44 [127.0.0.1][-][-][info][application] $_GET = [
    'r' => 'operators/del'
]

$_POST = [
    'id' => '2'
]

$_COOKIE = [
    '_csrf' => '9ff842c0d2ea4112991b6f80fc4199c93eea269b2241c9cd060cda574b057490a:2:{i:0;s:5:\"_csrf\";i:1;s:32:\"CXe0_e-o42j7O5vCtt_z0m2kQd-Rk1j1\";}'
    'PHPSESSID' => 'vt7v02td07s0fji81ksd9jom10'
]

$_SERVER = [
    'MIBDIRS' => 'C:/xampp/php/extras/mibs'
    'MYSQL_HOME' => '\\xampp\\mysql\\bin'
    'OPENSSL_CONF' => 'C:/xampp/apache/bin/openssl.cnf'
    'PHP_PEAR_SYSCONF_DIR' => '\\xampp\\php'
    'PHPRC' => '\\xampp\\php'
    'TMP' => '\\xampp\\tmp'
    'HTTP_HOST' => 'www.space.com'
    'HTTP_CONNECTION' => 'keep-alive'
    'CONTENT_LENGTH' => '4'
    'HTTP_ACCEPT' => '*/*'
    'HTTP_ORIGIN' => 'http://www.space.com'
    'HTTP_X_REQUESTED_WITH' => 'XMLHttpRequest'
    'HTTP_USER_AGENT' => 'Mozilla/5.0 (Windows NT 10.0; WOW64) AppleWebKit/537.36 (KHTML, like Gecko) Chrome/72.0.3626.81 Safari/537.36'
    'CONTENT_TYPE' => 'application/x-www-form-urlencoded; charset=UTF-8'
    'HTTP_REFERER' => 'http://www.space.com/new/sand/web/index.php?r=operators%2Findex'
    'HTTP_ACCEPT_ENCODING' => 'gzip, deflate'
    'HTTP_ACCEPT_LANGUAGE' => 'zh-CN,zh;q=0.9,en;q=0.8'
    'HTTP_COOKIE' => '_csrf=9ff842c0d2ea4112991b6f80fc4199c93eea269b2241c9cd060cda574b057490a%3A2%3A%7Bi%3A0%3Bs%3A5%3A%22_csrf%22%3Bi%3A1%3Bs%3A32%3A%22CXe0_e-o42j7O5vCtt_z0m2kQd-Rk1j1%22%3B%7D; PHPSESSID=vt7v02td07s0fji81ksd9jom10'
    'PATH' => 'C:\\ProgramData\\Anaconda3;C:\\ProgramData\\Anaconda3\\Library\\mingw-w64\\bin;C:\\ProgramData\\Anaconda3\\Library\\usr\\bin;C:\\ProgramData\\Anaconda3\\Library\\bin;C:\\ProgramData\\Anaconda3\\Scripts;C:\\Windows\\system32;C:\\Windows;C:\\Windows\\System32\\Wbem;C:\\Windows\\System32\\WindowsPowerShell\\v1.0\\;C:\\Program Files\\TortoiseSVN\\bin;C:\\xampp\\php;C:\\xampp\\PHP_CodeSniffer-master\\bin;C:\\Windows\\system32\\config\\systemprofile\\AppData\\Local\\Microsoft\\WindowsApps'
    'SystemRoot' => 'C:\\Windows'
    'COMSPEC' => 'C:\\Windows\\system32\\cmd.exe'
    'PATHEXT' => '.COM;.EXE;.BAT;.CMD;.VBS;.VBE;.JS;.JSE;.WSF;.WSH;.MSC'
    'WINDIR' => 'C:\\Windows'
    'SERVER_SIGNATURE' => '<address>Apache/2.4.27 (Win32) OpenSSL/1.0.2l PHP/7.1.8 Server at www.space.com Port 80</address>
'
    'SERVER_SOFTWARE' => 'Apache/2.4.27 (Win32) OpenSSL/1.0.2l PHP/7.1.8'
    'SERVER_NAME' => 'www.space.com'
    'SERVER_ADDR' => '127.0.0.1'
    'SERVER_PORT' => '80'
    'REMOTE_ADDR' => '127.0.0.1'
    'DOCUMENT_ROOT' => 'E:/workspace'
    'REQUEST_SCHEME' => 'http'
    'CONTEXT_PREFIX' => ''
    'CONTEXT_DOCUMENT_ROOT' => 'E:/workspace'
    'SERVER_ADMIN' => 'postmaster@localhost'
    'SCRIPT_FILENAME' => 'E:/workspace/new/sand/web/index.php'
    'REMOTE_PORT' => '60631'
    'GATEWAY_INTERFACE' => 'CGI/1.1'
    'SERVER_PROTOCOL' => 'HTTP/1.1'
    'REQUEST_METHOD' => 'POST'
    'QUERY_STRING' => 'r=operators%2Fdel'
    'REQUEST_URI' => '/new/sand/web/index.php?r=operators%2Fdel'
    'SCRIPT_NAME' => '/new/sand/web/index.php'
    'PHP_SELF' => '/new/sand/web/index.php'
    'REQUEST_TIME_FLOAT' => 1553050184.62
    'REQUEST_TIME' => 1553050184
]
2019-03-20 03:49:59 [127.0.0.1][-][-][error][yii\web\HttpException:400] yii\web\BadRequestHttpException: 您提交的数据无法被验证。 in E:\workspace\new\yii2-advanced\vendor\yiisoft\yii2\web\Controller.php:110
Stack trace:
#0 E:\workspace\new\sand\controllers\BaseController.php(22): yii\web\Controller->beforeAction(Object(yii\base\InlineAction))
#1 E:\workspace\new\yii2-advanced\vendor\yiisoft\yii2\base\Controller.php(152): app\controllers\BaseController->beforeAction(Object(yii\base\InlineAction))
#2 E:\workspace\new\yii2-advanced\vendor\yiisoft\yii2\base\Module.php(454): yii\base\Controller->runAction('quanxian', Array)
#3 E:\workspace\new\yii2-advanced\vendor\yiisoft\yii2\web\Application.php(84): yii\base\Module->runAction('role/quanxian', Array)
#4 E:\workspace\new\yii2-advanced\vendor\yiisoft\yii2\base\Application.php(375): yii\web\Application->handleRequest(Object(yii\web\Request))
#5 E:\workspace\new\sand\web\index.php(12): yii\base\Application->run()
#6 {main}
2019-03-20 03:49:59 [127.0.0.1][-][-][info][application] $_GET = [
    'r' => 'role/quanxian'
    'name' => '普通'
]

$_POST = [
    'rules' => [
        0 => 'operators/index'
        1 => 'operators/index'
        2 => 'operators/add'
        3 => 'operators/update'
        4 => 'operators/reset-pwd'
        5 => 'role/index'
        6 => 'role/index'
        7 => 'role/create-role'
        8 => 'role/quanxian'
        9 => 'menu/index'
        10 => 'menu/create'
        11 => 'menu/update'
        12 => 'menu/delete'
        13 => 'menu/index'
    ]
]

$_COOKIE = [
    '_csrf' => '9ff842c0d2ea4112991b6f80fc4199c93eea269b2241c9cd060cda574b057490a:2:{i:0;s:5:\"_csrf\";i:1;s:32:\"CXe0_e-o42j7O5vCtt_z0m2kQd-Rk1j1\";}'
    'PHPSESSID' => 'vt7v02td07s0fji81ksd9jom10'
]

$_SERVER = [
    'MIBDIRS' => 'C:/xampp/php/extras/mibs'
    'MYSQL_HOME' => '\\xampp\\mysql\\bin'
    'OPENSSL_CONF' => 'C:/xampp/apache/bin/openssl.cnf'
    'PHP_PEAR_SYSCONF_DIR' => '\\xampp\\php'
    'PHPRC' => '\\xampp\\php'
    'TMP' => '\\xampp\\tmp'
    'HTTP_HOST' => 'www.space.com'
    'HTTP_CONNECTION' => 'keep-alive'
    'CONTENT_LENGTH' => '389'
    'HTTP_ACCEPT' => '*/*'
    'HTTP_ORIGIN' => 'http://www.space.com'
    'HTTP_X_REQUESTED_WITH' => 'XMLHttpRequest'
    'HTTP_USER_AGENT' => 'Mozilla/5.0 (Windows NT 10.0; WOW64) AppleWebKit/537.36 (KHTML, like Gecko) Chrome/72.0.3626.81 Safari/537.36'
    'CONTENT_TYPE' => 'application/x-www-form-urlencoded; charset=UTF-8'
    'HTTP_REFERER' => 'http://www.space.com/new/sand/web/index.php?r=role%2Findex'
    'HTTP_ACCEPT_ENCODING' => 'gzip, deflate'
    'HTTP_ACCEPT_LANGUAGE' => 'zh-CN,zh;q=0.9,en;q=0.8'
    'HTTP_COOKIE' => '_csrf=9ff842c0d2ea4112991b6f80fc4199c93eea269b2241c9cd060cda574b057490a%3A2%3A%7Bi%3A0%3Bs%3A5%3A%22_csrf%22%3Bi%3A1%3Bs%3A32%3A%22CXe0_e-o42j7O5vCtt_z0m2kQd-Rk1j1%22%3B%7D; PHPSESSID=vt7v02td07s0fji81ksd9jom10'
    'PATH' => 'C:\\ProgramData\\Anaconda3;C:\\ProgramData\\Anaconda3\\Library\\mingw-w64\\bin;C:\\ProgramData\\Anaconda3\\Library\\usr\\bin;C:\\ProgramData\\Anaconda3\\Library\\bin;C:\\ProgramData\\Anaconda3\\Scripts;C:\\Windows\\system32;C:\\Windows;C:\\Windows\\System32\\Wbem;C:\\Windows\\System32\\WindowsPowerShell\\v1.0\\;C:\\Program Files\\TortoiseSVN\\bin;C:\\xampp\\php;C:\\xampp\\PHP_CodeSniffer-master\\bin;C:\\Windows\\system32\\config\\systemprofile\\AppData\\Local\\Microsoft\\WindowsApps'
    'SystemRoot' => 'C:\\Windows'
    'COMSPEC' => 'C:\\Windows\\system32\\cmd.exe'
    'PATHEXT' => '.COM;.EXE;.BAT;.CMD;.VBS;.VBE;.JS;.JSE;.WSF;.WSH;.MSC'
    'WINDIR' => 'C:\\Windows'
    'SERVER_SIGNATURE' => '<address>Apache/2.4.27 (Win32) OpenSSL/1.0.2l PHP/7.1.8 Server at www.space.com Port 80</address>
'
    'SERVER_SOFTWARE' => 'Apache/2.4.27 (Win32) OpenSSL/1.0.2l PHP/7.1.8'
    'SERVER_NAME' => 'www.space.com'
    'SERVER_ADDR' => '127.0.0.1'
    'SERVER_PORT' => '80'
    'REMOTE_ADDR' => '127.0.0.1'
    'DOCUMENT_ROOT' => 'E:/workspace'
    'REQUEST_SCHEME' => 'http'
    'CONTEXT_PREFIX' => ''
    'CONTEXT_DOCUMENT_ROOT' => 'E:/workspace'
    'SERVER_ADMIN' => 'postmaster@localhost'
    'SCRIPT_FILENAME' => 'E:/workspace/new/sand/web/index.php'
    'REMOTE_PORT' => '60632'
    'GATEWAY_INTERFACE' => 'CGI/1.1'
    'SERVER_PROTOCOL' => 'HTTP/1.1'
    'REQUEST_METHOD' => 'POST'
    'QUERY_STRING' => 'r=role%2Fquanxian&name=%E6%99%AE%E9%80%9A'
    'REQUEST_URI' => '/new/sand/web/index.php?r=role%2Fquanxian&name=%E6%99%AE%E9%80%9A'
    'SCRIPT_NAME' => '/new/sand/web/index.php'
    'PHP_SELF' => '/new/sand/web/index.php'
    'REQUEST_TIME_FLOAT' => 1553050199.145
    'REQUEST_TIME' => 1553050199
]
2019-03-20 03:50:47 [127.0.0.1][-][-][error][yii\web\HttpException:400] yii\web\BadRequestHttpException: 您提交的数据无法被验证。 in E:\workspace\new\yii2-advanced\vendor\yiisoft\yii2\web\Controller.php:110
Stack trace:
#0 E:\workspace\new\sand\controllers\BaseController.php(22): yii\web\Controller->beforeAction(Object(yii\base\InlineAction))
#1 E:\workspace\new\yii2-advanced\vendor\yiisoft\yii2\base\Controller.php(152): app\controllers\BaseController->beforeAction(Object(yii\base\InlineAction))
#2 E:\workspace\new\yii2-advanced\vendor\yiisoft\yii2\base\Module.php(454): yii\base\Controller->runAction('del', Array)
#3 E:\workspace\new\yii2-advanced\vendor\yiisoft\yii2\web\Application.php(84): yii\base\Module->runAction('role/del', Array)
#4 E:\workspace\new\yii2-advanced\vendor\yiisoft\yii2\base\Application.php(375): yii\web\Application->handleRequest(Object(yii\web\Request))
#5 E:\workspace\new\sand\web\index.php(12): yii\base\Application->run()
#6 {main}
2019-03-20 03:50:47 [127.0.0.1][-][-][info][application] $_GET = [
    'r' => 'role/del'
]

$_POST = [
    'name' => '普通'
]

$_COOKIE = [
    '_csrf' => '9ff842c0d2ea4112991b6f80fc4199c93eea269b2241c9cd060cda574b057490a:2:{i:0;s:5:\"_csrf\";i:1;s:32:\"CXe0_e-o42j7O5vCtt_z0m2kQd-Rk1j1\";}'
    'PHPSESSID' => 'vt7v02td07s0fji81ksd9jom10'
]

$_SERVER = [
    'MIBDIRS' => 'C:/xampp/php/extras/mibs'
    'MYSQL_HOME' => '\\xampp\\mysql\\bin'
    'OPENSSL_CONF' => 'C:/xampp/apache/bin/openssl.cnf'
    'PHP_PEAR_SYSCONF_DIR' => '\\xampp\\php'
    'PHPRC' => '\\xampp\\php'
    'TMP' => '\\xampp\\tmp'
    'HTTP_HOST' => 'www.space.com'
    'HTTP_CONNECTION' => 'keep-alive'
    'CONTENT_LENGTH' => '23'
    'HTTP_ACCEPT' => '*/*'
    'HTTP_ORIGIN' => 'http://www.space.com'
    'HTTP_X_REQUESTED_WITH' => 'XMLHttpRequest'
    'HTTP_USER_AGENT' => 'Mozilla/5.0 (Windows NT 10.0; WOW64) AppleWebKit/537.36 (KHTML, like Gecko) Chrome/72.0.3626.81 Safari/537.36'
    'CONTENT_TYPE' => 'application/x-www-form-urlencoded; charset=UTF-8'
    'HTTP_REFERER' => 'http://www.space.com/new/sand/web/index.php?r=role%2Findex'
    'HTTP_ACCEPT_ENCODING' => 'gzip, deflate'
    'HTTP_ACCEPT_LANGUAGE' => 'zh-CN,zh;q=0.9,en;q=0.8'
    'HTTP_COOKIE' => '_csrf=9ff842c0d2ea4112991b6f80fc4199c93eea269b2241c9cd060cda574b057490a%3A2%3A%7Bi%3A0%3Bs%3A5%3A%22_csrf%22%3Bi%3A1%3Bs%3A32%3A%22CXe0_e-o42j7O5vCtt_z0m2kQd-Rk1j1%22%3B%7D; PHPSESSID=vt7v02td07s0fji81ksd9jom10'
    'PATH' => 'C:\\ProgramData\\Anaconda3;C:\\ProgramData\\Anaconda3\\Library\\mingw-w64\\bin;C:\\ProgramData\\Anaconda3\\Library\\usr\\bin;C:\\ProgramData\\Anaconda3\\Library\\bin;C:\\ProgramData\\Anaconda3\\Scripts;C:\\Windows\\system32;C:\\Windows;C:\\Windows\\System32\\Wbem;C:\\Windows\\System32\\WindowsPowerShell\\v1.0\\;C:\\Program Files\\TortoiseSVN\\bin;C:\\xampp\\php;C:\\xampp\\PHP_CodeSniffer-master\\bin;C:\\Windows\\system32\\config\\systemprofile\\AppData\\Local\\Microsoft\\WindowsApps'
    'SystemRoot' => 'C:\\Windows'
    'COMSPEC' => 'C:\\Windows\\system32\\cmd.exe'
    'PATHEXT' => '.COM;.EXE;.BAT;.CMD;.VBS;.VBE;.JS;.JSE;.WSF;.WSH;.MSC'
    'WINDIR' => 'C:\\Windows'
    'SERVER_SIGNATURE' => '<address>Apache/2.4.27 (Win32) OpenSSL/1.0.2l PHP/7.1.8 Server at www.space.com Port 80</address>
'
    'SERVER_SOFTWARE' => 'Apache/2.4.27 (Win32) OpenSSL/1.0.2l PHP/7.1.8'
    'SERVER_NAME' => 'www.space.com'
    'SERVER_ADDR' => '127.0.0.1'
    'SERVER_PORT' => '80'
    'REMOTE_ADDR' => '127.0.0.1'
    'DOCUMENT_ROOT' => 'E:/workspace'
    'REQUEST_SCHEME' => 'http'
    'CONTEXT_PREFIX' => ''
    'CONTEXT_DOCUMENT_ROOT' => 'E:/workspace'
    'SERVER_ADMIN' => 'postmaster@localhost'
    'SCRIPT_FILENAME' => 'E:/workspace/new/sand/web/index.php'
    'REMOTE_PORT' => '60725'
    'GATEWAY_INTERFACE' => 'CGI/1.1'
    'SERVER_PROTOCOL' => 'HTTP/1.1'
    'REQUEST_METHOD' => 'POST'
    'QUERY_STRING' => 'r=role%2Fdel'
    'REQUEST_URI' => '/new/sand/web/index.php?r=role%2Fdel'
    'SCRIPT_NAME' => '/new/sand/web/index.php'
    'PHP_SELF' => '/new/sand/web/index.php'
    'REQUEST_TIME_FLOAT' => 1553050247.061
    'REQUEST_TIME' => 1553050247
]
2019-03-20 03:56:14 [127.0.0.1][-][-][error][yii\web\HttpException:400] yii\web\BadRequestHttpException: 您提交的数据无法被验证。 in E:\workspace\new\yii2-advanced\vendor\yiisoft\yii2\web\Controller.php:110
Stack trace:
#0 E:\workspace\new\sand\controllers\BaseController.php(22): yii\web\Controller->beforeAction(Object(yii\base\InlineAction))
#1 E:\workspace\new\yii2-advanced\vendor\yiisoft\yii2\base\Controller.php(152): app\controllers\BaseController->beforeAction(Object(yii\base\InlineAction))
#2 E:\workspace\new\yii2-advanced\vendor\yiisoft\yii2\base\Module.php(454): yii\base\Controller->runAction('del', Array)
#3 E:\workspace\new\yii2-advanced\vendor\yiisoft\yii2\web\Application.php(84): yii\base\Module->runAction('operators/del', Array)
#4 E:\workspace\new\yii2-advanced\vendor\yiisoft\yii2\base\Application.php(375): yii\web\Application->handleRequest(Object(yii\web\Request))
#5 E:\workspace\new\sand\web\index.php(12): yii\base\Application->run()
#6 {main}
2019-03-20 03:56:14 [127.0.0.1][-][-][info][application] $_GET = [
    'r' => 'operators/del'
]

$_POST = [
    'id' => '2'
]

$_COOKIE = [
    '_csrf' => '9ff842c0d2ea4112991b6f80fc4199c93eea269b2241c9cd060cda574b057490a:2:{i:0;s:5:\"_csrf\";i:1;s:32:\"CXe0_e-o42j7O5vCtt_z0m2kQd-Rk1j1\";}'
    'PHPSESSID' => 'vt7v02td07s0fji81ksd9jom10'
]

$_SERVER = [
    'MIBDIRS' => 'C:/xampp/php/extras/mibs'
    'MYSQL_HOME' => '\\xampp\\mysql\\bin'
    'OPENSSL_CONF' => 'C:/xampp/apache/bin/openssl.cnf'
    'PHP_PEAR_SYSCONF_DIR' => '\\xampp\\php'
    'PHPRC' => '\\xampp\\php'
    'TMP' => '\\xampp\\tmp'
    'HTTP_HOST' => 'www.space.com'
    'HTTP_CONNECTION' => 'keep-alive'
    'CONTENT_LENGTH' => '4'
    'HTTP_ACCEPT' => '*/*'
    'HTTP_ORIGIN' => 'http://www.space.com'
    'HTTP_X_REQUESTED_WITH' => 'XMLHttpRequest'
    'HTTP_USER_AGENT' => 'Mozilla/5.0 (Windows NT 10.0; WOW64) AppleWebKit/537.36 (KHTML, like Gecko) Chrome/72.0.3626.81 Safari/537.36'
    'CONTENT_TYPE' => 'application/x-www-form-urlencoded; charset=UTF-8'
    'HTTP_REFERER' => 'http://www.space.com/new/sand/web/index.php?r=operators%2Findex'
    'HTTP_ACCEPT_ENCODING' => 'gzip, deflate'
    'HTTP_ACCEPT_LANGUAGE' => 'zh-CN,zh;q=0.9,en;q=0.8'
    'HTTP_COOKIE' => '_csrf=9ff842c0d2ea4112991b6f80fc4199c93eea269b2241c9cd060cda574b057490a%3A2%3A%7Bi%3A0%3Bs%3A5%3A%22_csrf%22%3Bi%3A1%3Bs%3A32%3A%22CXe0_e-o42j7O5vCtt_z0m2kQd-Rk1j1%22%3B%7D; PHPSESSID=vt7v02td07s0fji81ksd9jom10'
    'PATH' => 'C:\\ProgramData\\Anaconda3;C:\\ProgramData\\Anaconda3\\Library\\mingw-w64\\bin;C:\\ProgramData\\Anaconda3\\Library\\usr\\bin;C:\\ProgramData\\Anaconda3\\Library\\bin;C:\\ProgramData\\Anaconda3\\Scripts;C:\\Windows\\system32;C:\\Windows;C:\\Windows\\System32\\Wbem;C:\\Windows\\System32\\WindowsPowerShell\\v1.0\\;C:\\Program Files\\TortoiseSVN\\bin;C:\\xampp\\php;C:\\xampp\\PHP_CodeSniffer-master\\bin;C:\\Windows\\system32\\config\\systemprofile\\AppData\\Local\\Microsoft\\WindowsApps'
    'SystemRoot' => 'C:\\Windows'
    'COMSPEC' => 'C:\\Windows\\system32\\cmd.exe'
    'PATHEXT' => '.COM;.EXE;.BAT;.CMD;.VBS;.VBE;.JS;.JSE;.WSF;.WSH;.MSC'
    'WINDIR' => 'C:\\Windows'
    'SERVER_SIGNATURE' => '<address>Apache/2.4.27 (Win32) OpenSSL/1.0.2l PHP/7.1.8 Server at www.space.com Port 80</address>
'
    'SERVER_SOFTWARE' => 'Apache/2.4.27 (Win32) OpenSSL/1.0.2l PHP/7.1.8'
    'SERVER_NAME' => 'www.space.com'
    'SERVER_ADDR' => '127.0.0.1'
    'SERVER_PORT' => '80'
    'REMOTE_ADDR' => '127.0.0.1'
    'DOCUMENT_ROOT' => 'E:/workspace'
    'REQUEST_SCHEME' => 'http'
    'CONTEXT_PREFIX' => ''
    'CONTEXT_DOCUMENT_ROOT' => 'E:/workspace'
    'SERVER_ADMIN' => 'postmaster@localhost'
    'SCRIPT_FILENAME' => 'E:/workspace/new/sand/web/index.php'
    'REMOTE_PORT' => '61202'
    'GATEWAY_INTERFACE' => 'CGI/1.1'
    'SERVER_PROTOCOL' => 'HTTP/1.1'
    'REQUEST_METHOD' => 'POST'
    'QUERY_STRING' => 'r=operators%2Fdel'
    'REQUEST_URI' => '/new/sand/web/index.php?r=operators%2Fdel'
    'SCRIPT_NAME' => '/new/sand/web/index.php'
    'PHP_SELF' => '/new/sand/web/index.php'
    'REQUEST_TIME_FLOAT' => 1553050574.646
    'REQUEST_TIME' => 1553050574
]
2019-03-20 06:26:21 [127.0.0.1][1][6dbl4ookaoc4dmnavutodg85kf][error][yii\base\InvalidParamException] yii\base\InvalidParamException: The view file does not exist: E:\workspace\new\sand\views\layouts\main_large_frame.php in E:\workspace\new\yii2-advanced\vendor\yiisoft\yii2\base\View.php:226
Stack trace:
#0 E:\workspace\new\yii2-advanced\vendor\yiisoft\yii2\base\Controller.php(393): yii\base\View->renderFile('E:\\workspace\\ne...', Array, Object(app\controllers\RoleController))
#1 E:\workspace\new\yii2-advanced\vendor\yiisoft\yii2\base\Controller.php(379): yii\base\Controller->renderContent('<style>\r\n    .c...')
#2 E:\workspace\new\sand\controllers\RoleController.php(107): yii\base\Controller->render('quanxian', Array)
#3 [internal function]: app\controllers\RoleController->actionQuanxian('\xE7\xB3\xBB\xE7\xBB\x9F\xE7\xAE\xA1\xE7\x90\x86\xE5\x91\x98')
#4 E:\workspace\new\yii2-advanced\vendor\yiisoft\yii2\base\InlineAction.php(55): call_user_func_array(Array, Array)
#5 E:\workspace\new\yii2-advanced\vendor\yiisoft\yii2\base\Controller.php(154): yii\base\InlineAction->runWithParams(Array)
#6 E:\workspace\new\yii2-advanced\vendor\yiisoft\yii2\base\Module.php(454): yii\base\Controller->runAction('quanxian', Array)
#7 E:\workspace\new\yii2-advanced\vendor\yiisoft\yii2\web\Application.php(84): yii\base\Module->runAction('role/quanxian', Array)
#8 E:\workspace\new\yii2-advanced\vendor\yiisoft\yii2\base\Application.php(375): yii\web\Application->handleRequest(Object(yii\web\Request))
#9 E:\workspace\new\sand\web\index.php(12): yii\base\Application->run()
#10 {main}
2019-03-20 06:26:21 [127.0.0.1][1][6dbl4ookaoc4dmnavutodg85kf][info][application] $_GET = [
    'r' => 'role/quanxian'
    'name' => '系统管理员'
]

$_COOKIE = [
    '_csrf' => '9ff842c0d2ea4112991b6f80fc4199c93eea269b2241c9cd060cda574b057490a:2:{i:0;s:5:\"_csrf\";i:1;s:32:\"CXe0_e-o42j7O5vCtt_z0m2kQd-Rk1j1\";}'
    'PHPSESSID' => '6dbl4ookaoc4dmnavutodg85kf'
]

$_SESSION = [
    '__flash' => []
    '__captcha/site/captcha' => 'czbmi'
    '__captcha/site/captchacount' => 1
    '__id' => 1
]

$_SERVER = [
    'MIBDIRS' => 'C:/xampp/php/extras/mibs'
    'MYSQL_HOME' => '\\xampp\\mysql\\bin'
    'OPENSSL_CONF' => 'C:/xampp/apache/bin/openssl.cnf'
    'PHP_PEAR_SYSCONF_DIR' => '\\xampp\\php'
    'PHPRC' => '\\xampp\\php'
    'TMP' => '\\xampp\\tmp'
    'HTTP_HOST' => 'www.space.com'
    'HTTP_CONNECTION' => 'keep-alive'
    'HTTP_UPGRADE_INSECURE_REQUESTS' => '1'
    'HTTP_USER_AGENT' => 'Mozilla/5.0 (Windows NT 10.0; WOW64) AppleWebKit/537.36 (KHTML, like Gecko) Chrome/72.0.3626.81 Safari/537.36'
    'HTTP_ACCEPT' => 'text/html,application/xhtml+xml,application/xml;q=0.9,image/webp,image/apng,*/*;q=0.8'
    'HTTP_REFERER' => 'http://www.space.com/new/sand/web/index.php?r=role%2Findex'
    'HTTP_ACCEPT_ENCODING' => 'gzip, deflate'
    'HTTP_ACCEPT_LANGUAGE' => 'zh-CN,zh;q=0.9,en;q=0.8'
    'HTTP_COOKIE' => '_csrf=9ff842c0d2ea4112991b6f80fc4199c93eea269b2241c9cd060cda574b057490a%3A2%3A%7Bi%3A0%3Bs%3A5%3A%22_csrf%22%3Bi%3A1%3Bs%3A32%3A%22CXe0_e-o42j7O5vCtt_z0m2kQd-Rk1j1%22%3B%7D; PHPSESSID=6dbl4ookaoc4dmnavutodg85kf'
    'PATH' => 'C:\\ProgramData\\Anaconda3;C:\\ProgramData\\Anaconda3\\Library\\mingw-w64\\bin;C:\\ProgramData\\Anaconda3\\Library\\usr\\bin;C:\\ProgramData\\Anaconda3\\Library\\bin;C:\\ProgramData\\Anaconda3\\Scripts;C:\\Windows\\system32;C:\\Windows;C:\\Windows\\System32\\Wbem;C:\\Windows\\System32\\WindowsPowerShell\\v1.0\\;C:\\Program Files\\TortoiseSVN\\bin;C:\\xampp\\php;C:\\xampp\\PHP_CodeSniffer-master\\bin;C:\\Windows\\system32\\config\\systemprofile\\AppData\\Local\\Microsoft\\WindowsApps'
    'SystemRoot' => 'C:\\Windows'
    'COMSPEC' => 'C:\\Windows\\system32\\cmd.exe'
    'PATHEXT' => '.COM;.EXE;.BAT;.CMD;.VBS;.VBE;.JS;.JSE;.WSF;.WSH;.MSC'
    'WINDIR' => 'C:\\Windows'
    'SERVER_SIGNATURE' => '<address>Apache/2.4.27 (Win32) OpenSSL/1.0.2l PHP/7.1.8 Server at www.space.com Port 80</address>
'
    'SERVER_SOFTWARE' => 'Apache/2.4.27 (Win32) OpenSSL/1.0.2l PHP/7.1.8'
    'SERVER_NAME' => 'www.space.com'
    'SERVER_ADDR' => '127.0.0.1'
    'SERVER_PORT' => '80'
    'REMOTE_ADDR' => '127.0.0.1'
    'DOCUMENT_ROOT' => 'E:/workspace'
    'REQUEST_SCHEME' => 'http'
    'CONTEXT_PREFIX' => ''
    'CONTEXT_DOCUMENT_ROOT' => 'E:/workspace'
    'SERVER_ADMIN' => 'postmaster@localhost'
    'SCRIPT_FILENAME' => 'E:/workspace/new/sand/web/index.php'
    'REMOTE_PORT' => '59064'
    'GATEWAY_INTERFACE' => 'CGI/1.1'
    'SERVER_PROTOCOL' => 'HTTP/1.1'
    'REQUEST_METHOD' => 'GET'
    'QUERY_STRING' => 'r=role%2Fquanxian&name=%E7%B3%BB%E7%BB%9F%E7%AE%A1%E7%90%86%E5%91%98'
    'REQUEST_URI' => '/new/sand/web/index.php?r=role%2Fquanxian&name=%E7%B3%BB%E7%BB%9F%E7%AE%A1%E7%90%86%E5%91%98'
    'SCRIPT_NAME' => '/new/sand/web/index.php'
    'PHP_SELF' => '/new/sand/web/index.php'
    'REQUEST_TIME_FLOAT' => 1553059581.214
    'REQUEST_TIME' => 1553059581
]
2019-03-20 06:26:21 [127.0.0.1][1][6dbl4ookaoc4dmnavutodg85kf][error][yii\base\InvalidParamException] yii\base\InvalidParamException: The view file does not exist: E:\workspace\new\sand\views\layouts\main_large_frame.php in E:\workspace\new\yii2-advanced\vendor\yiisoft\yii2\base\View.php:226
Stack trace:
#0 E:\workspace\new\yii2-advanced\vendor\yiisoft\yii2\base\Controller.php(393): yii\base\View->renderFile('E:\\workspace\\ne...', Array, Object(app\controllers\RoleController))
#1 E:\workspace\new\yii2-advanced\vendor\yiisoft\yii2\base\Controller.php(379): yii\base\Controller->renderContent('<style>\r\n    .c...')
#2 E:\workspace\new\sand\controllers\RoleController.php(107): yii\base\Controller->render('quanxian', Array)
#3 [internal function]: app\controllers\RoleController->actionQuanxian('\xE7\xB3\xBB\xE7\xBB\x9F\xE7\xAE\xA1\xE7\x90\x86\xE5\x91\x98')
#4 E:\workspace\new\yii2-advanced\vendor\yiisoft\yii2\base\InlineAction.php(55): call_user_func_array(Array, Array)
#5 E:\workspace\new\yii2-advanced\vendor\yiisoft\yii2\base\Controller.php(154): yii\base\InlineAction->runWithParams(Array)
#6 E:\workspace\new\yii2-advanced\vendor\yiisoft\yii2\base\Module.php(454): yii\base\Controller->runAction('quanxian', Array)
#7 E:\workspace\new\yii2-advanced\vendor\yiisoft\yii2\web\Application.php(84): yii\base\Module->runAction('role/quanxian', Array)
#8 E:\workspace\new\yii2-advanced\vendor\yiisoft\yii2\base\Application.php(375): yii\web\Application->handleRequest(Object(yii\web\Request))
#9 E:\workspace\new\sand\web\index.php(12): yii\base\Application->run()
#10 {main}
2019-03-20 06:26:21 [127.0.0.1][1][6dbl4ookaoc4dmnavutodg85kf][info][application] $_GET = [
    'r' => 'role/quanxian'
    'name' => '系统管理员'
]

$_COOKIE = [
    '_csrf' => '9ff842c0d2ea4112991b6f80fc4199c93eea269b2241c9cd060cda574b057490a:2:{i:0;s:5:\"_csrf\";i:1;s:32:\"CXe0_e-o42j7O5vCtt_z0m2kQd-Rk1j1\";}'
    'PHPSESSID' => '6dbl4ookaoc4dmnavutodg85kf'
]

$_SESSION = [
    '__flash' => []
    '__captcha/site/captcha' => 'czbmi'
    '__captcha/site/captchacount' => 1
    '__id' => 1
]

$_SERVER = [
    'MIBDIRS' => 'C:/xampp/php/extras/mibs'
    'MYSQL_HOME' => '\\xampp\\mysql\\bin'
    'OPENSSL_CONF' => 'C:/xampp/apache/bin/openssl.cnf'
    'PHP_PEAR_SYSCONF_DIR' => '\\xampp\\php'
    'PHPRC' => '\\xampp\\php'
    'TMP' => '\\xampp\\tmp'
    'HTTP_HOST' => 'www.space.com'
    'HTTP_CONNECTION' => 'keep-alive'
    'HTTP_ACCEPT' => 'text/html, */*; q=0.01'
    'HTTP_X_CSRF_TOKEN' => 'aVU2eGxKLjcqDVNIMy8DWF1nXE8jf1h0HSFpAlwnHFw4MRsqB3tEBg=='
    'HTTP_X_REQUESTED_WITH' => 'XMLHttpRequest'
    'HTTP_USER_AGENT' => 'Mozilla/5.0 (Windows NT 10.0; WOW64) AppleWebKit/537.36 (KHTML, like Gecko) Chrome/72.0.3626.81 Safari/537.36'
    'HTTP_REFERER' => 'http://www.space.com/new/sand/web/index.php?r=role%2Findex'
    'HTTP_ACCEPT_ENCODING' => 'gzip, deflate'
    'HTTP_ACCEPT_LANGUAGE' => 'zh-CN,zh;q=0.9,en;q=0.8'
    'HTTP_COOKIE' => '_csrf=9ff842c0d2ea4112991b6f80fc4199c93eea269b2241c9cd060cda574b057490a%3A2%3A%7Bi%3A0%3Bs%3A5%3A%22_csrf%22%3Bi%3A1%3Bs%3A32%3A%22CXe0_e-o42j7O5vCtt_z0m2kQd-Rk1j1%22%3B%7D; PHPSESSID=6dbl4ookaoc4dmnavutodg85kf'
    'PATH' => 'C:\\ProgramData\\Anaconda3;C:\\ProgramData\\Anaconda3\\Library\\mingw-w64\\bin;C:\\ProgramData\\Anaconda3\\Library\\usr\\bin;C:\\ProgramData\\Anaconda3\\Library\\bin;C:\\ProgramData\\Anaconda3\\Scripts;C:\\Windows\\system32;C:\\Windows;C:\\Windows\\System32\\Wbem;C:\\Windows\\System32\\WindowsPowerShell\\v1.0\\;C:\\Program Files\\TortoiseSVN\\bin;C:\\xampp\\php;C:\\xampp\\PHP_CodeSniffer-master\\bin;C:\\Windows\\system32\\config\\systemprofile\\AppData\\Local\\Microsoft\\WindowsApps'
    'SystemRoot' => 'C:\\Windows'
    'COMSPEC' => 'C:\\Windows\\system32\\cmd.exe'
    'PATHEXT' => '.COM;.EXE;.BAT;.CMD;.VBS;.VBE;.JS;.JSE;.WSF;.WSH;.MSC'
    'WINDIR' => 'C:\\Windows'
    'SERVER_SIGNATURE' => '<address>Apache/2.4.27 (Win32) OpenSSL/1.0.2l PHP/7.1.8 Server at www.space.com Port 80</address>
'
    'SERVER_SOFTWARE' => 'Apache/2.4.27 (Win32) OpenSSL/1.0.2l PHP/7.1.8'
    'SERVER_NAME' => 'www.space.com'
    'SERVER_ADDR' => '127.0.0.1'
    'SERVER_PORT' => '80'
    'REMOTE_ADDR' => '127.0.0.1'
    'DOCUMENT_ROOT' => 'E:/workspace'
    'REQUEST_SCHEME' => 'http'
    'CONTEXT_PREFIX' => ''
    'CONTEXT_DOCUMENT_ROOT' => 'E:/workspace'
    'SERVER_ADMIN' => 'postmaster@localhost'
    'SCRIPT_FILENAME' => 'E:/workspace/new/sand/web/index.php'
    'REMOTE_PORT' => '59065'
    'GATEWAY_INTERFACE' => 'CGI/1.1'
    'SERVER_PROTOCOL' => 'HTTP/1.1'
    'REQUEST_METHOD' => 'GET'
    'QUERY_STRING' => 'r=role%2Fquanxian&name=%E7%B3%BB%E7%BB%9F%E7%AE%A1%E7%90%86%E5%91%98'
    'REQUEST_URI' => '/new/sand/web/index.php?r=role%2Fquanxian&name=%E7%B3%BB%E7%BB%9F%E7%AE%A1%E7%90%86%E5%91%98'
    'SCRIPT_NAME' => '/new/sand/web/index.php'
    'PHP_SELF' => '/new/sand/web/index.php'
    'REQUEST_TIME_FLOAT' => 1553059581.376
    'REQUEST_TIME' => 1553059581
]
