2018-03-07 02:11:06 [-][-][-][trace][yii\base\Application::bootstrap] Bootstrap with yii\log\Dispatcher
2018-03-07 02:11:06 [-][-][-][error][yii\console\Exception] yii\base\InvalidRouteException: Unable to resolve the request "taskinfo/dealdata". in D:\company\sandtable\sourcecodes\yii2-advanced\vendor\yiisoft\yii2\base\Module.php:460
Stack trace:
#0 D:\company\sandtable\sourcecodes\yii2-advanced\vendor\yiisoft\yii2\console\Application.php(176): yii\base\Module->runAction('taskinfo/dealda...', Array)
#1 D:\company\sandtable\sourcecodes\yii2-advanced\vendor\yiisoft\yii2\console\Application.php(143): yii\console\Application->runAction('taskinfo/dealda...', Array)
#2 D:\company\sandtable\sourcecodes\yii2-advanced\vendor\yiisoft\yii2\base\Application.php(375): yii\console\Application->handleRequest(Object(yii\console\Request))
#3 D:\company\sandtable\sourcecodes\sand\web\yii(20): yii\base\Application->run()
#4 {main}

Next yii\console\Exception: Unknown command "taskinfo/dealdata". in D:\company\sandtable\sourcecodes\yii2-advanced\vendor\yiisoft\yii2\console\Application.php:179
Stack trace:
#0 D:\company\sandtable\sourcecodes\yii2-advanced\vendor\yiisoft\yii2\console\Application.php(143): yii\console\Application->runAction('taskinfo/dealda...', Array)
#1 D:\company\sandtable\sourcecodes\yii2-advanced\vendor\yiisoft\yii2\base\Application.php(375): yii\console\Application->handleRequest(Object(yii\console\Request))
#2 D:\company\sandtable\sourcecodes\sand\web\yii(20): yii\base\Application->run()
#3 {main}
2018-03-07 02:11:40 [-][-][-][trace][yii\base\Application::bootstrap] Bootstrap with yii\log\Dispatcher
2018-03-07 02:11:40 [-][-][-][error][yii\console\Exception] yii\base\InvalidRouteException: Unable to resolve the request "taskinfo/dealdata". in D:\company\sandtable\sourcecodes\yii2-advanced\vendor\yiisoft\yii2\base\Module.php:460
Stack trace:
#0 D:\company\sandtable\sourcecodes\yii2-advanced\vendor\yiisoft\yii2\console\Application.php(176): yii\base\Module->runAction('taskinfo/dealda...', Array)
#1 D:\company\sandtable\sourcecodes\yii2-advanced\vendor\yiisoft\yii2\console\Application.php(143): yii\console\Application->runAction('taskinfo/dealda...', Array)
#2 D:\company\sandtable\sourcecodes\yii2-advanced\vendor\yiisoft\yii2\base\Application.php(375): yii\console\Application->handleRequest(Object(yii\console\Request))
#3 D:\company\sandtable\sourcecodes\sand\web\yii(20): yii\base\Application->run()
#4 {main}

Next yii\console\Exception: Unknown command "taskinfo/dealdata". in D:\company\sandtable\sourcecodes\yii2-advanced\vendor\yiisoft\yii2\console\Application.php:179
Stack trace:
#0 D:\company\sandtable\sourcecodes\yii2-advanced\vendor\yiisoft\yii2\console\Application.php(143): yii\console\Application->runAction('taskinfo/dealda...', Array)
#1 D:\company\sandtable\sourcecodes\yii2-advanced\vendor\yiisoft\yii2\base\Application.php(375): yii\console\Application->handleRequest(Object(yii\console\Request))
#2 D:\company\sandtable\sourcecodes\sand\web\yii(20): yii\base\Application->run()
#3 {main}
2018-03-07 02:15:04 [-][-][-][trace][yii\base\Application::bootstrap] Bootstrap with yii\log\Dispatcher
2018-03-07 02:15:04 [-][-][-][error][yii\console\Exception] yii\base\InvalidRouteException: Unable to resolve the request "taskinfo/dealdata". in D:\company\sandtable\sourcecodes\yii2-advanced\vendor\yiisoft\yii2\base\Module.php:460
Stack trace:
#0 D:\company\sandtable\sourcecodes\yii2-advanced\vendor\yiisoft\yii2\console\Application.php(176): yii\base\Module->runAction('taskinfo/dealda...', Array)
#1 D:\company\sandtable\sourcecodes\yii2-advanced\vendor\yiisoft\yii2\console\Application.php(143): yii\console\Application->runAction('taskinfo/dealda...', Array)
#2 D:\company\sandtable\sourcecodes\yii2-advanced\vendor\yiisoft\yii2\base\Application.php(375): yii\console\Application->handleRequest(Object(yii\console\Request))
#3 D:\company\sandtable\sourcecodes\sand\web\yii(20): yii\base\Application->run()
#4 {main}

Next yii\console\Exception: Unknown commands "taskinfo/dealdata". in D:\company\sandtable\sourcecodes\yii2-advanced\vendor\yiisoft\yii2\console\Application.php:179
Stack trace:
#0 D:\company\sandtable\sourcecodes\yii2-advanced\vendor\yiisoft\yii2\console\Application.php(143): yii\console\Application->runAction('taskinfo/dealda...', Array)
#1 D:\company\sandtable\sourcecodes\yii2-advanced\vendor\yiisoft\yii2\base\Application.php(375): yii\console\Application->handleRequest(Object(yii\console\Request))
#2 D:\company\sandtable\sourcecodes\sand\web\yii(20): yii\base\Application->run()
#3 {main}
2018-03-07 02:16:37 [-][-][-][trace][yii\base\Application::bootstrap] Bootstrap with yii\log\Dispatcher
2018-03-07 02:16:39 [-][-][-][trace][yii\base\Controller::runAction] Route to run: help/index
2018-03-07 02:16:39 [-][-][-][trace][yii\base\InlineAction::runWithParams] Running action: yii\console\controllers\HelpController::actionIndex()
2018-03-07 02:16:39 [-][-][-][error][yii\base\InvalidParamException] yii\base\InvalidParamException: Invalid path alias: @gzhapi/commands in D:\company\sandtable\sourcecodes\yii2-advanced\vendor\yiisoft\yii2\BaseYii.php:152
Stack trace:
#0 D:\company\sandtable\sourcecodes\yii2-advanced\vendor\yiisoft\yii2\base\Module.php(237): yii\BaseYii::getAlias('@gzhapi/command...')
#1 D:\company\sandtable\sourcecodes\yii2-advanced\vendor\yiisoft\yii2\console\controllers\HelpController.php(148): yii\base\Module->getControllerPath()
#2 D:\company\sandtable\sourcecodes\yii2-advanced\vendor\yiisoft\yii2\console\controllers\HelpController.php(77): yii\console\controllers\HelpController->getModuleCommands(Object(yii\console\Application))
#3 D:\company\sandtable\sourcecodes\yii2-advanced\vendor\yiisoft\yii2\console\controllers\HelpController.php(89): yii\console\controllers\HelpController->getCommands()
#4 D:\company\sandtable\sourcecodes\yii2-advanced\vendor\yiisoft\yii2\console\controllers\HelpController.php(184): yii\console\controllers\HelpController->getCommandDescriptions()
#5 D:\company\sandtable\sourcecodes\yii2-advanced\vendor\yiisoft\yii2\console\controllers\HelpController.php(67): yii\console\controllers\HelpController->getDefaultHelp()
#6 [internal function]: yii\console\controllers\HelpController->actionIndex(NULL)
#7 D:\company\sandtable\sourcecodes\yii2-advanced\vendor\yiisoft\yii2\base\InlineAction.php(55): call_user_func_array(Array, Array)
#8 D:\company\sandtable\sourcecodes\yii2-advanced\vendor\yiisoft\yii2\base\Controller.php(154): yii\base\InlineAction->runWithParams(Array)
#9 D:\company\sandtable\sourcecodes\yii2-advanced\vendor\yiisoft\yii2\console\Controller.php(119): yii\base\Controller->runAction('', Array)
#10 D:\company\sandtable\sourcecodes\yii2-advanced\vendor\yiisoft\yii2\base\Module.php(454): yii\console\Controller->runAction('', Array)
#11 D:\company\sandtable\sourcecodes\yii2-advanced\vendor\yiisoft\yii2\console\Application.php(176): yii\base\Module->runAction('', Array)
#12 D:\company\sandtable\sourcecodes\yii2-advanced\vendor\yiisoft\yii2\console\Application.php(143): yii\console\Application->runAction('', Array)
#13 D:\company\sandtable\sourcecodes\yii2-advanced\vendor\yiisoft\yii2\base\Application.php(375): yii\console\Application->handleRequest(Object(yii\console\Request))
#14 D:\company\sandtable\sourcecodes\sand\web\yii(20): yii\base\Application->run()
#15 {main}
2018-03-07 02:17:42 [-][-][-][trace][yii\base\Application::bootstrap] Bootstrap with yii\log\Dispatcher
2018-03-07 02:17:42 [-][-][-][trace][yii\base\Controller::runAction] Route to run: help/index
2018-03-07 02:17:42 [-][-][-][trace][yii\base\InlineAction::runWithParams] Running action: yii\console\controllers\HelpController::actionIndex()
2018-03-07 02:17:42 [-][-][-][error][yii\base\InvalidParamException] yii\base\InvalidParamException: Invalid path alias: @sand/commands in D:\company\sandtable\sourcecodes\yii2-advanced\vendor\yiisoft\yii2\BaseYii.php:152
Stack trace:
#0 D:\company\sandtable\sourcecodes\yii2-advanced\vendor\yiisoft\yii2\base\Module.php(237): yii\BaseYii::getAlias('@sand/commands')
#1 D:\company\sandtable\sourcecodes\yii2-advanced\vendor\yiisoft\yii2\console\controllers\HelpController.php(148): yii\base\Module->getControllerPath()
#2 D:\company\sandtable\sourcecodes\yii2-advanced\vendor\yiisoft\yii2\console\controllers\HelpController.php(77): yii\console\controllers\HelpController->getModuleCommands(Object(yii\console\Application))
#3 D:\company\sandtable\sourcecodes\yii2-advanced\vendor\yiisoft\yii2\console\controllers\HelpController.php(89): yii\console\controllers\HelpController->getCommands()
#4 D:\company\sandtable\sourcecodes\yii2-advanced\vendor\yiisoft\yii2\console\controllers\HelpController.php(184): yii\console\controllers\HelpController->getCommandDescriptions()
#5 D:\company\sandtable\sourcecodes\yii2-advanced\vendor\yiisoft\yii2\console\controllers\HelpController.php(67): yii\console\controllers\HelpController->getDefaultHelp()
#6 [internal function]: yii\console\controllers\HelpController->actionIndex(NULL)
#7 D:\company\sandtable\sourcecodes\yii2-advanced\vendor\yiisoft\yii2\base\InlineAction.php(55): call_user_func_array(Array, Array)
#8 D:\company\sandtable\sourcecodes\yii2-advanced\vendor\yiisoft\yii2\base\Controller.php(154): yii\base\InlineAction->runWithParams(Array)
#9 D:\company\sandtable\sourcecodes\yii2-advanced\vendor\yiisoft\yii2\console\Controller.php(119): yii\base\Controller->runAction('', Array)
#10 D:\company\sandtable\sourcecodes\yii2-advanced\vendor\yiisoft\yii2\base\Module.php(454): yii\console\Controller->runAction('', Array)
#11 D:\company\sandtable\sourcecodes\yii2-advanced\vendor\yiisoft\yii2\console\Application.php(176): yii\base\Module->runAction('', Array)
#12 D:\company\sandtable\sourcecodes\yii2-advanced\vendor\yiisoft\yii2\console\Application.php(143): yii\console\Application->runAction('', Array)
#13 D:\company\sandtable\sourcecodes\yii2-advanced\vendor\yiisoft\yii2\base\Application.php(375): yii\console\Application->handleRequest(Object(yii\console\Request))
#14 D:\company\sandtable\sourcecodes\sand\web\yii(20): yii\base\Application->run()
#15 {main}
2018-03-07 02:17:48 [-][-][-][trace][yii\base\Application::bootstrap] Bootstrap with yii\log\Dispatcher
2018-03-07 02:17:48 [-][-][-][error][yii\console\Exception] yii\base\InvalidRouteException: Unable to resolve the request "taskinfo/dealdata". in D:\company\sandtable\sourcecodes\yii2-advanced\vendor\yiisoft\yii2\base\Module.php:460
Stack trace:
#0 D:\company\sandtable\sourcecodes\yii2-advanced\vendor\yiisoft\yii2\console\Application.php(176): yii\base\Module->runAction('taskinfo/dealda...', Array)
#1 D:\company\sandtable\sourcecodes\yii2-advanced\vendor\yiisoft\yii2\console\Application.php(143): yii\console\Application->runAction('taskinfo/dealda...', Array)
#2 D:\company\sandtable\sourcecodes\yii2-advanced\vendor\yiisoft\yii2\base\Application.php(375): yii\console\Application->handleRequest(Object(yii\console\Request))
#3 D:\company\sandtable\sourcecodes\sand\web\yii(20): yii\base\Application->run()
#4 {main}

Next yii\console\Exception: Unknown commands "taskinfo/dealdata". in D:\company\sandtable\sourcecodes\yii2-advanced\vendor\yiisoft\yii2\console\Application.php:179
Stack trace:
#0 D:\company\sandtable\sourcecodes\yii2-advanced\vendor\yiisoft\yii2\console\Application.php(143): yii\console\Application->runAction('taskinfo/dealda...', Array)
#1 D:\company\sandtable\sourcecodes\yii2-advanced\vendor\yiisoft\yii2\base\Application.php(375): yii\console\Application->handleRequest(Object(yii\console\Request))
#2 D:\company\sandtable\sourcecodes\sand\web\yii(20): yii\base\Application->run()
#3 {main}
2018-03-07 02:18:16 [-][-][-][trace][yii\base\Application::bootstrap] Bootstrap with yii\log\Dispatcher
2018-03-07 02:18:16 [-][-][-][error][yii\console\Exception] yii\base\InvalidRouteException: Unable to resolve the request "taskinfo/dealdata". in D:\company\sandtable\sourcecodes\yii2-advanced\vendor\yiisoft\yii2\base\Module.php:460
Stack trace:
#0 D:\company\sandtable\sourcecodes\yii2-advanced\vendor\yiisoft\yii2\console\Application.php(176): yii\base\Module->runAction('taskinfo/dealda...', Array)
#1 D:\company\sandtable\sourcecodes\yii2-advanced\vendor\yiisoft\yii2\console\Application.php(143): yii\console\Application->runAction('taskinfo/dealda...', Array)
#2 D:\company\sandtable\sourcecodes\yii2-advanced\vendor\yiisoft\yii2\base\Application.php(375): yii\console\Application->handleRequest(Object(yii\console\Request))
#3 D:\company\sandtable\sourcecodes\sand\web\yii(20): yii\base\Application->run()
#4 {main}

Next yii\console\Exception: Unknown commands "taskinfo/dealdata". in D:\company\sandtable\sourcecodes\yii2-advanced\vendor\yiisoft\yii2\console\Application.php:179
Stack trace:
#0 D:\company\sandtable\sourcecodes\yii2-advanced\vendor\yiisoft\yii2\console\Application.php(143): yii\console\Application->runAction('taskinfo/dealda...', Array)
#1 D:\company\sandtable\sourcecodes\yii2-advanced\vendor\yiisoft\yii2\base\Application.php(375): yii\console\Application->handleRequest(Object(yii\console\Request))
#2 D:\company\sandtable\sourcecodes\sand\web\yii(20): yii\base\Application->run()
#3 {main}
2018-03-07 02:41:59 [-][-][-][trace][yii\base\Application::bootstrap] Bootstrap with yii\log\Dispatcher
2018-03-07 02:41:59 [-][-][-][error][yii\console\Exception] yii\base\InvalidRouteException: Unable to resolve the request "taskinfo/index". in D:\company\sandtable\sourcecodes\yii2-advanced\vendor\yiisoft\yii2\base\Module.php:460
Stack trace:
#0 D:\company\sandtable\sourcecodes\yii2-advanced\vendor\yiisoft\yii2\console\Application.php(176): yii\base\Module->runAction('taskinfo/index', Array)
#1 D:\company\sandtable\sourcecodes\yii2-advanced\vendor\yiisoft\yii2\console\Application.php(143): yii\console\Application->runAction('taskinfo/index', Array)
#2 D:\company\sandtable\sourcecodes\yii2-advanced\vendor\yiisoft\yii2\base\Application.php(375): yii\console\Application->handleRequest(Object(yii\console\Request))
#3 D:\company\sandtable\sourcecodes\sand\web\yii(20): yii\base\Application->run()
#4 {main}

Next yii\console\Exception: Unknown commands "taskinfo/index". in D:\company\sandtable\sourcecodes\yii2-advanced\vendor\yiisoft\yii2\console\Application.php:179
Stack trace:
#0 D:\company\sandtable\sourcecodes\yii2-advanced\vendor\yiisoft\yii2\console\Application.php(143): yii\console\Application->runAction('taskinfo/index', Array)
#1 D:\company\sandtable\sourcecodes\yii2-advanced\vendor\yiisoft\yii2\base\Application.php(375): yii\console\Application->handleRequest(Object(yii\console\Request))
#2 D:\company\sandtable\sourcecodes\sand\web\yii(20): yii\base\Application->run()
#3 {main}
2018-03-07 02:43:04 [-][-][-][trace][yii\base\Application::bootstrap] Bootstrap with yii\log\Dispatcher
2018-03-07 02:43:04 [-][-][-][trace][yii\base\Controller::runAction] Route to run: help/index
2018-03-07 02:43:04 [-][-][-][trace][yii\base\InlineAction::runWithParams] Running action: yii\console\controllers\HelpController::actionIndex()
2018-03-07 02:43:04 [-][-][-][error][yii\base\InvalidParamException] yii\base\InvalidParamException: Invalid path alias: @sand/commands in D:\company\sandtable\sourcecodes\yii2-advanced\vendor\yiisoft\yii2\BaseYii.php:152
Stack trace:
#0 D:\company\sandtable\sourcecodes\yii2-advanced\vendor\yiisoft\yii2\base\Module.php(237): yii\BaseYii::getAlias('@sand/commands')
#1 D:\company\sandtable\sourcecodes\yii2-advanced\vendor\yiisoft\yii2\console\controllers\HelpController.php(148): yii\base\Module->getControllerPath()
#2 D:\company\sandtable\sourcecodes\yii2-advanced\vendor\yiisoft\yii2\console\controllers\HelpController.php(77): yii\console\controllers\HelpController->getModuleCommands(Object(yii\console\Application))
#3 D:\company\sandtable\sourcecodes\yii2-advanced\vendor\yiisoft\yii2\console\controllers\HelpController.php(89): yii\console\controllers\HelpController->getCommands()
#4 D:\company\sandtable\sourcecodes\yii2-advanced\vendor\yiisoft\yii2\console\controllers\HelpController.php(184): yii\console\controllers\HelpController->getCommandDescriptions()
#5 D:\company\sandtable\sourcecodes\yii2-advanced\vendor\yiisoft\yii2\console\controllers\HelpController.php(67): yii\console\controllers\HelpController->getDefaultHelp()
#6 [internal function]: yii\console\controllers\HelpController->actionIndex(NULL)
#7 D:\company\sandtable\sourcecodes\yii2-advanced\vendor\yiisoft\yii2\base\InlineAction.php(55): call_user_func_array(Array, Array)
#8 D:\company\sandtable\sourcecodes\yii2-advanced\vendor\yiisoft\yii2\base\Controller.php(154): yii\base\InlineAction->runWithParams(Array)
#9 D:\company\sandtable\sourcecodes\yii2-advanced\vendor\yiisoft\yii2\console\Controller.php(119): yii\base\Controller->runAction('', Array)
#10 D:\company\sandtable\sourcecodes\yii2-advanced\vendor\yiisoft\yii2\base\Module.php(454): yii\console\Controller->runAction('', Array)
#11 D:\company\sandtable\sourcecodes\yii2-advanced\vendor\yiisoft\yii2\console\Application.php(176): yii\base\Module->runAction('', Array)
#12 D:\company\sandtable\sourcecodes\yii2-advanced\vendor\yiisoft\yii2\console\Application.php(143): yii\console\Application->runAction('', Array)
#13 D:\company\sandtable\sourcecodes\yii2-advanced\vendor\yiisoft\yii2\base\Application.php(375): yii\console\Application->handleRequest(Object(yii\console\Request))
#14 D:\company\sandtable\sourcecodes\sand\web\yii(20): yii\base\Application->run()
#15 {main}
2018-03-07 02:43:49 [-][-][-][trace][yii\base\Application::bootstrap] Bootstrap with yii\log\Dispatcher
2018-03-07 02:43:49 [-][-][-][trace][yii\base\Controller::runAction] Route to run: help/index
2018-03-07 02:43:49 [-][-][-][trace][yii\base\InlineAction::runWithParams] Running action: yii\console\controllers\HelpController::actionIndex()
2018-03-07 02:43:49 [-][-][-][error][yii\base\UnknownClassException] yii\base\UnknownClassException: Unable to find 'sand\commands\TaskinfoController' in file: D:\company\sandtable\sourcecodes\sand/commands/TaskinfoController.php. Namespace missing? in D:\company\sandtable\sourcecodes\yii2-advanced\vendor\yiisoft\yii2\BaseYii.php:291
Stack trace:
#0 [internal function]: yii\BaseYii::autoload('sand\\commands\\T...')
#1 [internal function]: spl_autoload_call('sand\\commands\\T...')
#2 D:\company\sandtable\sourcecodes\yii2-advanced\vendor\yiisoft\yii2\console\controllers\HelpController.php(171): class_exists('sand\\commands\\T...')
#3 D:\company\sandtable\sourcecodes\yii2-advanced\vendor\yiisoft\yii2\console\controllers\HelpController.php(154): yii\console\controllers\HelpController->validateControllerClass('sand\\commands\\T...')
#4 D:\company\sandtable\sourcecodes\yii2-advanced\vendor\yiisoft\yii2\console\controllers\HelpController.php(77): yii\console\controllers\HelpController->getModuleCommands(Object(yii\console\Application))
#5 D:\company\sandtable\sourcecodes\yii2-advanced\vendor\yiisoft\yii2\console\controllers\HelpController.php(89): yii\console\controllers\HelpController->getCommands()
#6 D:\company\sandtable\sourcecodes\yii2-advanced\vendor\yiisoft\yii2\console\controllers\HelpController.php(184): yii\console\controllers\HelpController->getCommandDescriptions()
#7 D:\company\sandtable\sourcecodes\yii2-advanced\vendor\yiisoft\yii2\console\controllers\HelpController.php(67): yii\console\controllers\HelpController->getDefaultHelp()
#8 [internal function]: yii\console\controllers\HelpController->actionIndex(NULL)
#9 D:\company\sandtable\sourcecodes\yii2-advanced\vendor\yiisoft\yii2\base\InlineAction.php(55): call_user_func_array(Array, Array)
#10 D:\company\sandtable\sourcecodes\yii2-advanced\vendor\yiisoft\yii2\base\Controller.php(154): yii\base\InlineAction->runWithParams(Array)
#11 D:\company\sandtable\sourcecodes\yii2-advanced\vendor\yiisoft\yii2\console\Controller.php(119): yii\base\Controller->runAction('', Array)
#12 D:\company\sandtable\sourcecodes\yii2-advanced\vendor\yiisoft\yii2\base\Module.php(454): yii\console\Controller->runAction('', Array)
#13 D:\company\sandtable\sourcecodes\yii2-advanced\vendor\yiisoft\yii2\console\Application.php(176): yii\base\Module->runAction('', Array)
#14 D:\company\sandtable\sourcecodes\yii2-advanced\vendor\yiisoft\yii2\console\Application.php(143): yii\console\Application->runAction('', Array)
#15 D:\company\sandtable\sourcecodes\yii2-advanced\vendor\yiisoft\yii2\base\Application.php(375): yii\console\Application->handleRequest(Object(yii\console\Request))
#16 D:\company\sandtable\sourcecodes\sand\web\yii(20): yii\base\Application->run()
#17 {main}
2018-03-07 02:44:39 [-][-][-][trace][yii\base\Application::bootstrap] Bootstrap with yii\log\Dispatcher
2018-03-07 02:44:39 [-][-][-][trace][yii\base\Controller::runAction] Route to run: help/index
2018-03-07 02:44:39 [-][-][-][trace][yii\base\InlineAction::runWithParams] Running action: yii\console\controllers\HelpController::actionIndex()
2018-03-07 02:44:39 [-][-][-][error][yii\base\UnknownClassException] yii\base\UnknownClassException: Unable to find 'sand\commands\TaskinfoController' in file: D:\company\sandtable\sourcecodes\sand/commands/TaskinfoController.php. Namespace missing? in D:\company\sandtable\sourcecodes\yii2-advanced\vendor\yiisoft\yii2\BaseYii.php:291
Stack trace:
#0 [internal function]: yii\BaseYii::autoload('sand\\commands\\T...')
#1 [internal function]: spl_autoload_call('sand\\commands\\T...')
#2 D:\company\sandtable\sourcecodes\yii2-advanced\vendor\yiisoft\yii2\console\controllers\HelpController.php(171): class_exists('sand\\commands\\T...')
#3 D:\company\sandtable\sourcecodes\yii2-advanced\vendor\yiisoft\yii2\console\controllers\HelpController.php(154): yii\console\controllers\HelpController->validateControllerClass('sand\\commands\\T...')
#4 D:\company\sandtable\sourcecodes\yii2-advanced\vendor\yiisoft\yii2\console\controllers\HelpController.php(77): yii\console\controllers\HelpController->getModuleCommands(Object(yii\console\Application))
#5 D:\company\sandtable\sourcecodes\yii2-advanced\vendor\yiisoft\yii2\console\controllers\HelpController.php(89): yii\console\controllers\HelpController->getCommands()
#6 D:\company\sandtable\sourcecodes\yii2-advanced\vendor\yiisoft\yii2\console\controllers\HelpController.php(184): yii\console\controllers\HelpController->getCommandDescriptions()
#7 D:\company\sandtable\sourcecodes\yii2-advanced\vendor\yiisoft\yii2\console\controllers\HelpController.php(67): yii\console\controllers\HelpController->getDefaultHelp()
#8 [internal function]: yii\console\controllers\HelpController->actionIndex(NULL)
#9 D:\company\sandtable\sourcecodes\yii2-advanced\vendor\yiisoft\yii2\base\InlineAction.php(55): call_user_func_array(Array, Array)
#10 D:\company\sandtable\sourcecodes\yii2-advanced\vendor\yiisoft\yii2\base\Controller.php(154): yii\base\InlineAction->runWithParams(Array)
#11 D:\company\sandtable\sourcecodes\yii2-advanced\vendor\yiisoft\yii2\console\Controller.php(119): yii\base\Controller->runAction('', Array)
#12 D:\company\sandtable\sourcecodes\yii2-advanced\vendor\yiisoft\yii2\base\Module.php(454): yii\console\Controller->runAction('', Array)
#13 D:\company\sandtable\sourcecodes\yii2-advanced\vendor\yiisoft\yii2\console\Application.php(176): yii\base\Module->runAction('', Array)
#14 D:\company\sandtable\sourcecodes\yii2-advanced\vendor\yiisoft\yii2\console\Application.php(143): yii\console\Application->runAction('', Array)
#15 D:\company\sandtable\sourcecodes\yii2-advanced\vendor\yiisoft\yii2\base\Application.php(375): yii\console\Application->handleRequest(Object(yii\console\Request))
#16 D:\company\sandtable\sourcecodes\sand\web\yii(20): yii\base\Application->run()
#17 {main}
2018-03-07 02:51:55 [-][-][-][trace][yii\base\Application::bootstrap] Bootstrap with yii\log\Dispatcher
2018-03-07 02:51:55 [-][-][-][trace][yii\base\Controller::runAction] Route to run: help/index
2018-03-07 02:51:55 [-][-][-][trace][yii\base\InlineAction::runWithParams] Running action: yii\console\controllers\HelpController::actionIndex()
2018-03-07 02:52:09 [-][-][-][trace][yii\base\Application::bootstrap] Bootstrap with yii\log\Dispatcher
2018-03-07 02:52:09 [-][-][-][trace][yii\base\Controller::runAction] Route to run: task/index
2018-03-07 02:52:09 [-][-][-][trace][yii\base\InlineAction::runWithParams] Running action: app\commands\TaskController::actionIndex()
2018-03-07 03:36:42 [-][-][-][trace][yii\base\Application::bootstrap] Bootstrap with yii\log\Dispatcher
2018-03-07 03:36:42 [-][-][-][trace][yii\base\Controller::runAction] Route to run: task/index
2018-03-07 03:36:42 [-][-][-][trace][yii\base\InlineAction::runWithParams] Running action: app\commands\TaskController::actionIndex()
2018-03-07 03:36:42 [-][-][-][info][yii\db\Connection::open] Opening DB connection: mysql:host=127.0.0.1;port=3306;dbname=sand
    in D:\company\sandtable\sourcecodes\sand\commands\TaskController.php:19
2018-03-07 03:36:42 [-][-][-][info][yii\db\Command::query] select * from  task_info  where (status=0 or status=3) and id='12' order by id ASC
    in D:\company\sandtable\sourcecodes\sand\commands\TaskController.php:19
2018-03-07 03:36:42 [-][-][-][error][Error] Error: Call to undefined function app\commands\getUuid() in D:\company\sandtable\sourcecodes\sand\commands\TaskController.php:29
Stack trace:
#0 [internal function]: app\commands\TaskController->actionIndex('12')
#1 D:\company\sandtable\sourcecodes\yii2-advanced\vendor\yiisoft\yii2\base\InlineAction.php(55): call_user_func_array(Array, Array)
#2 D:\company\sandtable\sourcecodes\yii2-advanced\vendor\yiisoft\yii2\base\Controller.php(154): yii\base\InlineAction->runWithParams(Array)
#3 D:\company\sandtable\sourcecodes\yii2-advanced\vendor\yiisoft\yii2\console\Controller.php(119): yii\base\Controller->runAction('index', Array)
#4 D:\company\sandtable\sourcecodes\yii2-advanced\vendor\yiisoft\yii2\base\Module.php(454): yii\console\Controller->runAction('index', Array)
#5 D:\company\sandtable\sourcecodes\yii2-advanced\vendor\yiisoft\yii2\console\Application.php(176): yii\base\Module->runAction('task/index', Array)
#6 D:\company\sandtable\sourcecodes\yii2-advanced\vendor\yiisoft\yii2\console\Application.php(143): yii\console\Application->runAction('task/index', Array)
#7 D:\company\sandtable\sourcecodes\yii2-advanced\vendor\yiisoft\yii2\base\Application.php(375): yii\console\Application->handleRequest(Object(yii\console\Request))
#8 D:\company\sandtable\sourcecodes\sand\web\yii(20): yii\base\Application->run()
#9 {main}
2018-03-07 03:37:26 [-][-][-][trace][yii\base\Application::bootstrap] Bootstrap with yii\log\Dispatcher
2018-03-07 03:37:26 [-][-][-][trace][yii\base\Controller::runAction] Route to run: task/index
2018-03-07 03:37:26 [-][-][-][trace][yii\base\InlineAction::runWithParams] Running action: app\commands\TaskController::actionIndex()
2018-03-07 04:37:39 [-][-][-][trace][yii\base\Application::bootstrap] Bootstrap with yii\log\Dispatcher
2018-03-07 04:37:39 [-][-][-][trace][yii\base\Controller::runAction] Route to run: task/index
2018-03-07 04:37:39 [-][-][-][trace][yii\base\InlineAction::runWithParams] Running action: app\commands\TaskController::actionIndex()
2018-03-07 04:37:39 [-][-][-][info][yii\db\Connection::open] Opening DB connection: mysql:host=127.0.0.1;port=3306;dbname=sand
    in D:\company\sandtable\sourcecodes\sand\commands\TaskController.php:21
2018-03-07 04:37:39 [-][-][-][info][yii\db\Command::query] select * from  task_info  where status=0  and id='12' order by id ASC
    in D:\company\sandtable\sourcecodes\sand\commands\TaskController.php:21
2018-03-07 04:38:49 [-][-][-][trace][yii\base\Application::bootstrap] Bootstrap with yii\log\Dispatcher
2018-03-07 04:38:49 [-][-][-][trace][yii\base\Controller::runAction] Route to run: task/index
2018-03-07 04:38:49 [-][-][-][trace][yii\base\InlineAction::runWithParams] Running action: app\commands\TaskController::actionIndex()
2018-03-07 04:38:49 [-][-][-][info][yii\db\Connection::open] Opening DB connection: mysql:host=127.0.0.1;port=3306;dbname=sand
    in D:\company\sandtable\sourcecodes\sand\commands\TaskController.php:21
2018-03-07 04:38:49 [-][-][-][info][yii\db\Command::query] select * from  task_info  where status=0  and id='12' order by id ASC
    in D:\company\sandtable\sourcecodes\sand\commands\TaskController.php:21
2018-03-07 04:38:49 [-][-][-][error][Error] Error: Call to undefined function app\commands\getUuid() in D:\company\sandtable\sourcecodes\sand\commands\TaskController.php:31
Stack trace:
#0 [internal function]: app\commands\TaskController->actionIndex('12')
#1 D:\company\sandtable\sourcecodes\yii2-advanced\vendor\yiisoft\yii2\base\InlineAction.php(55): call_user_func_array(Array, Array)
#2 D:\company\sandtable\sourcecodes\yii2-advanced\vendor\yiisoft\yii2\base\Controller.php(154): yii\base\InlineAction->runWithParams(Array)
#3 D:\company\sandtable\sourcecodes\yii2-advanced\vendor\yiisoft\yii2\console\Controller.php(119): yii\base\Controller->runAction('index', Array)
#4 D:\company\sandtable\sourcecodes\yii2-advanced\vendor\yiisoft\yii2\base\Module.php(454): yii\console\Controller->runAction('index', Array)
#5 D:\company\sandtable\sourcecodes\yii2-advanced\vendor\yiisoft\yii2\console\Application.php(176): yii\base\Module->runAction('task/index', Array)
#6 D:\company\sandtable\sourcecodes\yii2-advanced\vendor\yiisoft\yii2\console\Application.php(143): yii\console\Application->runAction('task/index', Array)
#7 D:\company\sandtable\sourcecodes\yii2-advanced\vendor\yiisoft\yii2\base\Application.php(375): yii\console\Application->handleRequest(Object(yii\console\Request))
#8 D:\company\sandtable\sourcecodes\sand\web\yii(20): yii\base\Application->run()
#9 {main}
2018-03-07 04:40:15 [-][-][-][trace][yii\base\Application::bootstrap] Bootstrap with yii\log\Dispatcher
2018-03-07 04:40:15 [-][-][-][trace][yii\base\Controller::runAction] Route to run: task/index
2018-03-07 04:40:15 [-][-][-][trace][yii\base\InlineAction::runWithParams] Running action: app\commands\TaskController::actionIndex()
2018-03-07 04:40:15 [-][-][-][info][yii\db\Connection::open] Opening DB connection: mysql:host=127.0.0.1;port=3306;dbname=sand
    in D:\company\sandtable\sourcecodes\sand\commands\TaskController.php:21
2018-03-07 04:40:15 [-][-][-][info][yii\db\Command::query] select * from  task_info  where status=0  and id='12' order by id ASC
    in D:\company\sandtable\sourcecodes\sand\commands\TaskController.php:21
2018-03-07 04:40:15 [-][-][-][info][yii\db\Command::query] SHOW FULL COLUMNS FROM `task_info`
    in D:\company\sandtable\sourcecodes\sand\commands\TaskController.php:39
2018-03-07 04:40:15 [-][-][-][info][yii\db\Command::query] SELECT
    kcu.constraint_name,
    kcu.column_name,
    kcu.referenced_table_name,
    kcu.referenced_column_name
FROM information_schema.referential_constraints AS rc
JOIN information_schema.key_column_usage AS kcu ON
    (
        kcu.constraint_catalog = rc.constraint_catalog OR
        (kcu.constraint_catalog IS NULL AND rc.constraint_catalog IS NULL)
    ) AND
    kcu.constraint_schema = rc.constraint_schema AND
    kcu.constraint_name = rc.constraint_name
WHERE rc.constraint_schema = database() AND kcu.table_schema = database()
AND rc.table_name = 'task_info' AND kcu.table_name = 'task_info'
    in D:\company\sandtable\sourcecodes\sand\commands\TaskController.php:39
2018-03-07 04:40:15 [-][-][-][info][yii\db\Command::execute] UPDATE `task_info` SET `status`=2 WHERE id=12
    in D:\company\sandtable\sourcecodes\sand\commands\TaskController.php:39
2018-03-07 04:41:10 [-][-][-][trace][yii\base\Application::bootstrap] Bootstrap with yii\log\Dispatcher
2018-03-07 04:41:10 [-][-][-][trace][yii\base\Controller::runAction] Route to run: task/index
2018-03-07 04:41:10 [-][-][-][trace][yii\base\InlineAction::runWithParams] Running action: app\commands\TaskController::actionIndex()
2018-03-07 04:41:10 [-][-][-][info][yii\db\Connection::open] Opening DB connection: mysql:host=127.0.0.1;port=3306;dbname=sand
    in D:\company\sandtable\sourcecodes\sand\commands\TaskController.php:21
2018-03-07 04:41:10 [-][-][-][info][yii\db\Command::query] select * from  task_info  where status=0  and id='12' order by id ASC
    in D:\company\sandtable\sourcecodes\sand\commands\TaskController.php:21
2018-03-07 04:41:10 [-][-][-][info][yii\db\Command::query] SHOW FULL COLUMNS FROM `task_info`
    in D:\company\sandtable\sourcecodes\sand\commands\TaskController.php:39
2018-03-07 04:41:11 [-][-][-][info][yii\db\Command::query] SELECT
    kcu.constraint_name,
    kcu.column_name,
    kcu.referenced_table_name,
    kcu.referenced_column_name
FROM information_schema.referential_constraints AS rc
JOIN information_schema.key_column_usage AS kcu ON
    (
        kcu.constraint_catalog = rc.constraint_catalog OR
        (kcu.constraint_catalog IS NULL AND rc.constraint_catalog IS NULL)
    ) AND
    kcu.constraint_schema = rc.constraint_schema AND
    kcu.constraint_name = rc.constraint_name
WHERE rc.constraint_schema = database() AND kcu.table_schema = database()
AND rc.table_name = 'task_info' AND kcu.table_name = 'task_info'
    in D:\company\sandtable\sourcecodes\sand\commands\TaskController.php:39
2018-03-07 04:41:11 [-][-][-][info][yii\db\Command::execute] UPDATE `task_info` SET `status`=2 WHERE id=12
    in D:\company\sandtable\sourcecodes\sand\commands\TaskController.php:39
2018-03-07 04:42:08 [-][-][-][trace][yii\base\Application::bootstrap] Bootstrap with yii\log\Dispatcher
2018-03-07 04:42:08 [-][-][-][trace][yii\base\Controller::runAction] Route to run: task/index
2018-03-07 04:42:08 [-][-][-][trace][yii\base\InlineAction::runWithParams] Running action: app\commands\TaskController::actionIndex()
2018-03-07 04:42:08 [-][-][-][info][yii\db\Connection::open] Opening DB connection: mysql:host=127.0.0.1;port=3306;dbname=sand
    in D:\company\sandtable\sourcecodes\sand\commands\TaskController.php:21
2018-03-07 04:42:08 [-][-][-][info][yii\db\Command::query] select * from  task_info  where status=0  and id='12' order by id ASC
    in D:\company\sandtable\sourcecodes\sand\commands\TaskController.php:21
2018-03-07 04:42:51 [-][-][-][trace][yii\base\Application::bootstrap] Bootstrap with yii\log\Dispatcher
2018-03-07 04:42:51 [-][-][-][trace][yii\base\Controller::runAction] Route to run: task/index
2018-03-07 04:42:51 [-][-][-][trace][yii\base\InlineAction::runWithParams] Running action: app\commands\TaskController::actionIndex()
2018-03-07 04:42:51 [-][-][-][info][yii\db\Connection::open] Opening DB connection: mysql:host=127.0.0.1;port=3306;dbname=sand
    in D:\company\sandtable\sourcecodes\sand\commands\TaskController.php:21
2018-03-07 04:42:51 [-][-][-][info][yii\db\Command::query] select * from  task_info  where status=0  and id='12' order by id ASC
    in D:\company\sandtable\sourcecodes\sand\commands\TaskController.php:21
2018-03-07 04:43:26 [-][-][-][trace][yii\base\Application::bootstrap] Bootstrap with yii\log\Dispatcher
2018-03-07 04:43:26 [-][-][-][trace][yii\base\Controller::runAction] Route to run: task/index
2018-03-07 04:43:26 [-][-][-][trace][yii\base\InlineAction::runWithParams] Running action: app\commands\TaskController::actionIndex()
2018-03-07 04:43:26 [-][-][-][info][yii\db\Connection::open] Opening DB connection: mysql:host=127.0.0.1;port=3306;dbname=sand
    in D:\company\sandtable\sourcecodes\sand\commands\TaskController.php:21
2018-03-07 04:43:26 [-][-][-][info][yii\db\Command::query] select * from  task_info  where status=0  and id='12' order by id ASC
    in D:\company\sandtable\sourcecodes\sand\commands\TaskController.php:21
2018-03-07 04:43:37 [-][-][-][trace][yii\base\Application::bootstrap] Bootstrap with yii\log\Dispatcher
2018-03-07 04:43:37 [-][-][-][trace][yii\base\Controller::runAction] Route to run: task/index
2018-03-07 04:43:37 [-][-][-][trace][yii\base\InlineAction::runWithParams] Running action: app\commands\TaskController::actionIndex()
2018-03-07 04:43:37 [-][-][-][info][yii\db\Connection::open] Opening DB connection: mysql:host=127.0.0.1;port=3306;dbname=sand
    in D:\company\sandtable\sourcecodes\sand\commands\TaskController.php:21
2018-03-07 04:43:37 [-][-][-][info][yii\db\Command::query] select * from  task_info  where status=0  and id='12' order by id ASC
    in D:\company\sandtable\sourcecodes\sand\commands\TaskController.php:21
2018-03-07 04:43:50 [-][-][-][trace][yii\base\Application::bootstrap] Bootstrap with yii\log\Dispatcher
2018-03-07 04:43:50 [-][-][-][trace][yii\base\Controller::runAction] Route to run: task/index
2018-03-07 04:43:50 [-][-][-][trace][yii\base\InlineAction::runWithParams] Running action: app\commands\TaskController::actionIndex()
2018-03-07 04:43:50 [-][-][-][info][yii\db\Connection::open] Opening DB connection: mysql:host=127.0.0.1;port=3306;dbname=sand
    in D:\company\sandtable\sourcecodes\sand\commands\TaskController.php:21
2018-03-07 04:43:50 [-][-][-][info][yii\db\Command::query] select * from  task_info  where status=0  and id='12' order by id ASC
    in D:\company\sandtable\sourcecodes\sand\commands\TaskController.php:21
2018-03-07 04:43:59 [-][-][-][trace][yii\base\Application::bootstrap] Bootstrap with yii\log\Dispatcher
2018-03-07 04:43:59 [-][-][-][trace][yii\base\Controller::runAction] Route to run: task/index
2018-03-07 04:43:59 [-][-][-][trace][yii\base\InlineAction::runWithParams] Running action: app\commands\TaskController::actionIndex()
2018-03-07 04:43:59 [-][-][-][info][yii\db\Connection::open] Opening DB connection: mysql:host=127.0.0.1;port=3306;dbname=sand
    in D:\company\sandtable\sourcecodes\sand\commands\TaskController.php:21
2018-03-07 04:43:59 [-][-][-][info][yii\db\Command::query] select * from  task_info  where status=0  and id='12' order by id ASC
    in D:\company\sandtable\sourcecodes\sand\commands\TaskController.php:21
2018-03-07 04:44:08 [-][-][-][trace][yii\base\Application::bootstrap] Bootstrap with yii\log\Dispatcher
2018-03-07 04:44:08 [-][-][-][trace][yii\base\Controller::runAction] Route to run: task/index
2018-03-07 04:44:08 [-][-][-][trace][yii\base\InlineAction::runWithParams] Running action: app\commands\TaskController::actionIndex()
2018-03-07 04:44:08 [-][-][-][info][yii\db\Connection::open] Opening DB connection: mysql:host=127.0.0.1;port=3306;dbname=sand
    in D:\company\sandtable\sourcecodes\sand\commands\TaskController.php:21
2018-03-07 04:44:08 [-][-][-][info][yii\db\Command::query] select * from  task_info  where status=0  and id='12' order by id ASC
    in D:\company\sandtable\sourcecodes\sand\commands\TaskController.php:21
2018-03-07 04:45:10 [-][-][-][trace][yii\base\Application::bootstrap] Bootstrap with yii\log\Dispatcher
2018-03-07 04:45:10 [-][-][-][trace][yii\base\Controller::runAction] Route to run: task/index
2018-03-07 04:45:10 [-][-][-][trace][yii\base\InlineAction::runWithParams] Running action: app\commands\TaskController::actionIndex()
2018-03-07 04:45:10 [-][-][-][info][yii\db\Connection::open] Opening DB connection: mysql:host=127.0.0.1;port=3306;dbname=sand
    in D:\company\sandtable\sourcecodes\sand\commands\TaskController.php:21
2018-03-07 04:45:10 [-][-][-][info][yii\db\Command::query] select * from  task_info  where status=0  and id='12' order by id ASC
    in D:\company\sandtable\sourcecodes\sand\commands\TaskController.php:21
2018-03-07 04:45:45 [-][-][-][trace][yii\base\Application::bootstrap] Bootstrap with yii\log\Dispatcher
2018-03-07 04:45:45 [-][-][-][trace][yii\base\Controller::runAction] Route to run: task/index
2018-03-07 04:45:45 [-][-][-][trace][yii\base\InlineAction::runWithParams] Running action: app\commands\TaskController::actionIndex()
2018-03-07 04:45:45 [-][-][-][info][yii\db\Connection::open] Opening DB connection: mysql:host=127.0.0.1;port=3306;dbname=sand
    in D:\company\sandtable\sourcecodes\sand\commands\TaskController.php:21
2018-03-07 04:45:45 [-][-][-][info][yii\db\Command::query] select * from  task_info  where status=0  and id='12' order by id ASC
    in D:\company\sandtable\sourcecodes\sand\commands\TaskController.php:21
2018-03-07 04:45:57 [-][-][-][trace][yii\base\Application::bootstrap] Bootstrap with yii\log\Dispatcher
2018-03-07 04:45:57 [-][-][-][trace][yii\base\Controller::runAction] Route to run: task/index
2018-03-07 04:45:57 [-][-][-][trace][yii\base\InlineAction::runWithParams] Running action: app\commands\TaskController::actionIndex()
2018-03-07 04:45:57 [-][-][-][info][yii\db\Connection::open] Opening DB connection: mysql:host=127.0.0.1;port=3306;dbname=sand
    in D:\company\sandtable\sourcecodes\sand\commands\TaskController.php:21
2018-03-07 04:45:57 [-][-][-][info][yii\db\Command::query] select * from  task_info  where status=0  and id='12' order by id ASC
    in D:\company\sandtable\sourcecodes\sand\commands\TaskController.php:21
2018-03-07 04:45:57 [-][-][-][trace][yii\db\Transaction::begin] Begin transaction
    in D:\company\sandtable\sourcecodes\sand\commands\TaskController.php:42
2018-03-07 04:45:57 [-][-][-][info][yii\db\Command::query] SHOW FULL COLUMNS FROM `merchants`
    in D:\company\sandtable\sourcecodes\sand\commands\TaskController.php:54
2018-03-07 04:45:57 [-][-][-][info][yii\db\Command::query] SELECT
    kcu.constraint_name,
    kcu.column_name,
    kcu.referenced_table_name,
    kcu.referenced_column_name
FROM information_schema.referential_constraints AS rc
JOIN information_schema.key_column_usage AS kcu ON
    (
        kcu.constraint_catalog = rc.constraint_catalog OR
        (kcu.constraint_catalog IS NULL AND rc.constraint_catalog IS NULL)
    ) AND
    kcu.constraint_schema = rc.constraint_schema AND
    kcu.constraint_name = rc.constraint_name
WHERE rc.constraint_schema = database() AND kcu.table_schema = database()
AND rc.table_name = 'merchants' AND kcu.table_name = 'merchants'
    in D:\company\sandtable\sourcecodes\sand\commands\TaskController.php:54
2018-03-07 04:45:57 [-][-][-][info][yii\db\Command::execute] INSERT INTO `merchants` (`merchant_name`, `merchant_code`, `id`, `short_name`, `contact_person`, `contact_phone`, `city`, `area`, `address`, `lat`, `lon`) VALUES ('山东梧桐树', 'code001', 1, '一家做网站的公司', '小明', '18615632851', '济南', '历城区', '解放东路黄金时代广场9999号', '36.66158', '117.11289')
    in D:\company\sandtable\sourcecodes\sand\commands\TaskController.php:66
2018-03-07 04:45:58 [-][-][-][info][yii\db\Command::execute] INSERT INTO `merchants` (`merchant_name`, `merchant_code`, `id`, `short_name`, `contact_person`, `contact_phone`, `city`, `area`, `address`, `lat`, `lon`) VALUES ('浪潮', 'code002', 2, '一家高大上但是加班的公司', '小红', '110', '济南', '历下区', '经十路', '36.64931', '117.05879')
    in D:\company\sandtable\sourcecodes\sand\commands\TaskController.php:66
2018-03-07 04:45:58 [-][-][-][error][Error] Error: Call to undefined function app\commands\createFolder() in D:\company\sandtable\sourcecodes\sand\commands\TaskController.php:117
Stack trace:
#0 [internal function]: app\commands\TaskController->actionIndex('12')
#1 D:\company\sandtable\sourcecodes\yii2-advanced\vendor\yiisoft\yii2\base\InlineAction.php(55): call_user_func_array(Array, Array)
#2 D:\company\sandtable\sourcecodes\yii2-advanced\vendor\yiisoft\yii2\base\Controller.php(154): yii\base\InlineAction->runWithParams(Array)
#3 D:\company\sandtable\sourcecodes\yii2-advanced\vendor\yiisoft\yii2\console\Controller.php(119): yii\base\Controller->runAction('index', Array)
#4 D:\company\sandtable\sourcecodes\yii2-advanced\vendor\yiisoft\yii2\base\Module.php(454): yii\console\Controller->runAction('index', Array)
#5 D:\company\sandtable\sourcecodes\yii2-advanced\vendor\yiisoft\yii2\console\Application.php(176): yii\base\Module->runAction('task/index', Array)
#6 D:\company\sandtable\sourcecodes\yii2-advanced\vendor\yiisoft\yii2\console\Application.php(143): yii\console\Application->runAction('task/index', Array)
#7 D:\company\sandtable\sourcecodes\yii2-advanced\vendor\yiisoft\yii2\base\Application.php(375): yii\console\Application->handleRequest(Object(yii\console\Request))
#8 D:\company\sandtable\sourcecodes\sand\web\yii(20): yii\base\Application->run()
#9 {main}
2018-03-14 01:51:50 [-][-][-][trace][yii\base\Application::bootstrap] Bootstrap with yii\log\Dispatcher
2018-03-14 01:51:50 [-][-][-][trace][yii\base\Controller::runAction] Route to run: task/test
2018-03-14 01:51:50 [-][-][-][trace][yii\base\InlineAction::runWithParams] Running action: app\commands\TaskController::actionTest()
